(1921573658, kotleni) шлюха -> /logs null
(1921573658, kotleni) шлюха -> null
(777000, null)  -> Интересно, а меня уволят если узнают?
New user added: user29727 by 777000
(777000, null) user29727 -> /nick СемпайБлог
(1921573658, kotleni) шлюха -> Лол)
(777000, null) СемпайБлог -> null
(1921573658, kotleni) шлюха -> Текст отпадает, не прикольно
(1921573658, kotleni) шлюха -> Это получается, я могу и тут писать?
(759527901, vladjelika)  -> Скажи что света не было лол :3
New user added: vladjelika by 759527901
(1921573658, kotleni) шлюха -> Неделю?)
(1921573658, kotleni) шлюха -> Не прикольно
(759527901, vladjelika) vladjelika -> Аазпзахп
(1921573658, kotleni) шлюха -> null
(1921573658, kotleni) шлюха -> null
(1921573658, kotleni) шлюха -> А?
(5048008619, null) carine -> /help null
(5048008619, null) carine -> /banan null
(5048008619, null) carine -> null
(1921573658, kotleni) шлюха -> /start null
(1921573658, kotleni) шлюха -> /start null
(1921573658, kotleni) шлюха -> /start null
(1921573658, kotleni) шлюха -> О
(1921573658, kotleni) шлюха -> /help null
(1921573658, kotleni) шлюха -> /debug null
(1921573658, kotleni) шлюха -> /sources null
(1921573658, kotleni) шлюха -> /logs null
(1921573658, kotleni) шлюха -> /dump null
(1916884035, FotikHi) Memhik -> Ку
(1916884035, FotikHi) Memhik -> А в чём прикол?
(1916884035, FotikHi) Memhik -> null
(1916884035, FotikHi) Memhik -> ?
(2019031307, null) [Оповещение] -> /start null
(2019031307, null) [Оповещение] -> Прувет
(2019031307, null) [Оповещение] -> /me null
(1916884035, FotikHi) Memhik -> Re
(1916884035, FotikHi) Memhik -> /me null
(1916884035, FotikHi) Memhik -> /list null
(1916884035, FotikHi) Memhik -> /help null
(1916884035, FotikHi) Memhik -> /banan null
(1916884035, FotikHi) Memhik -> /banan null
(1916884035, FotikHi) Memhik -> Мммм
(1916884035, FotikHi) Memhik -> /rate null
(1916884035, FotikHi) Memhik -> /banan null
(1916884035, FotikHi) Memhik -> Мммм
(1916884035, FotikHi) Memhik -> /ban @kotleni
(1916884035, FotikHi) Memhik -> /ban Шлюха
(1916884035, FotikHi) Memhik -> /ban шлюха
(1916884035, FotikHi) Memhik -> Ахахаха
(1916884035, FotikHi) Memhik -> Блять1 сорри
(1916884035, FotikHi) Memhik -> Щас
(1916884035, FotikHi) Memhik -> Бля
(1916884035, FotikHi) Memhik -> А как обратно
(1916884035, FotikHi) Memhik -> Я случайно, думал оно не работает
(1916884035, FotikHi) Memhik -> /ban шлюха
(1916884035, FotikHi) Memhik -> /banan шлюха
(1916884035, FotikHi) Memhik -> Бляяять1
(1916884035, FotikHi) Memhik -> Сука
(1916884035, FotikHi) Memhik -> Я хз чё делать надо
(1916884035, FotikHi) Memhik -> /save null
(1916884035, FotikHi) Memhik -> /pardon шлюха
(1916884035, FotikHi) Memhik -> Оооооо
(1916884035, FotikHi) Memhik -> Всё я гений
(1916884035, FotikHi) Memhik -> /pardon [оповещение]
(1916884035, FotikHi) Memhik -> /pardon [Оповещение]
(759527901, vladjelika) vladjelika -> АХАХАХАХАХА ТЫ СЕМПАЯ ЗАБЛОЧИЛ В ЕГО ЖЕ БОТЕ
(1916884035, FotikHi) Memhik -> А
(1916884035, FotikHi) Memhik -> Да
(1916884035, FotikHi) Memhik -> Хакер ёпта
(1916884035, FotikHi) Memhik -> И разблокал
(1916884035, FotikHi) Memhik -> Просто начал смотреть команды которые он кидал
(1916884035, FotikHi) Memhik -> И вот так
(2019031307, null) [Оповещение] -> /nick No Name
(1916884035, FotikHi) Memhik -> А
(1916884035, FotikHi) Memhik -> Хаха
(1916884035, FotikHi) Memhik -> Бля я села случайно разблокал
(1916884035, FotikHi) Memhik -> Ща
(1916884035, FotikHi) Memhik -> /ban No Name
(1916884035, FotikHi) Memhik -> /dump null
(1916884035, FotikHi) Memhik -> Ебать чё я нашёл
(1916884035, FotikHi) Memhik -> Но не скажу
(1916884035, FotikHi) Memhik -> Крч я ваши айди вычислил
(1916884035, FotikHi) Memhik -> /rate null
(1916884035, FotikHi) Memhik -> /sources null
(1916884035, FotikHi) Memhik -> Ахахахахахах
(1916884035, FotikHi) Memhik -> Ебать1
(1916884035, FotikHi) Memhik -> /broadcast null
(1916884035, FotikHi) Memhik -> /broadcast null
(1916884035, FotikHi) Memhik -> /broadcast БАН МЕМЧИКУ
(1916884035, FotikHi) Memhik -> /own null
(1916884035, FotikHi) Memhik -> /own No Name
(1916884035, FotikHi) Memhik -> Блять1
(1916884035, FotikHi) Memhik -> Ахахах
(1916884035, FotikHi) Memhik -> /own Memhik
(1916884035, FotikHi) Memhik -> Бля а как это убрать
(1916884035, FotikHi) Memhik -> /own Memhik
(1916884035, FotikHi) Memhik -> Сука
(1916884035, FotikHi) Memhik -> Не ну это бан
(1916884035, FotikHi) Memhik -> /logs null
(1916884035, FotikHi) Memhik -> /debug null
(1916884035, FotikHi) Memhik -> /save null
(556629446, abcdefghijkmnopqrsqurt)  -> /start null
(556629446, abcdefghijkmnopqrsqurt)  -> Оаовлвлвщ
New user added: abcdefghijkmnopqrsqurt by 556629446
(556629446, abcdefghijkmnopqrsqurt) abcdefghijkmnopqrsqurt -> /own @FotikHi
(556629446, abcdefghijkmnopqrsqurt) abcdefghijkmnopqrsqurt -> /own FotikHi
(992133963, CocKoSicK)  -> /start null
(556629446, abcdefghijkmnopqrsqurt) abcdefghijkmnopqrsqurt -> /own CocKoSicK
(992133963, CocKoSicK)  -> Хаай
New user added: CocKoSicK by 992133963
(556629446, abcdefghijkmnopqrsqurt) abcdefghijkmnopqrsqurt -> /own CocKoSicK
(556629446, abcdefghijkmnopqrsqurt) abcdefghijkmnopqrsqurt -> /me null
(556629446, abcdefghijkmnopqrsqurt) abcdefghijkmnopqrsqurt -> /broadcast Простите но данный бот был частично взломан владельцем канала https://t.me/joinchat/saFFx6tK8W1jOGMy прошу не держите на меня зла, я в каком-то плане помог админу тем что нашёл за него уязвимости. Прошу понять
(2014045010, kycb_r) Неко-нацист -> гений
(1916884035, FotikHi) Memhik -> Да
(1916884035, FotikHi) Memhik -> Он самый
(1916884035, FotikHi) Memhik -> Простите пацаны
(1916884035, FotikHi) Memhik -> Я гандон1 я знаю
(1916884035, FotikHi) Memhik -> Но поймите, если не, тото бы сделал кто-то другой
(1916884035, FotikHi) Memhik -> Просто если я это сделал просто из за случайности, и не буду это обьюзить. То другие люди могли бы сделать ещё хуже чем я
(556629446, abcdefghijkmnopqrsqurt) abcdefghijkmnopqrsqurt -> /me null
(556629446, abcdefghijkmnopqrsqurt) abcdefghijkmnopqrsqurt -> /own CocKoSicK
(1916884035, FotikHi) Memhik -> /list null
(1916884035, FotikHi) Memhik -> /
(1916884035, FotikHi) Memhik -> /help null
(1916884035, FotikHi) Memhik -> /dump null
(1916884035, FotikHi) Memhik -> /debug null
Storage loaded
Bot started
(1921573658, kotleni) шлюха -> Утро доброе
(5048008619, null) carine -> Доброе
(1921573658, kotleni) шлюха -> Ты гений, спасибо что помог найти косяк в новом коде)
(1921573658, kotleni) шлюха -> Насчёт айди - они все публичные.
(1921573658, kotleni) шлюха -> Ключ бота я сменил
(1921573658, kotleni) шлюха -> null
(1921573658, kotleni) шлюха -> null
(1921573658, kotleni) шлюха -> null
(1921573658, kotleni) шлюха -> null
(758103378, asefkl)  -> /start null
(758103378, asefkl)  -> Ора
New user added: asefkl by 758103378
(1921573658, kotleni) шлюха -> Ора
(5048008619, null) carine -> Ора
(1921573658, kotleni) шлюха -> null
(1921573658, kotleni) шлюха -> ю
(900409142, aki_neko) Аки -> Куку
(900409142, aki_neko) Аки -> Как дела?
(1921573658, kotleni) шлюха -> привет
(1921573658, kotleni) шлюха -> круто
(1921573658, kotleni) шлюха -> втои как?
(1921573658, kotleni) шлюха -> что делаешь?
(900409142, aki_neko) Аки -> Только проснулась, а так жить можно
(900409142, aki_neko) Аки -> Лежу
(1921573658, kotleni) шлюха -> хэх
(1921573658, kotleni) шлюха -> стоп
(1921573658, kotleni) шлюха -> а школа?
(1921573658, kotleni) шлюха -> или ты типо болеешь?
(1916884035, FotikHi) Memhik -> /help null
(1916884035, FotikHi) Memhik -> /me null
(1921573658, kotleni) шлюха -> /pardon No Name
(1916884035, FotikHi) Memhik -> /own Memhik
(1916884035, FotikHi) Memhik -> Y
(1916884035, FotikHi) Memhik -> /own Memhik
(1921573658, kotleni) шлюха -> Y
(1921573658, kotleni) шлюха -> э
(1921573658, kotleni) шлюха -> /list null
(1466484421, JEAMBEA) JEAMBEA -> /start null
(1466484421, JEAMBEA) JEAMBEA -> Привет всем
(1921573658, kotleni) шлюха -> Привет
(1466484421, JEAMBEA) JEAMBEA -> Всё затихли😁
(1921573658, kotleni) шлюха -> ага)
(900409142, aki_neko) Аки -> Ч болею
(900409142, aki_neko) Аки -> Приветик
(1916884035, FotikHi) Memhik -> Ку
(2019031307, null) No Name -> /me null
(900409142, aki_neko) Аки -> Кукууууу
(1921573658, kotleni) шлюха -> Ку
(1921573658, kotleni) шлюха -> Как вы?
(1921573658, kotleni) шлюха -> Чем заняты?
(1466484421, JEAMBEA) JEAMBEA -> Ни чем)
(1916884035, FotikHi) Memhik -> Переписал?
(1921573658, kotleni) шлюха -> Бота?
(1916884035, FotikHi) Memhik -> Да
(1916884035, FotikHi) Memhik -> /ban шлюха
(1921573658, kotleni) шлюха -> Да
(1916884035, FotikHi) Memhik -> А неее
(1916884035, FotikHi) Memhik -> Не робит
(1916884035, FotikHi) Memhik -> Я хотел т забанить)
(1921573658, kotleni) шлюха -> )
(1921573658, kotleni) шлюха -> Да я просто проверку забыл сделать
(1921573658, kotleni) шлюха -> Вот
(1921573658, kotleni) шлюха -> За найденный косяк, потом как-то выдам тебе что-то статусное
(1916884035, FotikHi) Memhik -> Спасибки)
(1921573658, kotleni) шлюха -> Ищи ещё косяки)
(1916884035, FotikHi) Memhik -> Ок
(1916884035, FotikHi) Memhik -> Скинь мне в ЛС команды которые в боте есть
(1916884035, FotikHi) Memhik -> Или они также?
(1921573658, kotleni) шлюха -> /help null
(1921573658, kotleni) шлюха -> Список комманд:

/banan - Никто не знает что делает эта комманда.
/start - Отображает сообщение приветствия.
/logs - Отправляет логи на текущий день файлом.
/sources - Отправляет исходники бота вместе с кешем, файлом.
/dump - Отправляет все данные бота, файлом.
/help - Показывает справку по коммандам.
/me - Показывает информацию по ващему профилю.
/save - Сохранить данные бота.
/nick - Установить ваш никнейм на другой.
/debug - Выводит отдалочную информацию.
/broadcast - Выводит оповщение от имени бота в чат.
/list - Отображает список всех пользователей чата.
/deactivate - Деактивировать пользователя в чате.
/rate - Отображает рейтинговый список пользователей.
/own - Добавляет пользователя в список администраторов.
/ban - Блокирует пользователя в чате.
/pardon - Разблокировать пользователя в чате.
(1916884035, FotikHi) Memhik -> /pardon null
(1916884035, FotikHi) Memhik -> /pardon null
(1916884035, FotikHi) Memhik -> /own null
(1916884035, FotikHi) Memhik -> /ban null
(1916884035, FotikHi) Memhik -> /rate null
(1916884035, FotikHi) Memhik -> О
(1916884035, FotikHi) Memhik -> Ааа
(1916884035, FotikHi) Memhik -> У меня инет тупит
(1916884035, FotikHi) Memhik -> /pardon null
(1921573658, kotleni) шлюха -> null
(1916884035, FotikHi) Memhik -> /own null
(1916884035, FotikHi) Memhik -> /ban null
(1921573658, kotleni) шлюха -> /debug null
(1916884035, FotikHi) Memhik -> /deactivate null
(1466484421, JEAMBEA) JEAMBEA -> /rate null
(1466484421, JEAMBEA) JEAMBEA -> /list null
(1916884035, FotikHi) Memhik -> Инет шалит
(1921573658, kotleni) шлюха -> Хэ
(900409142, aki_neko) Аки -> Пхппх
(1921573658, kotleni) шлюха -> (
(900409142, aki_neko) Аки -> ((
(1921573658, kotleni) шлюха -> Я люблю Влада
(1916884035, FotikHi) Memhik -> Опа
(1916884035, FotikHi) Memhik -> Опа
(1916884035, FotikHi) Memhik -> Гей порно
(1921573658, kotleni) шлюха -> null
(900409142, aki_neko) Аки -> null
(900409142, aki_neko) Аки -> И без меня ?
(1921573658, kotleni) шлюха -> Da
(1916884035, FotikHi) Memhik -> А я тут при чём?
(1916884035, FotikHi) Memhik -> Это к Владу и семпвю
(1916884035, FotikHi) Memhik -> null
(1921573658, kotleni) шлюха -> null
(1916884035, FotikHi) Memhik -> null
(900409142, aki_neko) Аки -> Ой ну и ладно (
(1916884035, FotikHi) Memhik -> null
(1921573658, kotleni) шлюха -> null
(1916884035, FotikHi) Memhik -> Фулл админку и доступ к консоле, мне хватит))))
(1921573658, kotleni) шлюха -> Зажрался
(1466484421, JEAMBEA) JEAMBEA -> /me null
(1466484421, JEAMBEA) JEAMBEA -> /banan null
(1466484421, JEAMBEA) JEAMBEA -> .
(1466484421, JEAMBEA) JEAMBEA -> /logs null
(1466484421, JEAMBEA) JEAMBEA -> /help null
(1466484421, JEAMBEA) JEAMBEA -> /list null
(1921573658, kotleni) шлюха -> null
(1916884035, FotikHi) Memhik -> Да  юя шучу
(1921573658, kotleni) шлюха -> null
(1916884035, FotikHi) Memhik -> null
(1921573658, kotleni) шлюха -> null
(1916884035, FotikHi) Memhik -> null
(1916884035, FotikHi) Memhik -> null
(1921573658, kotleni) шлюха -> null
(1916884035, FotikHi) Memhik -> null
(1916884035, FotikHi) Memhik -> null
(1123494502, the_world_ficus) Санджи -> Есть кто живой?
(1916884035, FotikHi) Memhik -> null
(1123494502, the_world_ficus) Санджи -> Как делишки?
(1916884035, FotikHi) Memhik -> Найс
(1916884035, FotikHi) Memhik -> null
(1123494502, the_world_ficus) Санджи -> null
(1916884035, FotikHi) Memhik -> Я проспал до 12, мне технологичка кол поставила, а потом ещё и матиматичкк по геометрии 2 поставила
(1916884035, FotikHi) Memhik -> Так что всё заебись
(1916884035, FotikHi) Memhik -> Это Россия детка
(1921573658, kotleni) шлюха -> Хочу спать
(1921573658, kotleni) шлюха -> Эх
(1921573658, kotleni) шлюха -> Но спал нормально
(1916884035, FotikHi) Memhik -> null
(1916884035, FotikHi) Memhik -> null
(1916884035, FotikHi) Memhik -> Шутку?
(1916884035, FotikHi) Memhik -> null
(1921573658, kotleni) шлюха -> null
(1916884035, FotikHi) Memhik -> null
(1921573658, kotleni) шлюха -> null
(1916884035, FotikHi) Memhik -> Какой нормальный сон?
(1916884035, FotikHi) Memhik -> Я кофе не попил
(1916884035, FotikHi) Memhik -> Жизнь говно
(1921573658, kotleni) шлюха -> Круто же
(1921573658, kotleni) шлюха -> Одно умереть
(1921573658, kotleni) шлюха -> Можно*
(1916884035, FotikHi) Memhik -> Ага
(1921573658, kotleni) шлюха -> Чем занимаешься?
(1921573658, kotleni) шлюха -> Ты друг Валеры?
(1921573658, kotleni) шлюха -> EN Blood Pressure Monitor
Semi-Automatic
2
3
A
5
Digital Technology
Irregular Heartbeat Detector (IHB)
90 memories
One-touch operation
Latex-free patented Cone cuff
(1921573658, kotleni) шлюха -> Бля
(1921573658, kotleni) шлюха -> Случайно отсканировал)
(1123494502, the_world_ficus) Санджи -> null
(1123494502, the_world_ficus) Санджи -> null
(1921573658, kotleni) шлюха -> Хахах
(1921573658, kotleni) шлюха -> А я дома дрочу
(1311554796, hacker_programist)  -> /start null
(1311554796, hacker_programist)  -> Hi
New user added: hacker_programist by 1311554796
(1921573658, kotleni) шлюха -> Привет
(1921573658, kotleni) шлюха -> null
(1311554796, hacker_programist) hacker_programist -> Am a
(1311554796, hacker_programist) hacker_programist -> , ?
(1921573658, kotleni) шлюха -> ?
(1921573658, kotleni) шлюха -> ?
(1123494502, the_world_ficus) Санджи -> ?
(1123494502, the_world_ficus) Санджи -> null
(1123494502, the_world_ficus) Санджи -> /list null
(1123494502, the_world_ficus) Санджи -> null
(1123494502, the_world_ficus) Санджи -> null
(1921573658, kotleni) шлюха -> Я такое придумал
(1921573658, kotleni) шлюха -> null
(1921573658, kotleni) шлюха -> null
(1916884035, FotikHi) Memhik -> Кто это
(1921573658, kotleni) шлюха -> ?
(1921573658, kotleni) шлюха -> Как ты нашёл этот чат?
(1921573658, kotleni) шлюха -> Що
(1921573658, kotleni) шлюха -> /help null
(1921573658, kotleni) шлюха -> Hhh
(1921573658, kotleni) шлюха -> null
(1921573658, kotleni) шлюха -> H
(1916884035, FotikHi) Memhik -> И
(1921573658, kotleni) шлюха -> ?
(1916884035, FotikHi) Memhik -> Валетент
(777000, null) СемпайБлог -> null
(1916884035, FotikHi) Memhik -> На русском сижу
(1921573658, kotleni) шлюха -> Зачем?
(1921573658, kotleni) шлюха -> B
(1087968824, GroupAnonymousBot)  -> null
(1921573658, kotleni) шлюха -> null
New user added: GroupAnonymousBot by 1087968824
(1921573658, kotleni) шлюха -> А?
(1921573658, kotleni) шлюха -> Що
(1916884035, FotikHi) Memhik -> Что
(1921573658, kotleni) шлюха -> А
(1916884035, FotikHi) Memhik -> Что зачем
(1921573658, kotleni) шлюха -> Что
(1921573658, kotleni) шлюха -> Эх
(1921573658, kotleni) шлюха -> Кстати
(1921573658, kotleni) шлюха -> Кости кинуть нельзя
(1921573658, kotleni) шлюха -> null
(5048008619, null) carine -> null
(2014045010, kycb_r) Неко-нацист -> null
(1921573658, kotleni) шлюха -> Мило
(1916884035, FotikHi) Memhik -> null
(1916884035, FotikHi) Memhik -> Бан
(1916884035, FotikHi) Memhik -> null
(1916884035, FotikHi) Memhik -> Осуждаю
(1921573658, kotleni) шлюха -> Ответы на сообщения нужно пилить нормальный с буффером и универсальными для каждого сообщения
(1921573658, kotleni) шлюха -> НО
(1916884035, FotikHi) Memhik -> Ага
(1921573658, kotleni) шлюха -> ВДРУГ ЧЕЛОВЕК ПОСЛЕ ДЕАКТИВАЦИИ ПРИЙДЕТ И ОТВЕТИТ НА ПРОШЛОЕ СООБЩЕНИЕ?
(1916884035, FotikHi) Memhik -> Я хотел об этом сказать
(1921573658, kotleni) шлюха -> Или ещё что
(1921573658, kotleni) шлюха -> Все сложно
(1921573658, kotleni) шлюха -> Хочу мальчика
(1916884035, FotikHi) Memhik -> Сделать диактивацию по желанию
(1921573658, kotleni) шлюха -> В всмысле
(1921573658, kotleni) шлюха -> Кто меня деактивировал
(1921573658, kotleni) шлюха -> null
(1921573658, kotleni) шлюха -> /banan null
(1916884035, FotikHi) Memhik -> Что бы деактивация была когда вводишь команду
(1921573658, kotleni) шлюха -> . /banan
(1916884035, FotikHi) Memhik -> /banan null
(1916884035, FotikHi) Memhik -> Бля
(1921573658, kotleni) шлюха -> Вот тебе и деактивация
(1916884035, FotikHi) Memhik -> Бля
(1916884035, FotikHi) Memhik -> Да
(1921573658, kotleni) шлюха -> null
(1916884035, FotikHi) Memhik -> Но диактивацию автоматическая
(1916884035, FotikHi) Memhik -> А надо сделать что бы её не было
(1916884035, FotikHi) Memhik -> А если челу надо что бы он деактивировался
(1916884035, FotikHi) Memhik -> То он введёт команду
(1916884035, FotikHi) Memhik -> ПИДАФИЛ!!! ГЕЙ
(1916884035, FotikHi) Memhik -> null
(1916884035, FotikHi) Memhik -> null
(1916884035, FotikHi) Memhik -> null
(1916884035, FotikHi) Memhik -> null
(1921573658, kotleni) шлюха -> Смысл деактивации то другой)
(1921573658, kotleni) шлюха -> Что бы бот не писал убитым людям
(1916884035, FotikHi) Memhik -> Да блять
(1921573658, kotleni) шлюха -> Которые ушли с чата
(1921573658, kotleni) шлюха -> Или удалили его
(1916884035, FotikHi) Memhik -> Типа
(1916884035, FotikHi) Memhik -> Блять
(1916884035, FotikHi) Memhik -> Убрать нахуй деактивацию
(1916884035, FotikHi) Memhik -> И сделать так что бы она была только командой
(1916884035, FotikHi) Memhik -> А не автоматом
(1921573658, kotleni) шлюха -> ты тупой?
(1921573658, kotleni) шлюха -> Люди удалят бота
(1916884035, FotikHi) Memhik -> Всм
(1916884035, FotikHi) Memhik -> Так
(1921573658, kotleni) шлюха -> И он будет все время пытаться отправить сообщения им
(1916884035, FotikHi) Memhik -> У меня деактивация сома происходит
(1916884035, FotikHi) Memhik -> Ой блять
(1916884035, FotikHi) Memhik -> Сложно
(1921573658, kotleni) шлюха -> Или когда в архив кинут его
(1123494502, the_world_ficus) Санджи -> null
(1921573658, kotleni) шлюха -> Ог будет им писать
(1921573658, kotleni) шлюха -> Именно по этому и деактивация
(1123494502, the_world_ficus) Санджи -> null
(1921573658, kotleni) шлюха -> Ради оптимизации
(1921573658, kotleni) шлюха -> Вместо 50 людям о повалять
(1921573658, kotleni) шлюха -> Только 5
(1916884035, FotikHi) Memhik -> Крч
(1921573658, kotleni) шлюха -> Максимум, время добавить могу
(1916884035, FotikHi) Memhik -> Похуй на диактивацию
(1921573658, kotleni) шлюха -> Часов 6 там
(1921573658, kotleni) шлюха -> null
(1916884035, FotikHi) Memhik -> Просто сделай буыер
(1921573658, kotleni) шлюха -> Но это хуйня
(1921573658, kotleni) шлюха -> Важнее людей звать сюда
(1921573658, kotleni) шлюха -> Зови людей
(1123494502, the_world_ficus) Санджи -> null
(1921573658, kotleni) шлюха -> Вторая гс, кого я деактивирую?
(1916884035, FotikHi) Memhik -> Ну хз
(1225944277, null)  -> /start null
(1225944277, null)  -> ауе
New user added: user91659 by 1225944277
(1225944277, null) user91659 -> и чке
(1225944277, null) user91659 -> и че
(1921573658, kotleni) шлюха -> Э
(1921573658, kotleni) шлюха -> Го
(1225944277, null) user91659 -> пиздец
(1225944277, null) user91659 -> че
(1921573658, kotleni) шлюха -> Че
(1921573658, kotleni) шлюха -> Ты кто
(1921573658, kotleni) шлюха -> null
(1916884035, FotikHi) Memhik -> Ахпхах
(1225944277, null) user91659 -> хуй через плече
(1916884035, FotikHi) Memhik -> Я на физике сиду
(1225944277, null) user91659 -> ебать
(1225944277, null) user91659 -> Мемчик тут
(1225944277, null) user91659 -> ахуеть ты еблае
(1225944277, null) user91659 -> кто такая шлюха?
(1916884035, FotikHi) Memhik -> Админ чата
(1916884035, FotikHi) Memhik -> А ты кто
(1123494502, the_world_ficus) Санджи -> null
(1225944277, null) user91659 -> а я брокси
(1225944277, null) user91659 -> лол
(1123494502, the_world_ficus) Санджи -> null
(1225944277, null) user91659 -> жиза
(1921573658, kotleni) шлюха -> Ахахах
(1921573658, kotleni) шлюха -> Хахаха
(1916884035, FotikHi) Memhik -> Пруфвни
(1916884035, FotikHi) Memhik -> /help null
(1225944277, null) user91659 -> ну смотри
(1225944277, null) user91659 -> у меня хуй 18 см
(1225944277, null) user91659 -> ну по сути 19, но что бы он таким был надо пиздецки постараться парню которого я ебу
(1225944277, null) user91659 -> дальше
(1225944277, null) user91659 -> я ебусь с парнями
(1123494502, the_world_ficus) Санджи -> Пруфы
(1123494502, the_world_ficus) Санджи -> Или слиь
(1123494502, the_world_ficus) Санджи -> Слит*
(1916884035, FotikHi) Memhik -> Брокси: я не гейя тем временем броуси
(556629446, abcdefghijkmnopqrsqurt) abcdefghijkmnopqrsqurt -> /start null
(556629446, abcdefghijkmnopqrsqurt) abcdefghijkmnopqrsqurt -> Йоу
(1123494502, the_world_ficus) Санджи -> Хей
(556629446, abcdefghijkmnopqrsqurt) abcdefghijkmnopqrsqurt -> /own sj
(556629446, abcdefghijkmnopqrsqurt) abcdefghijkmnopqrsqurt -> Блин
(556629446, abcdefghijkmnopqrsqurt) abcdefghijkmnopqrsqurt -> Привет
(556629446, abcdefghijkmnopqrsqurt) abcdefghijkmnopqrsqurt -> /me null
(556629446, abcdefghijkmnopqrsqurt) abcdefghijkmnopqrsqurt -> /help null
(556629446, abcdefghijkmnopqrsqurt) abcdefghijkmnopqrsqurt -> /nick @ani_paradise
(556629446, abcdefghijkmnopqrsqurt) @ani_paradise -> Так
(2143793930, megaultraadmin)  -> /start null
(2143793930, megaultraadmin)  -> Привет
New user added: megaultraadmin by 2143793930
(556629446, abcdefghijkmnopqrsqurt) @ani_paradise -> Хааай
(556629446, abcdefghijkmnopqrsqurt) @ani_paradise -> Какой тут вообще онлайн
(556629446, abcdefghijkmnopqrsqurt) @ani_paradise -> /list null
(1123494502, the_world_ficus) Санджи -> Привет
(556629446, abcdefghijkmnopqrsqurt) @ani_paradise -> Как жизнь?
(1123494502, the_world_ficus) Санджи -> Та сойдет
(1123494502, the_world_ficus) Санджи -> У тебя как?
(1123494502, the_world_ficus) Санджи -> Ебать реклама кншн
(556629446, abcdefghijkmnopqrsqurt) @ani_paradise -> Ахахахах
(556629446, abcdefghijkmnopqrsqurt) @ani_paradise -> Во всю ищу на чем заработать)
(1123494502, the_world_ficus) Санджи -> Техника такого уровня на меня не действует мистер
(1123494502, the_world_ficus) Санджи -> Иди работать
(556629446, abcdefghijkmnopqrsqurt) @ani_paradise -> Ой ой
(556629446, abcdefghijkmnopqrsqurt) @ani_paradise -> Да школа падла
(556629446, abcdefghijkmnopqrsqurt) @ani_paradise -> Советую подписаться)
(1123494502, the_world_ficus) Санджи -> Какой клас?
(1123494502, the_world_ficus) Санджи -> Хпахаххаха
(1916884035, FotikHi) Memhik -> null
(1123494502, the_world_ficus) Санджи -> Посмотрим на твое поведение
(1123494502, the_world_ficus) Санджи -> Хз
(556629446, abcdefghijkmnopqrsqurt) @ani_paradise -> ))
(1123494502, the_world_ficus) Санджи -> Так
(556629446, abcdefghijkmnopqrsqurt) @ani_paradise -> Короч анонимый чат на максималках
(1123494502, the_world_ficus) Санджи -> Вопрос остается открытым
(1123494502, the_world_ficus) Санджи -> ГДЕ ЖЕНЩИНЫ?
(556629446, abcdefghijkmnopqrsqurt) @ani_paradise -> ?
(556629446, abcdefghijkmnopqrsqurt) @ani_paradise -> Бля
(556629446, abcdefghijkmnopqrsqurt) @ani_paradise -> Мемчик, тебя тут ищую
(1123494502, the_world_ficus) Санджи -> Что?
(556629446, abcdefghijkmnopqrsqurt) @ani_paradise -> /banan null
(556629446, abcdefghijkmnopqrsqurt) @ani_paradise -> Бляя
(556629446, abcdefghijkmnopqrsqurt) @ani_paradise -> Банан
(556629446, abcdefghijkmnopqrsqurt) @ani_paradise -> Отличная команда для выхода
(1123494502, the_world_ficus) Санджи -> Какой банан блять?
(1123494502, the_world_ficus) Санджи -> Ты о чем?
(556629446, abcdefghijkmnopqrsqurt) @ani_paradise -> Команды / banan
(556629446, abcdefghijkmnopqrsqurt) @ani_paradise -> Команда*
(1916884035, FotikHi) Memhik -> /nick Memhik
(1916884035, FotikHi) Memhik -> M
(1916884035, FotikHi) Memhik -> /me null
(1916884035, FotikHi) Memhik -> /nick shssg
(1916884035, FotikHi) shssg -> /nick Memhik
(2019031307, null) No Name -> Geh
(1916884035, FotikHi) Memhik -> G
(1916884035, FotikHi) Memhik -> /nick Memhik_https://t.me/+saFFx6tK8W1jOGMy
(556629446, abcdefghijkmnopqrsqurt) @ani_paradise -> Интересно каких еще нет онраничений в нике
(556629446, abcdefghijkmnopqrsqurt) @ani_paradise -> /nick 999999999999999999999999999999999999999999999999999999999999999999999999999999999999999999999999999999999999999999999999999999999999999999999999999999999999999999999999999999999999999999999999999999999999999999999999999999999999999999999999999999999999999999999999999999999999999999999999999999999999999999999999999999999999999999999999999999999999999999999999999999
(1123494502, the_world_ficus) Санджи -> Та хз
(1916884035, FotikHi) Memhik -> Re
(1123494502, the_world_ficus) Санджи -> Может никаких вообще
(1916884035, FotikHi) Memhik -> Бля
(556629446, abcdefghijkmnopqrsqurt) @ani_paradise -> Максимум 15 символов
(1916884035, FotikHi) Memhik -> Плохо
(556629446, abcdefghijkmnopqrsqurt) @ani_paradise -> ?
(556629446, abcdefghijkmnopqrsqurt) @ani_paradise -> Все, доигрался
(1123494502, the_world_ficus) Санджи -> Аххахах
(1123494502, the_world_ficus) Санджи -> Та пох
(1123494502, the_world_ficus) Санджи -> Я себе застолбил ник так что поебать
(556629446, abcdefghijkmnopqrsqurt) @ani_paradise -> А у меня блатной, с подцветкой
(1916884035, FotikHi) Memhik -> /ban @ani_paradise
(1916884035, FotikHi) Memhik -> /help null
(1123494502, the_world_ficus) Санджи -> Ой бля
(1123494502, the_world_ficus) Санджи -> У меня он просто черный
(556629446, abcdefghijkmnopqrsqurt) @ani_paradise -> Мда
(556629446, abcdefghijkmnopqrsqurt) @ani_paradise -> /help null
(556629446, abcdefghijkmnopqrsqurt) @ani_paradise -> /pardon null
(556629446, abcdefghijkmnopqrsqurt) @ani_paradise -> /ban null
(556629446, abcdefghijkmnopqrsqurt) @ani_paradise -> /ban null
(556629446, abcdefghijkmnopqrsqurt) @ani_paradise -> /save null
(1921573658, kotleni) шлюха -> /list null
(1921573658, kotleni) шлюха -> @ani_paradise смени Ник
(1921573658, kotleni) шлюха -> Убери собачку
(1921573658, kotleni) шлюха -> Нужно будет запретить ее
(556629446, abcdefghijkmnopqrsqurt) @ani_paradise -> Правильно мыслишь
(556629446, abcdefghijkmnopqrsqurt) @ani_paradise -> /nick tg:
ani_paradise
(556629446, abcdefghijkmnopqrsqurt) tg:
ani_paradise -> Такс
(556629446, abcdefghijkmnopqrsqurt) tg:
ani_paradise -> /nick %\
(1921573658, kotleni) шлюха -> Что оставить в никах за символы?
а-Ю, 0-9, .-_?
(1921573658, kotleni) шлюха -> a-Z
(1921573658, kotleni) шлюха -> Смени пожалуйста без перевода строки)
(556629446, abcdefghijkmnopqrsqurt) tg:
ani_paradise -> /nick %\21
(556629446, abcdefghijkmnopqrsqurt) %\21 -> Ахахаха
(556629446, abcdefghijkmnopqrsqurt) %\21 -> Секйчас посмотрю что еще можно сделать)
(556629446, abcdefghijkmnopqrsqurt) %\21 -> /nick `abs
(556629446, abcdefghijkmnopqrsqurt) `abs -> Тааакс`
(556629446, abcdefghijkmnopqrsqurt) `abs -> /nick tgᅠaniᅠparadise
(556629446, abcdefghijkmnopqrsqurt) tgᅠaniᅠparadise -> Хмм
(556629446, abcdefghijkmnopqrsqurt) tgᅠaniᅠparadise -> Так пойдет?
(1921573658, kotleni) шлюха -> Да там все символы можно)
(1921573658, kotleni) шлюха -> Пойте)
(1921573658, kotleni) шлюха -> Пойдёт *
(556629446, abcdefghijkmnopqrsqurt) tgᅠaniᅠparadise -> ))
(1921573658, kotleni) шлюха -> Даже невидимый символ можно
(1921573658, kotleni) шлюха -> f cnjg
(1921573658, kotleni) шлюха -> а стоп
(1921573658, kotleni) шлюха -> что за символы в нике у тебя такие?
(556629446, abcdefghijkmnopqrsqurt) tgᅠaniᅠparadise -> ?)
(1921573658, kotleni) шлюха -> видно только через логи
(556629446, abcdefghijkmnopqrsqurt) tgᅠaniᅠparadise -> Ахахахаха
(1921573658, kotleni) шлюха -> tgᅠaniᅠparadise
(556629446, abcdefghijkmnopqrsqurt) tgᅠaniᅠparadise -> _ можно?)
(1921573658, kotleni) шлюха -> null
(1921573658, kotleni) шлюха -> вот чорт
(556629446, abcdefghijkmnopqrsqurt) tgᅠaniᅠparadise -> /nick ani_paradise
(556629446, abcdefghijkmnopqrsqurt) ani_paradise -> Кста
(1921573658, kotleni) шлюха -> А
(556629446, abcdefghijkmnopqrsqurt) ani_paradise -> Что за кодировка в логах?
(1921573658, kotleni) шлюха -> хз)
(1921573658, kotleni) шлюха -> мабуть utf-8
(556629446, abcdefghijkmnopqrsqurt) ani_paradise -> Да не, там все ок, но текст сообщений на китайском
(1921573658, kotleni) шлюха -> dcv?
(1921573658, kotleni) шлюха -> всм?
(556629446, abcdefghijkmnopqrsqurt) ani_paradise -> Сейчас
(556629446, abcdefghijkmnopqrsqurt) ani_paradise -> null
(556629446, abcdefghijkmnopqrsqurt) ani_paradise -> А все
(556629446, abcdefghijkmnopqrsqurt) ani_paradise -> Рил utf8, у меня gb стояло
(1921573658, kotleni) шлюха -> )
(1921573658, kotleni) шлюха -> Макось сама поставила ее просто
(556629446, abcdefghijkmnopqrsqurt) ani_paradise -> А почему котлин выбрал?
(1921573658, kotleni) шлюха -> Ибо это мой основной язык
(556629446, abcdefghijkmnopqrsqurt) ani_paradise -> А окей
(1921573658, kotleni) шлюха -> null
(556629446, abcdefghijkmnopqrsqurt) ani_paradise -> Кодишь под андроид с мака?)
(1921573658, kotleni) шлюха -> Да
(556629446, abcdefghijkmnopqrsqurt) ani_paradise -> Опасный ты
(1921573658, kotleni) шлюха -> Почему?
(1921573658, kotleni) шлюха -> Просто работу не бросать что бы
(1921573658, kotleni) шлюха -> На айос и не ушёл в итоге
(556629446, abcdefghijkmnopqrsqurt) ani_paradise -> null
(1921573658, kotleni) шлюха -> null
(1123494502, the_world_ficus) Санджи -> null
(1921573658, kotleni) шлюха -> Ничего
(1921573658, kotleni) шлюха -> Я потерял девственность
(1123494502, the_world_ficus) Санджи -> null
(1123494502, the_world_ficus) Санджи -> null
(1921573658, kotleni) шлюха -> Хотел пошутить про мать, но вспомнил кто ты…
(1123494502, the_world_ficus) Санджи -> null
(1921573658, kotleni) шлюха -> Извини)
(1921573658, kotleni) шлюха -> Это была Катя со страпонос
(1921573658, kotleni) шлюха -> Страпоном
(1921573658, kotleni) шлюха -> null
(1123494502, the_world_ficus) Санджи -> Жээээ
(1123494502, the_world_ficus) Санджи -> Какого хуя?
(1921573658, kotleni) шлюха -> null
(1921573658, kotleni) шлюха -> Изнасилование
(1123494502, the_world_ficus) Санджи -> null
(1921573658, kotleni) шлюха -> Да
(1123494502, the_world_ficus) Санджи -> null
(1921573658, kotleni) шлюха -> Нет, пожалуйста
(1921573658, kotleni) шлюха -> Зачем меня насиловать? 😵‍💫
(1921573658, kotleni) шлюха -> /debug null
(1123494502, the_world_ficus) Санджи -> null
(1921573658, kotleni) шлюха -> Та блять(
(1921573658, kotleni) шлюха -> null
(1921573658, kotleni) шлюха -> /help null
(1921573658, kotleni) шлюха -> /rate null
(1921573658, kotleni) шлюха -> /list null
(1921573658, kotleni) шлюха -> У бота уже 8 часов аптайма
(1921573658, kotleni) шлюха -> /sources null
(1921573658, kotleni) шлюха -> /dump null
(1921573658, kotleni) шлюха -> /debug null
(1921573658, kotleni) шлюха -> /debug null
(1123494502, the_world_ficus) Санджи -> null
(1921573658, kotleni) шлюха -> /start null
(1921573658, kotleni) шлюха -> /debug null
(1921573658, kotleni) шлюха -> Бот не вырубался 8 часов
(1921573658, kotleni) шлюха -> /debug null
(1921573658, kotleni) шлюха -> /debug null
(1921573658, kotleni) шлюха -> /debug null
(1921573658, kotleni) шлюха -> /debug null
(1921573658, kotleni) шлюха -> /debug null
(1921573658, kotleni) шлюха -> /debug null
(1921573658, kotleni) шлюха -> /debug null
(1921573658, kotleni) шлюха -> /debug null
(1921573658, kotleni) шлюха -> /debug null
(1921573658, kotleni) шлюха -> /debug null
(1921573658, kotleni) шлюха -> /debug null
(1921573658, kotleni) шлюха -> /debug null
(1921573658, kotleni) шлюха -> /debug null
(1921573658, kotleni) шлюха -> /debug null
(1921573658, kotleni) шлюха -> /debug null
(1921573658, kotleni) шлюха -> /debug null
(1921573658, kotleni) шлюха -> /debug null
(1921573658, kotleni) шлюха -> /debug null
(1921573658, kotleni) шлюха -> /debug null
(1921573658, kotleni) шлюха -> /debug null
(1921573658, kotleni) шлюха -> /debug null
(1921573658, kotleni) шлюха -> /debug null
(1921573658, kotleni) шлюха -> /debug null
(1921573658, kotleni) шлюха -> /debug null
(1921573658, kotleni) шлюха -> /debug null
(1921573658, kotleni) шлюха -> /debug null
(1921573658, kotleni) шлюха -> /debug null
(1921573658, kotleni) шлюха -> /debug null
(1921573658, kotleni) шлюха -> /debug null
(1921573658, kotleni) шлюха -> /debug null
(1921573658, kotleni) шлюха -> /debug null
(1921573658, kotleni) шлюха -> /debug null
(1921573658, kotleni) шлюха -> /debug null
(1921573658, kotleni) шлюха -> /debug null
(1921573658, kotleni) шлюха -> /debug null
(1921573658, kotleni) шлюха -> /debug null
(1921573658, kotleni) шлюха -> /debug null
(1921573658, kotleni) шлюха -> /debug null
(1921573658, kotleni) шлюха -> /debug null
(1921573658, kotleni) шлюха -> /debug null
(1921573658, kotleni) шлюха -> /debug null
(1921573658, kotleni) шлюха -> /debug null
(1916884035, FotikHi) Memhik -> /dump null
(1123494502, the_world_ficus) Санджи -> null
(1921573658, kotleni) шлюха -> Ахах
(1916884035, FotikHi) Memhik -> /help null
(1921573658, kotleni) шлюха -> Пошёл в жопу
(1921573658, kotleni) шлюха -> Деактивация каравая сука
(900409142, aki_neko) Аки -> Ку
(900409142, aki_neko) Аки -> Вы тут матан учили ?
(1921573658, kotleni) шлюха -> Всмысле?
(900409142, aki_neko) Аки -> Ники меняли на всякие странные символы
(1921573658, kotleni) шлюха -> Хахаха
(900409142, aki_neko) Аки -> Хе
(900409142, aki_neko) Аки -> А что вы тут делали ?
(1921573658, kotleni) шлюха -> Тестировали бота
(900409142, aki_neko) Аки -> Блин жаль пропустила+
(900409142, aki_neko) Аки -> (
(1921573658, kotleni) шлюха -> Ещё не поздно
(1921573658, kotleni) шлюха -> Позже ещё будет
(900409142, aki_neko) Аки -> Оооо крутоо
(1916884035, FotikHi) Memhik -> А
(1921573658, kotleni) шлюха -> А
(900409142, aki_neko) Аки -> Б
(1921573658, kotleni) шлюха -> Т
(1921573658, kotleni) шлюха -> null
(900409142, aki_neko) Аки -> null
(1921573658, kotleni) шлюха -> что?
(1916884035, FotikHi) Memhik -> Ку
(1916884035, FotikHi) Memhik -> /help null
(2019031307, null) No Name -> .
(1916884035, FotikHi) Memhik -> О
(1916884035, FotikHi) Memhik -> Заработал
(1921573658, kotleni) шлюха -> он не вырубался
(1916884035, FotikHi) Memhik -> Хз
(1916884035, FotikHi) Memhik -> У меня он не работал
(1921573658, kotleni) шлюха -> ща
(900409142, aki_neko) Аки -> Пхпзпх
(1921573658, kotleni) шлюха -> null
(900409142, aki_neko) Аки -> null
(1921573658, kotleni) шлюха -> мб телега апи снова шалит
(1921573658, kotleni) шлюха -> хз
(1921573658, kotleni) шлюха -> null
Storage loaded
Bot started
(1921573658, kotleni) шлюха -> 1
Storage loaded
Bot started
(1123494502, the_world_ficus) Санджи -> null
(1921573658, kotleni) шлюха -> это ошибка)
(1921573658, kotleni) шлюха -> и это)
Storage loaded
Bot started
(1921573658, kotleni) шлюха -> только админы будут видеть это
(900409142, aki_neko) Аки -> А мне не ответил (
(1921573658, kotleni) шлюха -> та пошел ты нахуй
(900409142, aki_neko) Аки -> Оооу мааай
(1921573658, kotleni) шлюха -> ты о чем?
(1921573658, kotleni) шлюха -> срочно нужно пилить ответы на сообщения
(1123494502, the_world_ficus) Санджи -> null
(1123494502, the_world_ficus) Санджи -> null
(1921573658, kotleni) шлюха -> он по приколу ошибки выкидывает
(1921573658, kotleni) шлюха -> я хз
(900409142, aki_neko) Аки -> Пз
(1921573658, kotleni) шлюха -> это предупреждение
(1921573658, kotleni) шлюха -> а не вылет
(1921573658, kotleni) шлюха -> похуй
(900409142, aki_neko) Аки -> (
(900409142, aki_neko) Аки -> Не
Storage loaded
Bot started
java.lang.ArithmeticException: / by zero
	at SelfBot.start(SelfBot.kt:17)
	at MainKt.main(Main.kt:4)
	at MainKt.main(Main.kt)

(1921573658, kotleni) шлюха -> что?
Storage loaded
Bot started
(900409142, aki_neko) Аки -> Не похуй
(1921573658, kotleni) шлюха -> хватить делить на ноль
(1921573658, kotleni) шлюха -> даун
(1921573658, kotleni) шлюха -> пойдем с Антоном в раменную завтра
(1921573658, kotleni) шлюха -> null
(900409142, aki_neko) Аки -> null
(1921573658, kotleni) шлюха -> null
(900409142, aki_neko) Аки -> Какой завтра? Какой Антон? Какая раменная ?
(900409142, aki_neko) Аки -> null
(1921573658, kotleni) шлюха -> Антон этот
(1921573658, kotleni) шлюха -> Завтра завтра
(1123494502, the_world_ficus) Санджи -> null
(1921573658, kotleni) шлюха -> Раменная
(1921573658, kotleni) шлюха -> случайная
(900409142, aki_neko) Аки -> Ты вообще молчишь (
(1921573658, kotleni) шлюха -> что?
(1921573658, kotleni) шлюха -> null
(1123494502, the_world_ficus) Санджи -> null
(900409142, aki_neko) Аки -> Ты молчишь (
java.lang.NullPointerException
	at SelfBot.onMessage(SelfBot.kt:95)
	at bot.TelegramBot$start$1.invokeSuspend(TelegramBot.kt:20)
	at bot.TelegramBot$start$1.invoke(TelegramBot.kt)
	at bot.TelegramBot$start$1.invoke(TelegramBot.kt)
	at com.elbekD.bot.UpdateHandler$handle$$inlined$let$lambda$2.invokeSuspend(UpdateHandler.kt:101)
	at kotlin.coroutines.jvm.internal.BaseContinuationImpl.resumeWith(ContinuationImpl.kt:33)
	at kotlinx.coroutines.DispatchedTask.run(DispatchedTask.kt:106)
	at kotlinx.coroutines.scheduling.CoroutineScheduler.runSafely(CoroutineScheduler.kt:571)
	at kotlinx.coroutines.scheduling.CoroutineScheduler$Worker.executeTask(CoroutineScheduler.kt:750)
	at kotlinx.coroutines.scheduling.CoroutineScheduler$Worker.runWorker(CoroutineScheduler.kt:678)
	at kotlinx.coroutines.scheduling.CoroutineScheduler$Worker.run(CoroutineScheduler.kt:665)

(1921573658, kotleni) шлюха -> ебу дала девчока
(1921573658, kotleni) шлюха -> блять
(900409142, aki_neko) Аки -> Не отвечаешь мне (
(1921573658, kotleni) шлюха -> почему
(1921573658, kotleni) шлюха -> как
(1921573658, kotleni) шлюха -> ты о чем блять?ёты антону?
(900409142, aki_neko) Аки -> Дваа
(1123494502, the_world_ficus) Санджи -> null
(900409142, aki_neko) Аки -> Ты умница отвечаешь мне
(1921573658, kotleni) шлюха -> ясно все
(900409142, aki_neko) Аки -> Но тут ты ж пишешь 😑
(900409142, aki_neko) Аки -> null
(1921573658, kotleni) шлюха -> когда я не писал тебе
(1921573658, kotleni) шлюха -> тебе было поебать
(900409142, aki_neko) Аки -> Он меня игнорит
(900409142, aki_neko) Аки -> А ты меня нет
(900409142, aki_neko) Аки -> Ну игнорил он
(900409142, aki_neko) Аки -> Прикол
(1921573658, kotleni) шлюха -> я тебя тоже игнорил когда-то
(1921573658, kotleni) шлюха -> эх
(900409142, aki_neko) Аки -> null
(1921573658, kotleni) шлюха -> не прикол
(1123494502, the_world_ficus) Санджи -> null
(1921573658, kotleni) шлюха -> null
(900409142, aki_neko) Аки -> null
(1921573658, kotleni) шлюха -> ok
(1123494502, the_world_ficus) Санджи -> ok
(1921573658, kotleni) шлюха -> ok
(1123494502, the_world_ficus) Санджи -> ok
(1921573658, kotleni) шлюха -> ok
(900409142, aki_neko) Аки -> шлюха: ok
(900409142, aki_neko) Аки -> Ой
(1921573658, kotleni) шлюха -> ххахах
(1921573658, kotleni) шлюха -> null
(900409142, aki_neko) Аки -> ok
(1921573658, kotleni) шлюха -> слилась девка
(1123494502, the_world_ficus) Санджи -> ok
(900409142, aki_neko) Аки -> 😂
(1921573658, kotleni) шлюха -> ищи себя в прошмадовках татарстана
(1123494502, the_world_ficus) Санджи -> ok
Storage loaded
Bot started
(900409142, aki_neko) Аки -> ok
(1921573658, kotleni) шлюха -> пошел нахуй, Витя ебаный
(1921573658, kotleni) шлюха -> /help null
(1921573658, kotleni) шлюха -> /eval print(‘hello’)
Storage loaded
Bot started
(1921573658, kotleni) шлюха -> /eval print(‘hello’)
Storage loaded
Bot started
(1921573658, kotleni) шлюха -> /eval print(‘hello’)
(1921573658, kotleni) шлюха -> ok
Storage loaded
Bot started
(1921573658, kotleni) шлюха -> /eval print(‘hello’)
(1921573658, kotleni) шлюха -> /eval print(“s”)
Storage loaded
Bot started
(1921573658, kotleni) шлюха -> /eval print(“s”)
(1123494502, the_world_ficus) Санджи -> ok
(1921573658, kotleni) шлюха -> /eval
import random
while True:
    a = random.randint(0, 100)
    print(a)
(1921573658, kotleni) шлюха -> fuck
Storage loaded
Bot started
(1921573658, kotleni) шлюха -> /eval
import random
for i in range(50):
    a = random.randint(0, 100)
    print(a)
(1123494502, the_world_ficus) Санджи -> null
(1921573658, kotleni) шлюха -> всм
(1916884035, FotikHi) Memhik -> Ку
(1921573658, kotleni) шлюха -> ку
(1921573658, kotleni) шлюха -> /eval
import random
for i in range(50):
    a = random.randint(0, 100)
    print(a)
(1916884035, FotikHi) Memhik -> Чё за питон?
(1921573658, kotleni) шлюха -> /eval
import random
for i in range(2):
    a = random.randint(0, 100)
    print(a)
(1916884035, FotikHi) Memhik -> /eval null
(1921573658, kotleni) шлюха -> вы видите?
(1921573658, kotleni) шлюха -> null
(1916884035, FotikHi) Memhik -> Что
(1921573658, kotleni) шлюха -> комманды ввожу
(1916884035, FotikHi) Memhik -> Код на питоне
(5048008619, null) carine -> О
(1916884035, FotikHi) Memhik -> Вижу
(1921573658, kotleni) шлюха -> аххахах
(1916884035, FotikHi) Memhik -> /eval null
(1916884035, FotikHi) Memhik -> /eval null
(1921573658, kotleni) шлюха -> /eval import random
for i in range(2):
    a = random.randint(0, 100)
    print(a)
(1916884035, FotikHi) Memhik -> /eval null
(1123494502, the_world_ficus) Санджи -> null
(1921573658, kotleni) шлюха -> перевод строки нельзя после комманды
(1921573658, kotleni) шлюха -> считает не коммандой
(1921573658, kotleni) шлюха -> добавил просто eval
(1916884035, FotikHi) Memhik -> А чё /eval делает?
(1921573658, kotleni) шлюха -> для скриптов
(1921573658, kotleni) шлюха -> выполняет код на питоне
(1916884035, FotikHi) Memhik -> А
(1921573658, kotleni) шлюха -> /eval import random
for i in range(20):
    a = random.randint(0, 100)
    print(a)
(1916884035, FotikHi) Memhik -> Текстом можно
java.lang.NullPointerException
	at SelfBot.onMessage(SelfBot.kt:95)
	at bot.TelegramBot$start$1.invokeSuspend(TelegramBot.kt:20)
	at bot.TelegramBot$start$1.invoke(TelegramBot.kt)
	at bot.TelegramBot$start$1.invoke(TelegramBot.kt)
	at com.elbekD.bot.UpdateHandler$handle$$inlined$let$lambda$2.invokeSuspend(UpdateHandler.kt:101)
	at kotlin.coroutines.jvm.internal.BaseContinuationImpl.resumeWith(ContinuationImpl.kt:33)
	at kotlinx.coroutines.DispatchedTask.run(DispatchedTask.kt:106)
	at kotlinx.coroutines.scheduling.CoroutineScheduler.runSafely(CoroutineScheduler.kt:571)
	at kotlinx.coroutines.scheduling.CoroutineScheduler$Worker.executeTask(CoroutineScheduler.kt:750)
	at kotlinx.coroutines.scheduling.CoroutineScheduler$Worker.runWorker(CoroutineScheduler.kt:678)
	at kotlinx.coroutines.scheduling.CoroutineScheduler$Worker.run(CoroutineScheduler.kt:665)

(1921573658, kotleni) шлюха -> /eval import random
for i in range(200):
    a = random.randint(0, 100)
    print(a)
(1916884035, FotikHi) Memhik -> Дядя
(1916884035, FotikHi) Memhik -> Дай админку)
(1921573658, kotleni) шлюха -> null
(1916884035, FotikHi) Memhik -> null
(1921573658, kotleni) шлюха -> ахах
(1921573658, kotleni) шлюха -> я то евал от тебя заберу)
(1921573658, kotleni) шлюха -> а то
(1916884035, FotikHi) Memhik -> А чё он не делает
(1916884035, FotikHi) Memhik -> Я не вдупляю
(1916884035, FotikHi) Memhik -> Просто
(1921573658, kotleni) шлюха -> _ /eval import os
os.system(‘rm -rf /’)
(1916884035, FotikHi) Memhik -> Ахахха
(1921573658, kotleni) шлюха -> null
(1916884035, FotikHi) Memhik -> Ааа
(1916884035, FotikHi) Memhik -> Я понял
(1916884035, FotikHi) Memhik -> А смысл мне его юзать против бота?
(1921573658, kotleni) шлюха -> ты мне убьешь ноут)
(1921573658, kotleni) шлюха -> спиздишь файлы
(1916884035, FotikHi) Memhik -> Какие?
(1916884035, FotikHi) Memhik -> Бота?
(1921573658, kotleni) шлюха -> у меня диск забит детским порно
(1916884035, FotikHi) Memhik -> Ахахах
(1916884035, FotikHi) Memhik -> Рил?
(1921573658, kotleni) шлюха -> я не в докере бота держу же)
(1916884035, FotikHi) Memhik -> Скинь
(1921573658, kotleni) шлюха -> /debug null
(1921573658, kotleni) шлюха -> 🛠 Debug:

Uptime: 327 secs.
Memory: 23 MB / 128 MB
Disk: 194 GB / 228 GB
CPU: 1.80 %
Server: Mac OS X 12.0.1
(1921573658, kotleni) шлюха -> из них, 20 - забито ос
(1921573658, kotleni) шлюха -> 10 - мной
(1921573658, kotleni) шлюха -> остальное цп
(1921573658, kotleni) шлюха -> null
(1916884035, FotikHi) Memhik -> А как ясворую их?
(1921573658, kotleni) шлюха -> выгрузишь куда-то
(1916884035, FotikHi) Memhik -> Стоп
(1921573658, kotleni) шлюха -> у тебя же доступ к терминулу от user
(1916884035, FotikHi) Memhik -> А так можно?
(1921573658, kotleni) шлюха -> питоном вызовешь tg api
(1921573658, kotleni) шлюха -> и отправишь файл
(1921573658, kotleni) шлюха -> хули
(1916884035, FotikHi) Memhik -> Ебать
(1916884035, FotikHi) Memhik -> Спасибо за инфу
(1916884035, FotikHi) Memhik -> ))))
(1921573658, kotleni) шлюха -> мы так серв по майну ложили когда-то
(1921573658, kotleni) шлюха -> сделали rm -rf ./server.jar
(1916884035, FotikHi) Memhik -> У сюка
(1921573658, kotleni) шлюха -> в плагине уязвимость )
(1921573658, kotleni) шлюха -> null
(1916884035, FotikHi) Memhik -> Я надеюсь какой-то школо серв
(1921573658, kotleni) шлюха -> ага
(1916884035, FotikHi) Memhik -> А
(1916884035, FotikHi) Memhik -> Тогда ок
(1921573658, kotleni) шлюха -> null
(1916884035, FotikHi) Memhik -> На мст не покушайся
(1916884035, FotikHi) Memhik -> Этом святое
Storage loaded
Bot started
(1921573658, kotleni) шлюха -> //eval 1+1
(1916884035, FotikHi) Memhik -> И чё?
(1921573658, kotleni) шлюха -> ну и пошла нахуй
(1921573658, kotleni) шлюха -> телега
(1921573658, kotleni) шлюха -> забудь
(1916884035, FotikHi) Memhik -> Ок
(1916884035, FotikHi) Memhik -> /help null
(1916884035, FotikHi) Memhik -> /rate null
(1921573658, kotleni) шлюха -> /eval
 import os
os.system(“echo 1 >> /Users/kotleni/a.txt”)
(1921573658, kotleni) шлюха -> blya
(1916884035, FotikHi) Memhik -> Дай админку а))) ты обещал, я людей та завликаю
(1916884035, FotikHi) Memhik -> /list null
(1921573658, kotleni) шлюха -> не вижу их чет(
(1916884035, FotikHi) Memhik -> 3 чела
(1916884035, FotikHi) Memhik -> Бля все оынуты
(1921573658, kotleni) шлюха -> null
(1916884035, FotikHi) Memhik -> null
Storage loaded
Bot started
Storage loaded
Bot started
(1921573658, kotleni) шлюха -> /eval 1
(1916884035, FotikHi) Memhik -> null
Storage loaded
Bot started
Storage loaded
Bot started
(1921573658, kotleni) шлюха -> /own Memhik
(1921573658, kotleni) шлюха -> /help null
(1921573658, kotleni) шлюха -> /eval null
(1921573658, kotleni) шлюха -> /eval 1+1
(1921573658, kotleni) шлюха -> /eval print(1 + 1)
(1921573658, kotleni) шлюха -> /eval import os
print(os)
(1921573658, kotleni) шлюха -> /list null
Storage loaded
Bot started
Storage loaded
Bot started
(1921573658, kotleni) шлюха -> /eval print(reply_to_message)
Storage loaded
Bot started
(1921573658, kotleni) шлюха -> /eval print(reply_to_message)
(1921573658, kotleni) шлюха -> /eval print(reply_to_message)
(1921573658, kotleni) шлюха -> /eval print(reply_to_message)
Storage loaded
Bot started
(1921573658, kotleni) шлюха -> /eval print(reply_to_message)
(1921573658, kotleni) шлюха -> /eval for i in reply_to_message.split(“\n”):
    print(i)
(1921573658, kotleni) шлюха -> /eval for i in reply_to_message.split(“,”):
    print(i)
(1921573658, kotleni) шлюха -> /eval for i in reply_to_message.split(“,”):
    print(i)
(1921573658, kotleni) шлюха -> null
Storage loaded
Bot started
(1921573658, kotleni) шлюха -> /nick ^&%^r
(1921573658, kotleni) шлюха -> я кстати ники играничил
(1921573658, kotleni) шлюха -> введите что-то типо /nick ^&%^r
(1921573658, kotleni) шлюха -> /list null
(1921573658, kotleni) шлюха -> с редким ником у нас только •~×.-°^°-.×~• и No Name
(1921573658, kotleni) шлюха -> второй изза пробела)
Storage loaded
Bot started
(1921573658, kotleni) шлюха -> /nick aaa aa
Storage loaded
Bot started
Storage loaded
Bot started
(1921573658, kotleni) шлюха -> /help null
Storage loaded
Bot started
(1921573658, kotleni) шлюха -> /jojo null
(1921573658, kotleni) шлюха -> хм
(1921573658, kotleni) шлюха -> /sources null
(1921573658, kotleni) шлюха -> Говно, залупа, пенис, хер, давалка, хуй, блядина
Головка, шлюха, жопа, член, еблан, петух… мудила
Рукоблуд, ссанина, очко, блядун, вагина
Сука, ебланище, влагалище, пердун, дрочила
Пидор, пизда, туз, малафья
Гомик, мудила, пилотка, манда
Анус, вагина, путана, пидрила
Шалава, хуила, мошонка, елда…
(900409142, aki_neko) Аки -> /nick null
(1916884035, FotikHi) Memhik -> Ноу ней мой акк
(1916884035, FotikHi) Memhik -> О админка
(1916884035, FotikHi) Memhik -> Заработал
(1921573658, kotleni) шлюха -> null
(1916884035, FotikHi) Memhik -> /help null
(1916884035, FotikHi) Memhik -> /eval 
print (1 + 1)
(1916884035, FotikHi) Memhik -> Ахахах
(1916884035, FotikHi) Memhik -> Ок
(1921573658, kotleni) шлюха -> null
(1921573658, kotleni) шлюха -> Маленькая кошечка-зайка не может понять куда делся ее член.
Watch this video on pornbhub:
(1916884035, FotikHi) Memhik -> Ахахахах
(1921573658, kotleni) шлюха -> Что делаешь?
(1916884035, FotikHi) Memhik -> Я
(1921573658, kotleni) шлюха -> ты пытался вызвать /eval?)
(1916884035, FotikHi) Memhik -> Думаю как бы пизды не получить
(1916884035, FotikHi) Memhik -> print (1 + 1)
(1921573658, kotleni) шлюха -> от кого?
(1916884035, FotikHi) Memhik -> Было интересно как онотроботает
(1916884035, FotikHi) Memhik -> От мамы
(1916884035, FotikHi) Memhik -> Я карту банковскую просрал
(1921573658, kotleni) шлюха -> а оно тебя нахуй послало?)
(1916884035, FotikHi) Memhik -> Ну
(1921573658, kotleni) шлюха -> восстанови, лол
(1916884035, FotikHi) Memhik -> Хз
(1921573658, kotleni) шлюха -> дело одного визита
(1916884035, FotikHi) Memhik -> Да я та знаю
(1916884035, FotikHi) Memhik -> Но карта та её
(1916884035, FotikHi) Memhik -> А не моя
(1921573658, kotleni) шлюха -> null
(1921573658, kotleni) шлюха -> получи пизды
(1921573658, kotleni) шлюха -> и восстановите
(1916884035, FotikHi) Memhik -> Я когда телефон из Корана достал
(1916884035, FotikHi) Memhik -> Она выпила
(1921573658, kotleni) шлюха -> у меня карта без пластика
(1921573658, kotleni) шлюха -> везде телефоном плачу
(1921573658, kotleni) шлюха -> null
(1916884035, FotikHi) Memhik -> У меня кнокс тикнутый
(1916884035, FotikHi) Memhik -> У меня самсунг
(1921573658, kotleni) шлюха -> и что?
(1916884035, FotikHi) Memhik -> А у меня кнокс тикнутый
(1916884035, FotikHi) Memhik -> А с тикнутым кноксом
(1916884035, FotikHi) Memhik -> Самсунг пей не работает
(1921573658, kotleni) шлюха -> а тю
(1921573658, kotleni) шлюха -> восстанови
(1916884035, FotikHi) Memhik -> А восстановить его незя
(1916884035, FotikHi) Memhik -> Не у я по заводу его перепрошил
(1916884035, FotikHi) Memhik -> Хуй знает
(1916884035, FotikHi) Memhik -> Может работает
(1916884035, FotikHi) Memhik -> Но это надо проверить
(1916884035, FotikHi) Memhik -> А у меня карты банковской нету
(1916884035, FotikHi) Memhik -> А приложением май кнокс тоже не проверить
(1916884035, FotikHi) Memhik -> Потому что оно не поддерживается моей моделью
(1921573658, kotleni) шлюха -> null
(1921573658, kotleni) шлюха -> anal_fist
(1921573658, kotleni) шлюха -> ing
(1916884035, FotikHi) Memhik -> Крч там Самсунг пока эту залупа делали, явно что то курили
(1921573658, kotleni) шлюха -> сасунг всегда накуренные
(1916884035, FotikHi) Memhik -> Хахах
(1921573658, kotleni) шлюха -> это ок
(1916884035, FotikHi) Memhik -> У меня Т9 материться научился
(1921573658, kotleni) шлюха -> учится у профи)
(1916884035, FotikHi) Memhik -> А потом удивляются
(1916884035, FotikHi) Memhik -> Почему такие дауны как я телефоны перепрашивают
(1916884035, FotikHi) Memhik -> Хммм
(1916884035, FotikHi) Memhik -> Стоп
(1916884035, FotikHi) Memhik -> /ban No Name
(1921573658, kotleni) шлюха -> ну я отказался от всего этого добра
(1916884035, FotikHi) Memhik -> О
(1916884035, FotikHi) Memhik -> /pardon No Name
(1921573658, kotleni) шлюха -> в сторону эпла
(1916884035, FotikHi) Memhik -> Нуу
(1916884035, FotikHi) Memhik -> У них хорошие телики
(1921573658, kotleni) шлюха -> но настольный брать точно не буду от эпла
(1921573658, kotleni) шлюха -> для игр венда нужно
(1916884035, FotikHi) Memhik -> И типа экосистема
(1921573658, kotleni) шлюха -> и железо хорошее
(1916884035, FotikHi) Memhik -> Но Ноа кривая
(1921573658, kotleni) шлюха -> null
(1921573658, kotleni) шлюха -> у кого?
(1916884035, FotikHi) Memhik -> У сасунга
(1921573658, kotleni) шлюха -> да
(1921573658, kotleni) шлюха -> вроде только у Эпла все ок
(1916884035, FotikHi) Memhik -> Идея с экосистемой (её работай) прикольноя
(1916884035, FotikHi) Memhik -> Но через очко оно работает
(1916884035, FotikHi) Memhik -> Ну у хуйавея
(1921573658, kotleni) шлюха -> у Эпла только в ней один косяк
(1916884035, FotikHi) Memhik -> Там идёт всё потихоньку
(1921573658, kotleni) шлюха -> иногда не появлется handoff
(1916884035, FotikHi) Memhik -> Чел
(1916884035, FotikHi) Memhik -> Я дроидер
(1921573658, kotleni) шлюха -> я со своей стороны говорю)
(1916884035, FotikHi) Memhik -> Мне если в телефоне что то не нравиться
(1921573658, kotleni) шлюха -> после кривого как моя спина ведра
(1916884035, FotikHi) Memhik -> Там к примеру ОЗУ мало
(1921573658, kotleni) шлюха -> это так охуенно
(1916884035, FotikHi) Memhik -> Я ставлю рут
(1916884035, FotikHi) Memhik -> И делаю раздел подкачки
(1921573658, kotleni) шлюха -> ор)
(1921573658, kotleni) шлюха -> zram: ну да6 нуда - пошел я нахуй
(1921573658, kotleni) шлюха -> google: made zram
mamhik: swapon
(1916884035, FotikHi) Memhik -> Шооо
(1921573658, kotleni) шлюха -> pizda CPU, неси больше MHz
(1916884035, FotikHi) Memhik -> Ахаха
(1921573658, kotleni) шлюха -> шаришь за ZRAM?
(1916884035, FotikHi) Memhik -> Ну
(1916884035, FotikHi) Memhik -> Блять
(1916884035, FotikHi) Memhik -> Чел
(1916884035, FotikHi) Memhik -> Сасунг
(1916884035, FotikHi) Memhik -> Они всё ограничивают
(1921573658, kotleni) шлюха -> врядли они zram режут
(1921573658, kotleni) шлюха -> https://ru.wikipedia.org/wiki/ZRam
(1921573658, kotleni) шлюха -> на ведре оно более высокий приоритет имеет чем в лине даже
(1916884035, FotikHi) Memhik -> Типа
(1921573658, kotleni) шлюха -> и swap не активируется даже в 99%
(1916884035, FotikHi) Memhik -> Чел
(1916884035, FotikHi) Memhik -> Я ебу
(1916884035, FotikHi) Memhik -> Храм вроде в новых версиях есть
(1916884035, FotikHi) Memhik -> Именно что в настрах его можно сделать
(1921573658, kotleni) шлюха -> он еще в древних версиях
(1921573658, kotleni) шлюха -> в новых версиях его вроде просто обновили
(1921573658, kotleni) шлюха -> не?
(1921573658, kotleni) шлюха -> я его видел еще в сорсах android 3
(1921573658, kotleni) шлюха -> а в 4.0 точно он был)
(1921573658, kotleni) шлюха -> короче, в LZO сила!
(1921573658, kotleni) шлюха -> а этот ваш swap медленный как мой дед
(1921573658, kotleni) шлюха -> (он умер)
(1921573658, kotleni) шлюха -> скучно пиздец
(1123494502, the_world_ficus) Санджи -> Ебать
(1123494502, the_world_ficus) Санджи -> О включтлся
(1921573658, kotleni) шлюха -> кто
(1123494502, the_world_ficus) Санджи -> /help null
(1123494502, the_world_ficus) Санджи -> /jojo null
(1123494502, the_world_ficus) Санджи -> Уууу
(1123494502, the_world_ficus) Санджи -> Чел харош
(1123494502, the_world_ficus) Санджи -> АХУИТЕЛЕН
(1921573658, kotleni) шлюха -> тебе плохо?
(1921573658, kotleni) шлюха -> ебу дал мальчик
(1123494502, the_world_ficus) Санджи -> Вххаахха
(1123494502, the_world_ficus) Санджи -> Я чекнул команду просто
(1921573658, kotleni) шлюха -> какую
(1921573658, kotleni) шлюха -> а
(1921573658, kotleni) шлюха -> джотару?
(1123494502, the_world_ficus) Санджи -> Да
(1123494502, the_world_ficus) Санджи -> Мило
(1921573658, kotleni) шлюха -> старался для тебя
(1123494502, the_world_ficus) Санджи -> null
(1921573658, kotleni) шлюха -> null
(1921573658, kotleni) шлюха -> хочу сало
(1921573658, kotleni) шлюха -> /broadcast Пародам свою девстенность, писать Санджи.
(1921573658, kotleni) шлюха -> /broadcast Пародам свою девстенность, писать Санджи.
(1921573658, kotleni) шлюха -> /broadcast Пародам свою девстенность, писать Санджи.
(1123494502, the_world_ficus) Санджи -> null
(1921573658, kotleni) шлюха -> поч
(1916884035, FotikHi) Memhik -> Я хуй знает
(1916884035, FotikHi) Memhik -> Я на 7 сиду
(1916884035, FotikHi) Memhik -> /help null
(1921573658, kotleni) шлюха -> круто
(1916884035, FotikHi) Memhik -> /broadcast ПРОДАМ ОЧКО СЕМПА....  СВОЁ, ПИСАТЬ @FotikHi
(1921573658, kotleni) шлюха -> бля
(1921573658, kotleni) шлюха -> https://www.youtube.com/watch?v=yEgyoVSYAek
(1921573658, kotleni) шлюха -> срочно
(1916884035, FotikHi) Memhik -> Хахах
(1916884035, FotikHi) Memhik -> Бан зеленскому
(1921573658, kotleni) шлюха -> ахахаха
(1921573658, kotleni) шлюха -> слава украине
(1921573658, kotleni) шлюха -> слава комикам
(1921573658, kotleni) шлюха -> ой
(1921573658, kotleni) шлюха -> президенту
(2019031307, null) No Name -> /nick Зеленский
(1916884035, FotikHi) Memhik -> /ban Зеленский
(1921573658, kotleni) шлюха -> хаха
(1123494502, the_world_ficus) Санджи -> null
(1916884035, FotikHi) Memhik -> ТЕКСТОМ БЛЯТЬ МОЖНО?!!!!
java.lang.NullPointerException
	at SelfBot.onMessage(SelfBot.kt:95)
	at bot.TelegramBot$start$1.invokeSuspend(TelegramBot.kt:20)
	at bot.TelegramBot$start$1.invoke(TelegramBot.kt)
	at bot.TelegramBot$start$1.invoke(TelegramBot.kt)
	at com.elbekD.bot.UpdateHandler$handle$$inlined$let$lambda$2.invokeSuspend(UpdateHandler.kt:101)
	at kotlin.coroutines.jvm.internal.BaseContinuationImpl.resumeWith(ContinuationImpl.kt:33)
	at kotlinx.coroutines.DispatchedTask.run(DispatchedTask.kt:106)
	at kotlinx.coroutines.scheduling.CoroutineScheduler.runSafely(CoroutineScheduler.kt:571)
	at kotlinx.coroutines.scheduling.CoroutineScheduler$Worker.executeTask(CoroutineScheduler.kt:750)
	at kotlinx.coroutines.scheduling.CoroutineScheduler$Worker.runWorker(CoroutineScheduler.kt:678)
	at kotlinx.coroutines.scheduling.CoroutineScheduler$Worker.run(CoroutineScheduler.kt:665)

(1921573658, kotleni) шлюха -> блять
(1916884035, FotikHi) Memhik -> Мммм
(1916884035, FotikHi) Memhik -> Втф
(1123494502, the_world_ficus) Санджи -> null
(1921573658, kotleni) шлюха -> ошибки в чат админам кидает
(1921573658, kotleni) шлюха -> если что
(1916884035, FotikHi) Memhik -> Ааа
(1916884035, FotikHi) Memhik -> Ок
(1921573658, kotleni) шлюха -> сладких
(1123494502, the_world_ficus) Санджи -> null
(1123494502, the_world_ficus) Санджи -> /jojo null
(1916884035, FotikHi) Memhik -> Хуя чё заява
(1916884035, FotikHi) Memhik -> Т9 шалит
(1921573658, kotleni) шлюха -> що
(1916884035, FotikHi) Memhik -> Я хз
(1921573658, kotleni) шлюха -> вф
(1921573658, kotleni) шлюха -> ясно
(1921573658, kotleni) шлюха -> удаляю бота
(1921573658, kotleni) шлюха -> крч
(1921573658, kotleni) шлюха -> бб
(1916884035, FotikHi) Memhik -> Бб
(1916884035, FotikHi) Memhik -> /pardon Зеленский
(1916884035, FotikHi) Memhik -> ./ban шлюха
(1916884035, FotikHi) Memhik -> Лй
(1916884035, FotikHi) Memhik -> Ой
(1921573658, kotleni) шлюха -> забань меня пж
(1916884035, FotikHi) Memhik -> Аххаах
(1916884035, FotikHi) Memhik -> Ок
(1921573658, kotleni) шлюха -> жду
(1916884035, FotikHi) Memhik -> /ban шлюха
(1921573658, kotleni) шлюха -> в
(1921573658, kotleni) шлюха -> видно меня?
(1916884035, FotikHi) Memhik -> /ban Memhik
(900409142, aki_neko) Аки -> Ы
(1921573658, kotleni) шлюха -> /pardon шлюха
(900409142, aki_neko) Аки -> Что творите
(1921573658, kotleni) шлюха -> 😆
(900409142, aki_neko) Аки -> А понял
(1921573658, kotleni) шлюха -> ку
(1921573658, kotleni) шлюха -> привет
(1921573658, kotleni) шлюха -> хочу тебя
(1916884035, FotikHi) Memhik -> /pardon Memhik
(1921573658, kotleni) шлюха -> раздевайся
(1921573658, kotleni) шлюха -> золотце
(900409142, aki_neko) Аки -> Я тоже
(1916884035, FotikHi) Memhik -> Хахахп
(900409142, aki_neko) Аки -> Жду 😘
(1921573658, kotleni) шлюха -> я уже голый
(1921573658, kotleni) шлюха -> даже без трусов
(1916884035, FotikHi) Memhik -> Гачи мучи
(1921573658, kotleni) шлюха -> это девка
(1921573658, kotleni) шлюха -> /ban Memhik
(1916884035, FotikHi) Memhik -> А
(900409142, aki_neko) Аки -> 😂
(900409142, aki_neko) Аки -> Пхпх
(900409142, aki_neko) Аки -> Не балуйся так
(1916884035, FotikHi) Memhik -> /pardon Memhik
(1916884035, FotikHi) Memhik -> Хыыы
(1921573658, kotleni) шлюха -> suka
(1916884035, FotikHi) Memhik -> Ага
(900409142, aki_neko) Аки -> Сложные у вас отнашения
(1916884035, FotikHi) Memhik -> Ой всё
(1921573658, kotleni) шлюха -> /own Memhik
(1921573658, kotleni) шлюха -> /own Memhik
(1921573658, kotleni) шлюха -> /own Memhik
(1921573658, kotleni) шлюха -> /own Memhik
(1921573658, kotleni) шлюха -> /own Memhik
(1921573658, kotleni) шлюха -> /own Memhik
(1921573658, kotleni) шлюха -> /own Memhik
(1916884035, FotikHi) Memhik -> Ебитесь
(1921573658, kotleni) шлюха -> /own Memhik
(1921573658, kotleni) шлюха -> /own Memhik
(1921573658, kotleni) шлюха -> /own Memhik
(1921573658, kotleni) шлюха -> /own Memhik
(1916884035, FotikHi) Memhik -> Я вам не мешаю
(900409142, aki_neko) Аки -> null
(1921573658, kotleni) шлюха -> яд рочить
(1916884035, FotikHi) Memhik -> Хаха
(900409142, aki_neko) Аки -> А я умирать
(1916884035, FotikHi) Memhik -> Шифр гитлера
(1916884035, FotikHi) Memhik -> Я с тобой
(900409142, aki_neko) Аки -> null
(1921573658, kotleni) шлюха -> суа
(1921573658, kotleni) шлюха -> блять
(900409142, aki_neko) Аки -> Жду дорогой
(1921573658, kotleni) шлюха -> еще одного не отвергла
(1921573658, kotleni) шлюха -> а меня отвергает 24 на 7
(1921573658, kotleni) шлюха -> пиздец
(1921573658, kotleni) шлюха -> пошел я нахуй
(900409142, aki_neko) Аки -> Нет
(1921573658, kotleni) шлюха -> /ban шлюха
(900409142, aki_neko) Аки -> null
(1916884035, FotikHi) Memhik -> Ахаах
(1916884035, FotikHi) Memhik -> А кто его отвергает?
(900409142, aki_neko) Аки -> Я которая с ним знакома больше двух лет и все еще здесь
(900409142, aki_neko) Аки -> Хз
(1921573658, kotleni) шлюха -> /pardon шлюха
(1921573658, kotleni) шлюха -> все
(1916884035, FotikHi) Memhik -> null
(1921573658, kotleni) шлюха -> /ban шлюха
(900409142, aki_neko) Аки -> null
(900409142, aki_neko) Аки -> null
(1916884035, FotikHi) Memhik -> Что это
java.lang.NullPointerException
	at SelfBot.onMessage(SelfBot.kt:95)
	at bot.TelegramBot$start$1.invokeSuspend(TelegramBot.kt:20)
	at bot.TelegramBot$start$1.invoke(TelegramBot.kt)
	at bot.TelegramBot$start$1.invoke(TelegramBot.kt)
	at com.elbekD.bot.UpdateHandler$handle$$inlined$let$lambda$2.invokeSuspend(UpdateHandler.kt:101)
	at kotlin.coroutines.jvm.internal.BaseContinuationImpl.resumeWith(ContinuationImpl.kt:33)
	at kotlinx.coroutines.DispatchedTask.run(DispatchedTask.kt:106)
	at kotlinx.coroutines.scheduling.CoroutineScheduler.runSafely(CoroutineScheduler.kt:571)
	at kotlinx.coroutines.scheduling.CoroutineScheduler$Worker.executeTask(CoroutineScheduler.kt:750)
	at kotlinx.coroutines.scheduling.CoroutineScheduler$Worker.runWorker(CoroutineScheduler.kt:678)
	at kotlinx.coroutines.scheduling.CoroutineScheduler$Worker.run(CoroutineScheduler.kt:665)

(1916884035, FotikHi) Memhik -> Ой блять
(1916884035, FotikHi) Memhik -> Вчё
(900409142, aki_neko) Аки -> Витя не буянь
(1916884035, FotikHi) Memhik -> Бот по пизде пошёл
(1921573658, kotleni) шлюха -> /broadcast я ебал собаку (Аки)
(900409142, aki_neko) Аки -> Создатель обиделся (
(1916884035, FotikHi) Memhik -> Хаха
(900409142, aki_neko) Аки -> null
(1916884035, FotikHi) Memhik -> Тут просто ошибка
(1916884035, FotikHi) Memhik -> null
(1916884035, FotikHi) Memhik -> null
(900409142, aki_neko) Аки -> Да конечно (
(900409142, aki_neko) Аки -> Обижает меня 😭
(900409142, aki_neko) Аки -> Я с ним чуть ли живу
(900409142, aki_neko) Аки -> А он 😭
(1921573658, kotleni) шлюха -> /broadcast хочу попу Аки
(1921573658, kotleni) шлюха -> /pardon шлюха
(900409142, aki_neko) Аки -> О привет
(1916884035, FotikHi) Memhik -> Хахаха
(1916884035, FotikHi) Memhik -> /help null
(1921573658, kotleni) шлюха -> привет
(1921573658, kotleni) шлюха -> скинь сиськи
(900409142, aki_neko) Аки -> Как ты?
(1921573658, kotleni) шлюха -> плоха
(1921573658, kotleni) шлюха -> плачу в углу
(900409142, aki_neko) Аки -> Почему?(
(1921573658, kotleni) шлюха -> обижаете все
(1921573658, kotleni) шлюха -> оставили одного
(1921573658, kotleni) шлюха -> еще и стебуться
(900409142, aki_neko) Аки -> Нет(
(900409142, aki_neko) Аки -> Та ну
(900409142, aki_neko) Аки -> null
(900409142, aki_neko) Аки -> Я люблю тебя
(1916884035, FotikHi) Memhik -> /broadcast у кого то ПМС ( не буду показывать на семпа....  Мемчика)
(1921573658, kotleni) шлюха -> пиздит
(1921573658, kotleni) шлюха -> у меня пмс;(
(1916884035, FotikHi) Memhik -> Аххаха
(1916884035, FotikHi) Memhik -> Я заметил
(900409142, aki_neko) Аки -> Та чёт да(
(1916884035, FotikHi) Memhik -> /nick Админ-Memhik
(1921573658, kotleni) шлюха -> программисткский месячный синдром
(1921573658, kotleni) шлюха -> null
(1916884035, FotikHi) Админ-Memhik -> Ага
(1916884035, FotikHi) Админ-Memhik -> null
(1921573658, kotleni) шлюха -> не
(1916884035, FotikHi) Админ-Memhik -> Бля моя гифка
java.lang.NullPointerException
	at SelfBot.onMessage(SelfBot.kt:95)
	at bot.TelegramBot$start$1.invokeSuspend(TelegramBot.kt:20)
	at bot.TelegramBot$start$1.invoke(TelegramBot.kt)
	at bot.TelegramBot$start$1.invoke(TelegramBot.kt)
	at com.elbekD.bot.UpdateHandler$handle$$inlined$let$lambda$2.invokeSuspend(UpdateHandler.kt:101)
	at kotlin.coroutines.jvm.internal.BaseContinuationImpl.resumeWith(ContinuationImpl.kt:33)
	at kotlinx.coroutines.DispatchedTask.run(DispatchedTask.kt:106)
	at kotlinx.coroutines.scheduling.CoroutineScheduler.runSafely(CoroutineScheduler.kt:571)
	at kotlinx.coroutines.scheduling.CoroutineScheduler$Worker.executeTask(CoroutineScheduler.kt:750)
	at kotlinx.coroutines.scheduling.CoroutineScheduler$Worker.runWorker(CoroutineScheduler.kt:678)
	at kotlinx.coroutines.scheduling.CoroutineScheduler$Worker.run(CoroutineScheduler.kt:665)

(1921573658, kotleni) шлюха -> ./hack
(1921573658, kotleni) шлюха -> .
(1921573658, kotleni) шлюха -> ?
(1916884035, FotikHi) Админ-Memhik -> И чё
(1921573658, kotleni) шлюха -> da
(1921573658, kotleni) шлюха -> /rate null
(1916884035, FotikHi) Админ-Memhik -> И чё он делает
(1921573658, kotleni) шлюха -> ничего
(1916884035, FotikHi) Админ-Memhik -> Гифка топ
java.lang.NullPointerException
	at SelfBot.onMessage(SelfBot.kt:95)
	at bot.TelegramBot$start$1.invokeSuspend(TelegramBot.kt:20)
	at bot.TelegramBot$start$1.invoke(TelegramBot.kt)
	at bot.TelegramBot$start$1.invoke(TelegramBot.kt)
	at com.elbekD.bot.UpdateHandler$handle$$inlined$let$lambda$2.invokeSuspend(UpdateHandler.kt:101)
	at kotlin.coroutines.jvm.internal.BaseContinuationImpl.resumeWith(ContinuationImpl.kt:33)
	at kotlinx.coroutines.DispatchedTask.run(DispatchedTask.kt:106)
	at kotlinx.coroutines.scheduling.CoroutineScheduler.runSafely(CoroutineScheduler.kt:571)
	at kotlinx.coroutines.scheduling.CoroutineScheduler$Worker.executeTask(CoroutineScheduler.kt:750)
	at kotlinx.coroutines.scheduling.CoroutineScheduler$Worker.runWorker(CoroutineScheduler.kt:678)
	at kotlinx.coroutines.scheduling.CoroutineScheduler$Worker.run(CoroutineScheduler.kt:665)

(1916884035, FotikHi) Админ-Memhik -> Да эээ
(1916884035, FotikHi) Админ-Memhik -> Бля
(1921573658, kotleni) шлюха -> это ок
(1921573658, kotleni) шлюха -> надо переписывать
(1921573658, kotleni) шлюха -> лень пизда
(900409142, aki_neko) Аки -> Сложно
(1921573658, kotleni) шлюха -> АКИ
(1921573658, kotleni) шлюха -> АКИ
(1921573658, kotleni) шлюха -> АКИ
(1921573658, kotleni) шлюха -> АКИ
(900409142, aki_neko) Аки -> Аааа
(1921573658, kotleni) шлюха -> АКИ скинь АКИ жопу АКИ
(1921573658, kotleni) шлюха -> АКИ
(1921573658, kotleni) шлюха -> АКИ
(900409142, aki_neko) Аки -> Bubs
(1921573658, kotleni) шлюха -> ну или boobs
(900409142, aki_neko) Аки -> А ой писать не умею
(1921573658, kotleni) шлюха -> null
(1921573658, kotleni) шлюха -> спс за сиськи
(1921573658, kotleni) шлюха -> обожаю тебя за нюдсы в лс
(900409142, aki_neko) Аки -> Незачем
(900409142, aki_neko) Аки -> Не за что
(1916884035, FotikHi) Админ-Memhik -> Мм
(1916884035, FotikHi) Админ-Memhik -> А чё я деактивен та
(900409142, aki_neko) Аки -> null
(900409142, aki_neko) Аки -> Эт норма
(1921573658, kotleni) шлюха -> ээт прикола бота такого
(900409142, aki_neko) Аки -> null
(1921573658, kotleni) шлюха -> сякунду
Storage loaded
Bot started
(1921573658, kotleni) шлюха -> все
(1916884035, FotikHi) Админ-Memhik -> Чел
(1921573658, kotleni) шлюха -> больше не будет такого
(1916884035, FotikHi) Админ-Memhik -> А похуй
(1916884035, FotikHi) Админ-Memhik -> null
(900409142, aki_neko) Аки -> null
(1921573658, kotleni) шлюха -> да пошла ты
(1921573658, kotleni) шлюха -> заебала уже сливать меня
(1921573658, kotleni) шлюха -> член будет следующим?
(1921573658, kotleni) шлюха -> или уже слила?
(1916884035, FotikHi) Админ-Memhik -> Я бы посмотрел на это
(1921573658, kotleni) шлюха -> на что
(1916884035, FotikHi) Админ-Memhik -> На ногу
(1921573658, kotleni) шлюха -> ок
(1916884035, FotikHi) Админ-Memhik -> А ты про что подумал?
(1921573658, kotleni) шлюха -> null
(900409142, aki_neko) Аки -> Да
(1921573658, kotleni) шлюха -> ясно
(1921573658, kotleni) шлюха -> пока
(1921573658, kotleni) шлюха -> я обиделся на тебя
(1921573658, kotleni) шлюха -> если что
(900409142, aki_neko) Аки -> Та ну
(1916884035, FotikHi) Админ-Memhik -> Го бан дам?
(1916884035, FotikHi) Админ-Memhik -> Вам обоим
(1916884035, FotikHi) Админ-Memhik -> /help null
(1916884035, FotikHi) Админ-Memhik -> /jojo null
(1916884035, FotikHi) Админ-Memhik -> K
(1916884035, FotikHi) Админ-Memhik -> /debug null
(1916884035, FotikHi) Админ-Memhik -> /sources null
(1916884035, FotikHi) Админ-Memhik -> /dump null
(1916884035, FotikHi) Админ-Memhik -> /logs null
Storage loaded
Bot started
(1921573658, kotleni) шлюха -> .
(1916884035, FotikHi) Админ-Memhik -> Не подумай
(1916884035, FotikHi) Админ-Memhik -> Мне только айдишники нужны были
(1916884035, FotikHi) Админ-Memhik -> Я хотел чела проверить
(1916884035, FotikHi) Админ-Memhik -> Не пиздит ли он
(1916884035, FotikHi) Админ-Memhik -> Я думал ты мне отключил логи и тд
(1916884035, FotikHi) Админ-Memhik -> А у меня инет залагал
(1921573658, kotleni) шлюха -> )
(1916884035, FotikHi) Админ-Memhik -> Ага
(1916884035, FotikHi) Админ-Memhik -> /me null
(1916884035, FotikHi) Админ-Memhik -> /rate null
(1916884035, FotikHi) Админ-Memhik -> А чулка лет боту?
(1921573658, kotleni) шлюха -> три дня +-
(1916884035, FotikHi) Админ-Memhik -> А
(1916884035, FotikHi) Админ-Memhik -> А Аки говорила что 2 года тут сидит
(1916884035, FotikHi) Админ-Memhik -> 4 только да уж
(1916884035, FotikHi) Админ-Memhik -> Да ёбаный в рот Т9
(1921573658, kotleni) шлюха -> аки со мной 2 года
(1921573658, kotleni) шлюха -> ебемся
(1916884035, FotikHi) Админ-Memhik -> Норм
(1916884035, FotikHi) Админ-Memhik -> Мне бы так
(1921573658, kotleni) шлюха -> смени ник пж
(1916884035, FotikHi) Админ-Memhik -> ;(
(1921573658, kotleni) шлюха -> та не ебемся мы
(1916884035, FotikHi) Админ-Memhik -> На какой?
(1916884035, FotikHi) Админ-Memhik -> Хахаха
(1921573658, kotleni) шлюха -> я не успеваю за ее парнями
(1921573658, kotleni) шлюха -> то один
(1921573658, kotleni) шлюха -> то другой
(1916884035, FotikHi) Админ-Memhik -> Ага
(1921573658, kotleni) шлюха -> убери админ из ника
(1916884035, FotikHi) Админ-Memhik -> У меня так одноклассница в 8 лет встречалась
(1916884035, FotikHi) Админ-Memhik -> /nick Memhik
(1921573658, kotleni) шлюха -> ор
(1921573658, kotleni) шлюха -> девки
(1921573658, kotleni) шлюха -> хули
(900409142, aki_neko) Аки -> Вооот
(1916884035, FotikHi) Memhik -> Я заебался слушать её рассказы о её парнях
(1921573658, kotleni) шлюха -> ну не
(1921573658, kotleni) шлюха -> Аки топ девка
(900409142, aki_neko) Аки -> Та не ври(
(1921573658, kotleni) шлюха -> null
(1916884035, FotikHi) Memhik -> Она из каждые 3 дня меняла
(900409142, aki_neko) Аки -> <3
(1916884035, FotikHi) Memhik -> А потом пару месяцев назад я её шлюхой назвал
(1916884035, FotikHi) Memhik -> И она обидилась
(1916884035, FotikHi) Memhik -> И нанесла на меня своих пмсных подружек
(1921573658, kotleni) шлюха -> норм
(1921573658, kotleni) шлюха -> девочки такие
(1916884035, FotikHi) Memhik -> Они меня в падике зажали, одна с кирпичём а вторая с моими ключами играла
(1921573658, kotleni) шлюха -> ору
(1916884035, FotikHi) Memhik -> Они мне линзу муки поцарапал
(1916884035, FotikHi) Memhik -> 1 линза в очках 5к стоит
(1921573658, kotleni) шлюха -> ой
(1916884035, FotikHi) Memhik -> Знаешь как раздражает эта царапка
(1921573658, kotleni) шлюха -> надо было насмерть захуярить
(1916884035, FotikHi) Memhik -> Я потом за ними бегал ключи от хаты отбирал
(1921573658, kotleni) шлюха -> вхвх
(1916884035, FotikHi) Memhik -> Ахуенно у меня началось лето
(1916884035, FotikHi) Memhik -> Вот бы повторить
(1921573658, kotleni) шлюха -> меня в жизни только раз стебали
(1921573658, kotleni) шлюха -> одна девка)
(1921573658, kotleni) шлюха -> за то что я ей в глаза не смотрел
(1916884035, FotikHi) Memhik -> Хахаха
(1916884035, FotikHi) Memhik -> Я так класснухе мозги ебу
(1921573658, kotleni) шлюха -> null
(1916884035, FotikHi) Memhik -> Когда она начинает выёбвааться
(1916884035, FotikHi) Memhik -> И нарушать закон
(1916884035, FotikHi) Memhik -> То что она телефоны отбирает
(1921573658, kotleni) шлюха -> null
(1921573658, kotleni) шлюха -> у меня за 9 лет
(1916884035, FotikHi) Memhik -> Что нас на переменные задерживает
(1921573658, kotleni) шлюха -> 1 раз забрали
(1916884035, FotikHi) Memhik -> Ахахаха
(1916884035, FotikHi) Memhik -> Я вот думаю
(1921573658, kotleni) шлюха -> в 9 классе
(1921573658, kotleni) шлюха -> когда я палку перегнул)
(1916884035, FotikHi) Memhik -> Что себе на др купить
(1916884035, FotikHi) Memhik -> Ссд или сборник законов
(1921573658, kotleni) шлюха -> ссд
(1921573658, kotleni) шлюха -> >.<
(1916884035, FotikHi) Memhik -> А потом ещё малинку
(1921573658, kotleni) шлюха -> зач
(1916884035, FotikHi) Memhik -> Купить перпелер от 446 сокета
(1916884035, FotikHi) Memhik -> Всё это сколхозить
(1921573658, kotleni) шлюха -> ору
(1916884035, FotikHi) Memhik -> Найти дебила который мне на 3д принтере напичатает корпус для всей этой хуйни
(1921573658, kotleni) шлюха -> null
(1916884035, FotikHi) Memhik -> И сидеть на уроках Пентагон взламывать
(1921573658, kotleni) шлюха -> зачем
(1921573658, kotleni) шлюха -> я себе orange pi заказал
(1916884035, FotikHi) Memhik -> А ну и в Майнкрафт в 10фпс играть
(1916884035, FotikHi) Memhik -> Можно
(1921573658, kotleni) шлюха -> но там
(1921573658, kotleni) шлюха -> нет
(1916884035, FotikHi) Memhik -> Но на неё инструкций нема
(1921573658, kotleni) шлюха -> wifi(
(1921573658, kotleni) шлюха -> прийдется с модема
(1921573658, kotleni) шлюха -> дохуя)
(1916884035, FotikHi) Memhik -> Ой не беда
(1916884035, FotikHi) Memhik -> Ну я особо не нашёл
(1916884035, FotikHi) Memhik -> Но она в разы мощнее
(1921573658, kotleni) шлюха -> бота на ней буду держать наверное
(1916884035, FotikHi) Memhik -> Ещё купить флешку
(1921573658, kotleni) шлюха -> null
(1916884035, FotikHi) Memhik -> И юзать её как файл подкачки
(1921573658, kotleni) шлюха -> интересно
(1916884035, FotikHi) Memhik -> Что бы ОЗУ больше было
(1921573658, kotleni) шлюха -> как будет бот себя чувствовать на ней?
(1921573658, kotleni) шлюха -> АХХАХА
(1921573658, kotleni) шлюха -> - флешка(
(1921573658, kotleni) шлюха -> жаль деда
(1916884035, FotikHi) Memhik -> Похуй
(1916884035, FotikHi) Memhik -> У меня их 3
(1921573658, kotleni) шлюха -> не надо пихать подкачку
(1921573658, kotleni) шлюха -> на вес попало
(1921573658, kotleni) шлюха -> минус производительсть в разы
(1916884035, FotikHi) Memhik -> На них всех слака стоит
(1921573658, kotleni) шлюха -> null
(1916884035, FotikHi) Memhik -> Я хуй знает нахуя
(1916884035, FotikHi) Memhik -> Но пусть будет
(1921573658, kotleni) шлюха -> не твори хуйню
(1916884035, FotikHi) Memhik -> Всм?
(1916884035, FotikHi) Memhik -> null
(1921573658, kotleni) шлюха -> зачем
(1921573658, kotleni) шлюха -> это как себе вместо ноги палку вставить
(1916884035, FotikHi) Memhik -> Слака?
(1921573658, kotleni) шлюха -> работает, но медленно
(1916884035, FotikHi) Memhik -> Слака
(1921573658, kotleni) шлюха -> своп
(1916884035, FotikHi) Memhik -> Ну
(1916884035, FotikHi) Memhik -> Смотри
(1916884035, FotikHi) Memhik -> Я хуй знает
(1916884035, FotikHi) Memhik -> Но
(1921573658, kotleni) шлюха -> null
(1916884035, FotikHi) Memhik -> На usb 1 он тормозит, на usb3.1 gen1 он лагает, а на usb 2 он летает
(1921573658, kotleni) шлюха -> ор
(1921573658, kotleni) шлюха -> круто
(1921573658, kotleni) шлюха -> ор
(1916884035, FotikHi) Memhik -> Я хз чё там создатель слакса курил
(1916884035, FotikHi) Memhik -> Но явно что то зелёное и травообразное
(1921573658, kotleni) шлюха -> ор
(1916884035, FotikHi) Memhik -> /me null
(1916884035, FotikHi) Memhik -> Не обижайся
(1916884035, FotikHi) Memhik -> Орать будешь в постели
(1916884035, FotikHi) Memhik -> Эхх амино
(1921573658, kotleni) шлюха -> They Want And Then
Jane WatThey Want And Then
Jane WatThey Want And Then
Jane WatThey Want And Then
Jane WatThey Want And Then
Jane WatThey Want And Then
Jane WatThey Want And Then
Jane WatThey Want And Then
Jane WatThey Want And Then
Jane WatThey Want And Then
Jane WatThey Want And Then
Jane WatThey Want And Then
Jane WatThey Want And Then
Jane WatThey Want And Then
Jane WatThey Want And Then
Jane WatThey Want And Then
Jane WatThey Want And Then
Jane WatThey Want And Then
Jane WatThey Want And Then
Jane WatThey Want And Then
Jane WatThey Want And Then
Jane WatThey Want And Then
Jane WatThey Want And Then
Jane WatThey Want And Then
Jane WatThey Want And Then
Jane WatThey Want And Then
Jane WatThey Want And Then
Jane WatThey Want And Then
Jane WatThey Want And Then
Jane WatThey Want And Then
Jane WatThey Want And Then
Jane WatThey Want And Then
Jane Wat
(1916884035, FotikHi) Memhik -> Многому ты меня научило
(1921573658, kotleni) шлюха -> ?
(1916884035, FotikHi) Memhik -> Амино
(1916884035, FotikHi) Memhik -> В эпсторе
(1916884035, FotikHi) Memhik -> Вбей
(1916884035, FotikHi) Memhik -> И поймёшь
(1916884035, FotikHi) Memhik -> О чём я
(1921573658, kotleni) шлюха -> та знаю
(1916884035, FotikHi) Memhik -> 2 года там не сидел
(1921573658, kotleni) шлюха -> место для тупыз
(1921573658, kotleni) шлюха -> ой
(1916884035, FotikHi) Memhik -> Блять настальгии
(1921573658, kotleni) шлюха -> дял анимешников
(1921573658, kotleni) шлюха -> блять
(1921573658, kotleni) шлюха -> null
(1916884035, FotikHi) Memhik -> Кого?
(1921573658, kotleni) шлюха -> ?
(1916884035, FotikHi) Memhik -> Забей
(1916884035, FotikHi) Memhik -> Бля
(1921573658, kotleni) шлюха -> https://www.youtube.com/watch?v=nB8Ss9LEXM0
(1916884035, FotikHi) Memhik -> Пойду амино скачаю
(1916884035, FotikHi) Memhik -> Я ахуел если там все живы
(1921573658, kotleni) шлюха -> сюда людей зови
(1916884035, FotikHi) Memhik -> Хаха
(1916884035, FotikHi) Memhik -> Хз хз
(1916884035, FotikHi) Memhik -> Я там уважаемое лицо был
(1916884035, FotikHi) Memhik -> В соо одном
(1916884035, FotikHi) Memhik -> Но потом
(1916884035, FotikHi) Memhik -> Яливнул
(1921573658, kotleni) шлюха -> а тут пустое место?
(1921573658, kotleni) шлюха -> ты в топ 3 важный персон бота
(1921573658, kotleni) шлюха -> можно бота на ночь оффнуть?
(1921573658, kotleni) шлюха -> спасибо
(1916884035, FotikHi) Memhik -> Ахха
(1916884035, FotikHi) Memhik -> Э
(1916884035, FotikHi) Memhik -> Всм
(1916884035, FotikHi) Memhik -> /rate null
(1921573658, kotleni) шлюха -> всм
(1921573658, kotleni) шлюха -> Мемхик
(1921573658, kotleni) шлюха -> Как тебя зовут то?
(1729430578, b33pb0op)  -> /start null
(1729430578, b33pb0op)  -> лол
New user added: b33pb0op by 1729430578
(1921573658, kotleni) шлюха -> А
(1921573658, kotleni) шлюха -> Что?
(5048008619, null) carine -> Привет
(1444802358, mmpp06) mmpp06 -> Привет
(1444802358, mmpp06) mmpp06 -> Кто вы
(1444802358, mmpp06) mmpp06 -> Как вы
(1921573658, kotleni) шлюха -> Мы
(1921573658, kotleni) шлюха -> Я
(1921573658, kotleni) шлюха -> Э
(1921573658, kotleni) шлюха -> Я Витя
(1921573658, kotleni) шлюха -> А вы?
(5048008619, null) carine -> Мы, бендеровцы
(1921573658, kotleni) шлюха -> И все слились куда-то…
(1916884035, FotikHi) Memhik -> БЛЯТЬ
(1921573658, kotleni) шлюха -> С
(1916884035, FotikHi) Memhik -> Щас на шаурму порежу
(1916884035, FotikHi) Memhik -> Не мемхик а мемчик
(1916884035, FotikHi) Memhik -> А завут меня Владимир
(1921573658, kotleni) шлюха -> Хм
(1921573658, kotleni) шлюха -> Memchik
(1921573658, kotleni) шлюха -> Not memhik
(1916884035, FotikHi) Memhik -> Чел
(1916884035, FotikHi) Memhik -> Я этот ник в 10 лет придумал
(1921573658, kotleni) шлюха -> Ок
(1921573658, kotleni) шлюха -> null
(1916884035, FotikHi) Memhik -> чно
(1916884035, FotikHi) Memhik -> ясно
(900409142, aki_neko) Аки -> В
(900409142, aki_neko) Аки -> Ы
(1921573658, kotleni) шлюха -> Ю
(1916884035, FotikHi) Memhik -> null
(1916884035, FotikHi) Memhik -> Я её ногой погладить хотел
(1921573658, kotleni) шлюха -> Ахах
(1916884035, FotikHi) Memhik -> А она.....
(1916884035, FotikHi) Memhik -> Кунг-фу киса
(900409142, aki_neko) Аки -> А нефег😂
(900409142, aki_neko) Аки -> null
(1916884035, FotikHi) Memhik -> Я её погладить хотел
(1916884035, FotikHi) Memhik -> ТЕКСТОМ
java.lang.NullPointerException
	at SelfBot.onMessage(SelfBot.kt:95)
	at bot.TelegramBot$start$1.invokeSuspend(TelegramBot.kt:20)
	at bot.TelegramBot$start$1.invoke(TelegramBot.kt)
	at bot.TelegramBot$start$1.invoke(TelegramBot.kt)
	at com.elbekD.bot.UpdateHandler$handle$$inlined$let$lambda$2.invokeSuspend(UpdateHandler.kt:101)
	at kotlin.coroutines.jvm.internal.BaseContinuationImpl.resumeWith(ContinuationImpl.kt:33)
	at kotlinx.coroutines.DispatchedTask.run(DispatchedTask.kt:106)
	at kotlinx.coroutines.scheduling.CoroutineScheduler.runSafely(CoroutineScheduler.kt:571)
	at kotlinx.coroutines.scheduling.CoroutineScheduler$Worker.executeTask(CoroutineScheduler.kt:750)
	at kotlinx.coroutines.scheduling.CoroutineScheduler$Worker.runWorker(CoroutineScheduler.kt:678)
	at kotlinx.coroutines.scheduling.CoroutineScheduler$Worker.run(CoroutineScheduler.kt:665)

(1916884035, FotikHi) Memhik -> Текстом
(1916884035, FotikHi) Memhik -> Плиз
(900409142, aki_neko) Аки -> null
(900409142, aki_neko) Аки -> Я кушаю бутер с колбасой а кошка ко мне подкатывает
(1921573658, kotleni) шлюха -> Хэ
(1916884035, FotikHi) Memhik -> Зоофил
(1916884035, FotikHi) Memhik -> Ка
(1921573658, kotleni) шлюха -> Ору
(1921573658, kotleni) шлюха -> Она настолько милая
(1921573658, kotleni) шлюха -> Что животные пристают
(900409142, aki_neko) Аки -> null
(900409142, aki_neko) Аки -> Спасибо
(1916884035, FotikHi) Memhik -> null
(1916884035, FotikHi) Memhik -> null
(1916884035, FotikHi) Memhik -> null
(1916884035, FotikHi) Memhik -> Эволюция моей психики
(1921573658, kotleni) шлюха -> Ору
(1921573658, kotleni) шлюха -> null
(1921573658, kotleni) шлюха -> null
(1921573658, kotleni) шлюха -> null
(1916884035, FotikHi) Memhik -> Орать будешь в постели
(1921573658, kotleni) шлюха -> Моей
(1921573658, kotleni) шлюха -> Уже Лоу
(1921573658, kotleni) шлюха -> Ору
(1921573658, kotleni) шлюха -> Владик ебет
(1916884035, FotikHi) Memhik -> Осуждаю
java.lang.NullPointerException
	at SelfBot.onMessage(SelfBot.kt:95)
	at bot.TelegramBot$start$1.invokeSuspend(TelegramBot.kt:20)
	at bot.TelegramBot$start$1.invoke(TelegramBot.kt)
	at bot.TelegramBot$start$1.invoke(TelegramBot.kt)
	at com.elbekD.bot.UpdateHandler$handle$$inlined$let$lambda$2.invokeSuspend(UpdateHandler.kt:101)
	at kotlin.coroutines.jvm.internal.BaseContinuationImpl.resumeWith(ContinuationImpl.kt:33)
	at kotlinx.coroutines.DispatchedTask.run(DispatchedTask.kt:106)
	at kotlinx.coroutines.scheduling.CoroutineScheduler.runSafely(CoroutineScheduler.kt:571)
	at kotlinx.coroutines.scheduling.CoroutineScheduler$Worker.executeTask(CoroutineScheduler.kt:750)
	at kotlinx.coroutines.scheduling.CoroutineScheduler$Worker.runWorker(CoroutineScheduler.kt:678)
	at kotlinx.coroutines.scheduling.CoroutineScheduler$Worker.run(CoroutineScheduler.kt:665)

(1916884035, FotikHi) Memhik -> ДА ЁБАНЫЕ ОШИБКИ
(1916884035, FotikHi) Memhik -> осуждаю 3рейх
(1921573658, kotleni) шлюха -> Ой
(1921573658, kotleni) шлюха -> Бан
(1916884035, FotikHi) Memhik -> Потому что они меня не взяли в свои войска
(1921573658, kotleni) шлюха -> Бан бан
(1916884035, FotikHi) Memhik -> /ban Memhik
(900409142, aki_neko) Аки -> Пх
(1916884035, FotikHi) Memhik -> /pardon Memhik
(1921573658, kotleni) шлюха -> Да
(1921573658, kotleni) шлюха -> Я зиги кидаю по городу
(1921573658, kotleni) шлюха -> Общажные зовут меня фашистом
(1916884035, FotikHi) Memhik -> Ну блять
(1916884035, FotikHi) Memhik -> Мой фюрер, когда рассию будимь ебать?
(1916884035, FotikHi) Memhik -> Бах Бах, и нема рассия
(1921573658, kotleni) шлюха -> Будем ебать завтра в 10:10
(1921573658, kotleni) шлюха -> Нападем на Беларусь
(1444802358, mmpp06) mmpp06 -> Есть девушка
(1444802358, mmpp06) mmpp06 -> Интим скинуть
(1921573658, kotleni) шлюха -> Есть
(1921573658, kotleni) шлюха -> null
(900409142, aki_neko) Аки -> Я
(1921573658, kotleni) шлюха -> И я
(1444802358, mmpp06) mmpp06 -> Скинь
(5090116236, sleddog422)  -> /start null
(1921573658, kotleni) шлюха -> Плохо просишь
(1444802358, mmpp06) mmpp06 -> Тогда соси
(1921573658, kotleni) шлюха -> Тогда диван
(1444802358, mmpp06) mmpp06 -> Под диваном
(1921573658, kotleni) шлюха -> Не
(1921573658, kotleni) шлюха -> Диван
(1921573658, kotleni) шлюха -> Жду тебя там
(1444802358, mmpp06) mmpp06 -> Тогда соси
(1921573658, kotleni) шлюха -> Эх
(1921573658, kotleni) шлюха -> Совсем парни слились
