Storage loaded
Bot started
(900409142, aki_neko) Аки -> /nickАки
(900409142, aki_neko) Аки -> Ееее
(1921573658, kotleni) шлюха -> Жю
(900409142, aki_neko) Аки -> Сложно
(1921573658, kotleni) шлюха -> бота вырубал
(900409142, aki_neko) Аки -> Бедный бот, так трудиться
(900409142, aki_neko) Аки -> А
(900409142, aki_neko) Аки -> Ясно
(1921573658, kotleni) шлюха -> чем заняимаешься?
(900409142, aki_neko) Аки -> Кушать буду
(1921573658, kotleni) шлюха -> приятного
(1921573658, kotleni) шлюха -> а что кушать?
(1921573658, kotleni) шлюха -> я тоже кстати)
(900409142, aki_neko) Аки -> Спасибо, приятного
(1921573658, kotleni) шлюха -> null
(900409142, aki_neko) Аки -> Будеры с вкусным мяском
(1921573658, kotleni) шлюха -> у меня борщ
(1921573658, kotleni) шлюха -> null
(900409142, aki_neko) Аки -> Ну в меня это будет завтрак, а у тебя наверное уже обед
(1921573658, kotleni) шлюха -> стикеры можно отправлять
(1921573658, kotleni) шлюха -> у меня тоже завтрак)
(900409142, aki_neko) Аки -> Нифига на завтрак борщ
(900409142, aki_neko) Аки -> null
(1921573658, kotleni) шлюха -> хули
(1921573658, kotleni) шлюха -> деревня
(900409142, aki_neko) Аки -> Ну даа
(1921573658, kotleni) шлюха -> )
Storage loaded
Bot started
(1921573658, kotleni) шлюха -> null
Storage loaded
Bot started
(1921573658, kotleni) шлюха -> null
Storage loaded
Bot started
Storage loaded
Bot started
(1123494502, the_world_ficus) Санджи -> null
(1921573658, kotleni) шлюха -> null
(1921573658, kotleni) шлюха -> 😆
(1921573658, kotleni) шлюха -> доброе утро
Storage loaded
Bot started
(1921573658, kotleni) шлюха -> null
Storage loaded
Bot started
(1921573658, kotleni) шлюха -> null
Storage loaded
Bot started
(1123494502, the_world_ficus) Санджи -> Доброе ебать
(1921573658, kotleni) шлюха -> а почему ебать?
(1921573658, kotleni) шлюха -> null
(900409142, aki_neko) Аки -> Доброе утро
(1123494502, the_world_ficus) Санджи -> Та на работу через 30 минут
(900409142, aki_neko) Аки -> null
New user added: Dlinniy223 by 610105795
(1921573658, kotleni) шлюха -> Хэх
(610105795, Dlinniy223) Dlinniy223 -> Привет
(900409142, aki_neko) Аки -> Куку
New user added: Roman_mrazz by 853495701
(853495701, Roman_mrazz) Roman_mrazz -> Ку
(853495701, Roman_mrazz) Roman_mrazz -> Пусть так стоит
(5048008619, null) carine1999 -> Ладно
(1123494502, the_world_ficus) Санджи -> Привет
(853495701, Roman_mrazz) Roman_mrazz -> Как дела ваши?
New user added: anonimous_7124 by 2131176781
(2131176781, null) anonimous_7124 -> Привет
(5048008619, null) carine1999 -> Хорошо
(5048008619, null) carine1999 -> Ваши как?
(853495701, Roman_mrazz) Roman_mrazz -> Пойдет спасибо
(853495701, Roman_mrazz) Roman_mrazz -> Что делаешь?
(1921573658, kotleni) шлюха -> Оаов
(900409142, aki_neko) Аки -> Жить можно
(1921573658, kotleni) шлюха -> Хочу секса
(900409142, aki_neko) Аки -> Хоти
(1921573658, kotleni) шлюха -> Ахах
(853495701, Roman_mrazz) Roman_mrazz -> Пиши мне
New user added: anonimous_14307 by 905094414
(905094414, null) anonimous_14307 -> Привет
(2131176781, null) anonimous_7124 -> Девочки секса хотят? Я тоже
(1921573658, kotleni) шлюха -> Сижу, вы чем занимаетесь?
New user added: Krytoi09 by 1459044125
(1459044125, Krytoi09) Krytoi09 -> Привет
(1123494502, the_world_ficus) Санджи -> Привет привет блять всем кого не видел и все кто зашли
(853495701, Roman_mrazz) Roman_mrazz -> Валяюсь
(900409142, aki_neko) Аки -> Там много людей сразу
(1921573658, kotleni) шлюха -> Привет
(1921573658, kotleni) шлюха -> Даа, много
(2131176781, null) anonimous_7124 -> Напишите мне девочки
(1921573658, kotleni) шлюха -> Надо делать ответы на сообщения
(905094414, null) anonimous_14307 -> Www
(900409142, aki_neko) Аки -> Да срочно
(1921573658, kotleni) шлюха -> Давайте знакомиться
(853495701, Roman_mrazz) Roman_mrazz -> Нужна пошлая 15-17 лет
(1921573658, kotleni) шлюха -> Я Настя, мне 19
(905094414, null) anonimous_14307 -> Давай
(900409142, aki_neko) Аки -> 😂
(900409142, aki_neko) Аки -> Ира, 17
(900409142, aki_neko) Аки -> Если ты Настя то я огурец
(1123494502, the_world_ficus) Санджи -> Я Лера мне 12
(900409142, aki_neko) Аки -> null
(853495701, Roman_mrazz) Roman_mrazz -> 😂😂😂
(5048008619, null) carine1999 -> Я Вика, мне 32…
(853495701, Roman_mrazz) Roman_mrazz -> Девушки скиньте жопу
(900409142, aki_neko) Аки -> null
(1921573658, kotleni) шлюха -> Ты первый
(1921573658, kotleni) шлюха -> Хахах
(853495701, Roman_mrazz) Roman_mrazz -> Жопу?😂
(1921573658, kotleni) шлюха -> Да
(1123494502, the_world_ficus) Санджи -> null
(853495701, Roman_mrazz) Roman_mrazz -> Не спасибо моя жопа дорога 😂
(905094414, null) anonimous_14307 -> Всем привет
(1921573658, kotleni) шлюха -> Привет
(900409142, aki_neko) Аки -> Ку
(1921573658, kotleni) шлюха -> Жадина
(853495701, Roman_mrazz) Roman_mrazz -> О пивас тоже нормально
(1921573658, kotleni) шлюха -> А я уже без трусиков
(2131176781, null) anonimous_7124 -> Привет Вика! Может поближе познакомимся?
(853495701, Roman_mrazz) Roman_mrazz -> Скинь фотку бля
(1921573658, kotleni) шлюха -> Как ближе?
(1921573658, kotleni) шлюха -> Какую?
(905094414, null) anonimous_14307 -> Привет
(900409142, aki_neko) Аки -> Ближе только дома
(853495701, Roman_mrazz) Roman_mrazz -> Жопу хотябы
(1921573658, kotleni) шлюха -> Привет
(900409142, aki_neko) Аки -> Привет
(1921573658, kotleni) шлюха -> 200₽
(1921573658, kotleni) шлюха -> И кину жопу
(900409142, aki_neko) Аки -> Ого чё так дешиво
(853495701, Roman_mrazz) Roman_mrazz -> Нихуя себе за 200₽ я пизду увижу 😂
(1921573658, kotleni) шлюха -> Круто
(1921573658, kotleni) шлюха -> Если честно, это очень дёшево
(1123494502, the_world_ficus) Санджи -> Я за бессплатно могу посмотртеть
(1921573658, kotleni) шлюха -> Азаза
(1921573658, kotleni) шлюха -> И я)
(853495701, Roman_mrazz) Roman_mrazz -> Да кстати Гугл есть 😂
(1921573658, kotleni) шлюха -> Трусы снять легко
(1123494502, the_world_ficus) Санджи -> Ахахаххахпх
(1921573658, kotleni) шлюха -> Умно
(1921573658, kotleni) шлюха -> null
(1123494502, the_world_ficus) Санджи -> null
(1921573658, kotleni) шлюха -> Ахаха
(1921573658, kotleni) шлюха -> Не пали Кантору
(1921573658, kotleni) шлюха -> Уебан
(1123494502, the_world_ficus) Санджи -> Бан
(1921573658, kotleni) шлюха -> null
(900409142, aki_neko) Аки -> Пхпхп
(853495701, Roman_mrazz) Roman_mrazz -> Приезжай
(900409142, aki_neko) Аки -> Не дали Вите заработать денюжку
(1921573658, kotleni) шлюха -> Хахах
(1921573658, kotleni) шлюха -> Ты приезжай
(1921573658, kotleni) шлюха -> Жду тебя уже
(853495701, Roman_mrazz) Roman_mrazz -> Куда?
(1921573658, kotleni) шлюха -> Украина, Харьков
(1123494502, the_world_ficus) Санджи -> null
(2131176781, null) anonimous_7124 -> Кто ко мне в ЛС милые?
(853495701, Roman_mrazz) Roman_mrazz -> А бля мне дешевле у себя в городе найти😂
(1921573658, kotleni) шлюха -> Хахах
(1921573658, kotleni) шлюха -> Ну и ищи там шлюх своих
(1921573658, kotleni) шлюха -> Хули тогда сюда пишешь?
(853495701, Roman_mrazz) Roman_mrazz -> Ебет?
(1921573658, kotleni) шлюха -> )
(900409142, aki_neko) Аки -> 😂😂😂
(900409142, aki_neko) Аки -> Тут кстати ники можно менять, дааааа
(1921573658, kotleni) шлюха -> null
(1123494502, the_world_ficus) Санджи -> ГДЕ ЖЕНЩИНЫ БЛЯТЬ?
(1921573658, kotleni) шлюха -> Они не смогут
(1921573658, kotleni) шлюха -> Аки…
(1921573658, kotleni) шлюха -> Где-то Катя ещё
(1921573658, kotleni) шлюха -> И Галя
(1921573658, kotleni) шлюха -> Ну и я
(1123494502, the_world_ficus) Санджи -> Вххвхвхаха
(1123494502, the_world_ficus) Санджи -> Ну да Витя по факту топ тянка
(1921573658, kotleni) шлюха -> null
(900409142, aki_neko) Аки -> А чего не смогут ?
(1921573658, kotleni) шлюха -> Не Пали Кантору
(1921573658, kotleni) шлюха -> Сколько говорить
(900409142, aki_neko) Аки -> А я ??? Я тебе не тянка????
(1921573658, kotleni) шлюха -> Глупый
(900409142, aki_neko) Аки -> Пхпхпп
(1123494502, the_world_ficus) Санджи -> Так ты не моя тянка
(900409142, aki_neko) Аки -> Нууууу, хз хз
(900409142, aki_neko) Аки -> Ради тебя тут сижу 😏
(900409142, aki_neko) Аки -> null
(1974930061, y9ichi9) y9ichi9 -> От $$$$
(1974930061, y9ichi9) y9ichi9 -> У меня неь проблем, кроме моей башки
(1921573658, kotleni) шлюха -> Я за измену, бить буду
(1123494502, the_world_ficus) Санджи -> Это конечно мило но НЕ ВЕРЮ
(1921573658, kotleni) шлюха -> Сука
(1921573658, kotleni) шлюха -> Э
(1123494502, the_world_ficus) Санджи -> Ой та куда там
New user added: anonimous_7600 by 1081914206
(1974930061, y9ichi9) y9ichi9 -> Нифига, у вас тут отношения
(1921573658, kotleni) шлюха -> Ладно
(1081914206, null) anonimous_7600 -> Ку
New user added: anonimous_38347 by 1524756888
(1524756888, null) anonimous_38347 -> привет
(1921573658, kotleni) шлюха -> Привет
New user added: anonimous_43448 by 5059556113
(5059556113, null) anonimous_43448 -> Привет
(1081914206, null) anonimous_7600 -> Что это за чат?
New user added: Kohanog by 1245109061
(1245109061, Kohanog) Kohanog -> П
(1921573658, kotleni) шлюха -> Для общения
(1524756888, null) anonimous_38347 -> хуй его
(1921573658, kotleni) шлюха -> )
(900409142, aki_neko) Аки -> Я не изменяю
(1524756888, null) anonimous_38347 -> скиньте сиськи
(1921573658, kotleni) шлюха -> Врешь
(5059556113, null) anonimous_43448 -> Всем привет
(1921573658, kotleni) шлюха -> null
New user added: Wituk16 by 1659430633
(1659430633, Wituk16) Wituk16 -> Привет
(900409142, aki_neko) Аки -> У парня спроси
(900409142, aki_neko) Аки -> Всем ку
(1524756888, null) anonimous_38347 -> скинь те пиздц
(1123494502, the_world_ficus) Санджи -> О хоспадп
New user added: anonimous_61826 by 5017327633
(5017327633, null) anonimous_61826 -> Ок
(2131176781, null) anonimous_7124 -> Грудь хорошая
(1123494502, the_world_ficus) Санджи -> Че так много вас
(1921573658, kotleni) шлюха -> Да
(1123494502, the_world_ficus) Санджи -> Привет
(5059556113, null) anonimous_43448 -> Скинте жопу
(1921573658, kotleni) шлюха -> Проблема только одна
(1123494502, the_world_ficus) Санджи -> null
(1921573658, kotleni) шлюха -> Они хотят дрочить на меня
(1123494502, the_world_ficus) Санджи -> Хахахахахахахах
(1921573658, kotleni) шлюха -> Хахаха
(1524756888, null) anonimous_38347 -> да
(1659430633, Wituk16) Wituk16 -> Пр
(900409142, aki_neko) Аки -> Пхпхп, эт реально проблема
(5017327633, null) Viz -> Пр
(5059556113, null) anonimous_43448 -> Скиньте жопу
(900409142, aki_neko) Аки -> Где ты из находишь ?
New user added: malinkaboy by 950457261
(950457261, malinkaboy) malinkaboy -> П
(1921573658, kotleni) шлюха -> null
(5017327633, null) Viz -> Скинь хуй
(1921573658, kotleni) шлюха -> Дроч чат, Аки
(1524756888, null) anonimous_38347 -> сиськи
(5059556113, null) anonimous_43448 -> Как надо дрочить кто знает
(1524756888, null) anonimous_38347 -> хз
(1123494502, the_world_ficus) Санджи -> Ебнутся
(900409142, aki_neko) Аки -> Мдяяя, зато теперь тут весело
(1123494502, the_world_ficus) Санджи -> Хахахахаха
(900409142, aki_neko) Аки -> Мне кажется тут и в 3 было весело 😂
(1524756888, null) anonimous_38347 -> null
(1921573658, kotleni) шлюха -> Дрочить надо не себе
(5059556113, null) anonimous_43448 -> Скиньте жопу фотку
(1921573658, kotleni) шлюха -> А друг другу
(1123494502, the_world_ficus) Санджи -> Та есть немного
(900409142, aki_neko) Аки -> Пхпххп
(1123494502, the_world_ficus) Санджи -> Та мне и самому как то норм знаешь
New user added: anonimous_44453 by 1723178464
(1723178464, null) anonimous_44453 -> Привет
(900409142, aki_neko) Аки -> Ой, злюка
(900409142, aki_neko) Аки -> Ку
(1123494502, the_world_ficus) Санджи -> Привет
(1921573658, kotleni) шлюха -> Привет всем)
(1723178464, null) anonimous_44453 -> Привет
(1723178464, null) anonimous_44453 -> Сколько тут всего людей?
New user added: vady76 by 399341939
(399341939, vady76) vady76 -> привет
(1123494502, the_world_ficus) Санджи -> Привет
(1123494502, the_world_ficus) Санджи -> Почти 30
(1921573658, kotleni) шлюха -> Напиши /list
(1921573658, kotleni) шлюха -> 35 человек
(1723178464, null) anonimous_44453 -> А тут пацаны есть?
(1123494502, the_world_ficus) Санджи -> Да
(900409142, aki_neko) Аки -> Нет
(1723178464, null) anonimous_44453 -> Пон
(399341939, vady76) vady76 -> я пацан
(900409142, aki_neko) Аки -> Пхпхп
(1723178464, null) anonimous_44453 -> Всм?
(1723178464, null) anonimous_44453 -> Пхпхпх пон
(1921573658, kotleni) шлюха -> Хочу секса
(1123494502, the_world_ficus) Санджи -> Так Аки тут чисто мужской клуб
(1123494502, the_world_ficus) Санджи -> Но все же
(1123494502, the_world_ficus) Санджи -> ГДЕ ЖЕНШИНЫ?
(399341939, vady76) vady76 -> я пацан
(900409142, aki_neko) Аки -> ...
(900409142, aki_neko) Аки -> Ты задолбал 😂
New user added: anonimous_2977 by 1374910180
(1374910180, null) anonimous_2977 -> Л
(1374910180, null) anonimous_2977 -> Д
(900409142, aki_neko) Аки -> ?
(399341939, vady76) vady76 -> пиши в личку
(1921573658, kotleni) шлюха -> Тут три девки
(1921573658, kotleni) шлюха -> Точно есть
(1123494502, the_world_ficus) Санджи -> Оооо
(900409142, aki_neko) Аки -> Вот тебе женщина
(1123494502, the_world_ficus) Санджи -> Поворачиваееееееем
New user added: anonimous_85576 by 1427103704
(1427103704, null) anonimous_85576 -> Ку
(1123494502, the_world_ficus) Санджи -> Привет
(1723178464, null) anonimous_44453 -> Ищу лд не пошлого 12-14 лит
(399341939, vady76) vady76 -> девушки скиньте свои фоточки
(1427103704, null) anonimous_85576 -> 5375411411407005
(1123494502, the_world_ficus) Санджи -> Блять
(1123494502, the_world_ficus) Санджи -> Аххссхахах
(1921573658, kotleni) шлюха -> Ахах
(1427103704, null) anonimous_85576 -> Монобанк
(1921573658, kotleni) шлюха -> Ору
(1921573658, kotleni) шлюха -> Ахахаха
(1921573658, kotleni) шлюха -> null
(1427103704, null) anonimous_85576 -> 5375411411407005 моно
(1921573658, kotleni) шлюха -> null
New user added: JEAMBEA by 1466484421
(1466484421, JEAMBEA) JEAMBEA -> А
(1466484421, JEAMBEA) JEAMBEA -> Саня
(900409142, aki_neko) Аки -> Уу
New user added: anonimous_8461 by 1899996795
(1899996795, null) anonimous_8461 -> Всем привет
(1921573658, kotleni) шлюха -> Мм
(1123494502, the_world_ficus) Санджи -> null
(2131176781, null) anonimous_7124 -> Кто любит фотки? Девушки
(1123494502, the_world_ficus) Санджи -> Привет
(1659430633, Wituk16) Wituk16 -> Пр
(1466484421, JEAMBEA) JEAMBEA -> Привет
(1723178464, null) anonimous_44453 -> Сколько кому лет?
(1899996795, null) anonimous_8461 -> Я
(1921573658, kotleni) шлюха -> Я люблю фотки
(1921573658, kotleni) шлюха -> Кидайте члены, ребят
(900409142, aki_neko) Аки -> Боже я уже заебалась писать привет
(1921573658, kotleni) шлюха -> А я скину себя
(1374910180, null) anonimous_2977 -> Накидай этот текст тем кто не в группе, около 10+ норм
(1659430633, Wituk16) Wituk16 -> 17
(1899996795, null) anonimous_8461 -> 17
(900409142, aki_neko) Аки -> Лучше сразу ему в личку
(1123494502, the_world_ficus) Санджи -> 19
(1427103704, null) anonimous_85576 -> 17
(1123494502, the_world_ficus) Санджи -> Если что тянки я СВОБОДЕЕЕЕЕН
(900409142, aki_neko) Аки -> 17
(1466484421, JEAMBEA) JEAMBEA -> Есть от 18 лет кто?
(1427103704, null) anonimous_85576 -> 5375411411407005
(900409142, aki_neko) Аки -> Он занят
(1427103704, null) anonimous_85576 -> Моно
(1921573658, kotleni) шлюха -> Мне 19
(2131176781, null) anonimous_7124 -> Мне 30
(1921573658, kotleni) шлюха -> Да ты заебал, никто тебе не даст денег Миша
(900409142, aki_neko) Аки -> Два главных 😂
(614040288, NoraAkvel) Хилл -> 18 👌🏻✨
(1374910180, null) anonimous_2977 -> Мне 18
(614040288, NoraAkvel) Хилл -> Кароче
(1921573658, kotleni) шлюха -> А
(1921573658, kotleni) шлюха -> Привет
(1921573658, kotleni) шлюха -> Ещё одна девка
(614040288, NoraAkvel) Хилл -> Мы все новое поколение взрослых пхпхпхп
(614040288, NoraAkvel) Хилл -> Где?
(1921573658, kotleni) шлюха -> Парни, разбирайте
(1899996795, null) anonimous_8461 -> null
(1921573658, kotleni) шлюха -> Хилл, это девка с огромными сиськами.
(900409142, aki_neko) Аки -> null
(614040288, NoraAkvel) Хилл -> 2,5 это не огромные >.>
(1921573658, kotleni) шлюха -> И очень пиздатая
(1123494502, the_world_ficus) Санджи -> Нет не знаят
(1921573658, kotleni) шлюха -> Вперёд
(1123494502, the_world_ficus) Санджи -> null
(614040288, NoraAkvel) Хилл -> Не ну то что пиздатая конеш спасибо
(614040288, NoraAkvel) Хилл -> Ты тоже красавчик 😏
(1123494502, the_world_ficus) Санджи -> Мну нужен спирт
(1123494502, the_world_ficus) Санджи -> И шлюха
(614040288, NoraAkvel) Хилл -> Шлюха есть, а спирт кто?
(1123494502, the_world_ficus) Санджи -> Та блять я за тебя не говорил
(614040288, NoraAkvel) Хилл -> А я за себя и не говорила
(1921573658, kotleni) шлюха -> Хилл, да пиздатые у тебя сиськи
(900409142, aki_neko) Аки -> Ну да, ну да пошла я нахуй
(1123494502, the_world_ficus) Санджи -> Ну а у тебя скок?
(900409142, aki_neko) Аки -> null
(614040288, NoraAkvel) Хилл -> Да отстань от моих сисек
(1123494502, the_world_ficus) Санджи -> У меня 0.5
(1921573658, kotleni) шлюха -> ?
(900409142, aki_neko) Аки -> 2 хуя
New user added: Maks123c by 5012564715
(5012564715, Maks123c) Maks123c -> Хай
(900409142, aki_neko) Аки -> Ку
(614040288, NoraAkvel) Хилл -> Дороу
(5012564715, Maks123c) Maks123c -> Привет
(1466484421, JEAMBEA) JEAMBEA -> Я не видел😁
(1899996795, null) anonimous_8461 -> Всэм привет
New user added: anonimous_38431 by 1442950013
(1442950013, null) anonimous_38431 -> Привет
(1921573658, kotleni) шлюха -> Хилл, не отстану пока не скинешь
(1123494502, the_world_ficus) Санджи -> Привет
(614040288, NoraAkvel) Хилл -> Пха
(1921573658, kotleni) шлюха -> Привет всем)
(614040288, NoraAkvel) Хилл -> Я еду в автобусе
(1899996795, null) anonimous_8461 -> Это ты мне?)
(1921573658, kotleni) шлюха -> Удачи там
(1466484421, JEAMBEA) JEAMBEA -> Позязя
(1921573658, kotleni) шлюха -> Тебе
(1899996795, null) anonimous_8461 -> Что скинуть
New user added: VikyskaTserkovnaya by 545510743
(545510743, VikyskaTserkovnaya) VikyskaTserkovnaya -> Ку
(1921573658, kotleni) шлюха -> Хочу член
(1921573658, kotleni) шлюха -> Скиньте член
(2131176781, null) anonimous_7124 -> Кто вечером 19 см хочет? Дайте знать девушки
(1921573658, kotleni) шлюха -> Я
(1123494502, the_world_ficus) Санджи -> +
(545510743, VikyskaTserkovnaya) VikyskaTserkovnaya -> Enotik
(2131176781, null) anonimous_7124 -> Давай в лс
(1899996795, null) anonimous_8461 -> Давай в лс скину
(1921573658, kotleni) шлюха -> Сюда кидайте
(614040288, NoraAkvel) Хилл -> Тэк я выйду временно
(1921573658, kotleni) шлюха -> Хочу член
(1081914206, null) anonimous_7600 -> null
(1921573658, kotleni) шлюха -> Ок
(614040288, NoraAkvel) Хилл -> А то мне фигово щас станет
(2131176781, null) anonimous_7124 -> Давай ко мне в лс
(1921573658, kotleni) шлюха -> Хилл, не болей
(1442950013, null) anonimous_38431 -> А девки чего не кидают?)
(1442950013, null) anonimous_38431 -> Подклбчайтесь
(1899996795, null) anonimous_8461 -> null
(900409142, aki_neko) Аки -> Ой для
(1921573658, kotleni) шлюха -> null
(1921573658, kotleni) шлюха -> Ахах
(1921573658, kotleni) шлюха -> Хватит членов
(1899996795, null) anonimous_8461 -> Красотка)
(1921573658, kotleni) шлюха -> null
(1442950013, null) anonimous_38431 -> Красивые глаза)
(1442950013, null) anonimous_38431 -> Пуговичка так и наравит растегнутся
(1921573658, kotleni) шлюха -> null
(900409142, aki_neko) Аки -> Я ушла так что да
(1123494502, the_world_ficus) Санджи -> О
(1123494502, the_world_ficus) Санджи -> Разобралась все же
(1921573658, kotleni) шлюха -> )
(545510743, VikyskaTserkovnaya) Enotik -> Нет блять
(1921573658, kotleni) шлюха -> Не все глупые
(1921573658, kotleni) шлюха -> Радует
(1921573658, kotleni) шлюха -> Это ещё и девка походу
(1921573658, kotleni) шлюха -> null
(545510743, VikyskaTserkovnaya) Enotik -> Та я ток зашла уже ахуела
(1123494502, the_world_ficus) Санджи -> Да
(1921573658, kotleni) шлюха -> ))
(1921573658, kotleni) шлюха -> От чего охуела?
(1123494502, the_world_ficus) Санджи -> Знакомая одна
(1921573658, kotleni) шлюха -> А
(1921573658, kotleni) шлюха -> Это твоих рук дело?
(5048008619, null) carine1999 -> null
(1123494502, the_world_ficus) Санджи -> Да
(1921573658, kotleni) шлюха -> Хуйня
(1123494502, the_world_ficus) Санджи -> Топ тянку сюда позвал
(1921573658, kotleni) шлюха -> Опа
(1921573658, kotleni) шлюха -> Круто
(1921573658, kotleni) шлюха -> Надеюсь она не ливнет
(1123494502, the_world_ficus) Санджи -> Та не
(1921573658, kotleni) шлюха -> Из-за обилия членов и матов
(1123494502, the_world_ficus) Санджи -> Не ливнет
(1921573658, kotleni) шлюха -> Окок
(900409142, aki_neko) Аки -> null
(1921573658, kotleni) шлюха -> null
(1123494502, the_world_ficus) Санджи -> А ксли ливнет то пезда ей
(1921573658, kotleni) шлюха -> аки не злись
(1123494502, the_world_ficus) Санджи -> А на что она злится?
(900409142, aki_neko) Аки -> Злюсь
(1123494502, the_world_ficus) Санджи -> На что?
(1921573658, kotleni) шлюха -> почему
(1921573658, kotleni) шлюха -> Санджи смотри прикол
(1921573658, kotleni) шлюха -> null
(1123494502, the_world_ficus) Санджи -> Чо это?
(1921573658, kotleni) шлюха -> вся переписка что помнит бот)
(900409142, aki_neko) Аки -> Ты ну если я скажу, вы скажете я дурочка
(1921573658, kotleni) шлюха -> говори уже
New user added: lilbaby32 by 516331210
(516331210, lilbaby32) lilbaby32 -> Привет
(1921573658, kotleni) шлюха -> привет
(1123494502, the_world_ficus) Санджи -> Ну код?
(1921573658, kotleni) шлюха -> переписка просто
(900409142, aki_neko) Аки -> Вас пофиг на меня🥲
(1123494502, the_world_ficus) Санджи -> Аааааа
(1123494502, the_world_ficus) Санджи -> Понял
(1659430633, Wituk16) Wituk16 -> Привет
(1921573658, kotleni) шлюха -> не пофиг
(1123494502, the_world_ficus) Санджи -> Та что не так то?
(1123494502, the_world_ficus) Санджи -> Привет
(1921573658, kotleni) шлюха -> мы с тобой, маленькая бусинка
(900409142, aki_neko) Аки -> Пофиг уже )
(900409142, aki_neko) Аки -> Да да да конечно
(516331210, lilbaby32) lilbaby32 -> Хочу секс
(1123494502, the_world_ficus) Санджи -> Та бля что случилось?
(1921573658, kotleni) шлюха -> ?
(900409142, aki_neko) Аки -> Хоти
(1123494502, the_world_ficus) Санджи -> Я что то пропустил?
(900409142, aki_neko) Аки -> Да 😂
(900409142, aki_neko) Аки -> Меня
(1921573658, kotleni) шлюха -> да
(1921573658, kotleni) шлюха -> меня
(1123494502, the_world_ficus) Санджи -> Хаххахахахах
(1123494502, the_world_ficus) Санджи -> Так кого?
(1921573658, kotleni) шлюха -> нас
(1123494502, the_world_ficus) Санджи -> Ахуеть
(1123494502, the_world_ficus) Санджи -> А кого то одного?
(1921573658, kotleni) шлюха -> ее
(1123494502, the_world_ficus) Санджи -> Ага
(1123494502, the_world_ficus) Санджи -> И какая претензия ко мне?
(900409142, aki_neko) Аки -> Хз
(1921573658, kotleni) шлюха -> да
(1123494502, the_world_ficus) Санджи -> Блять
(1123494502, the_world_ficus) Санджи -> Женщины нах
(1123494502, the_world_ficus) Санджи -> Не знают на что обижаться
(900409142, aki_neko) Аки -> Та сам хотел женщину
(1921573658, kotleni) шлюха -> я придумал кое что
(900409142, aki_neko) Аки -> А есть и по хуже бабы
(1123494502, the_world_ficus) Санджи -> Да
(1123494502, the_world_ficus) Санджи -> А нету женщины
(900409142, aki_neko) Аки -> Женщины только на сайтах знакомств
(900409142, aki_neko) Аки -> А что придумал то?
Storage loaded
Bot started
(1921573658, kotleni) шлюха -> ты пушка
(1921573658, kotleni) шлюха -> как вам?
(1123494502, the_world_ficus) Санджи -> Хуя
(1921573658, kotleni) шлюха -> ой
(1123494502, the_world_ficus) Санджи -> А че так можно было?
(1921573658, kotleni) шлюха -> ой ой
(1123494502, the_world_ficus) Санджи -> Чо?
(1921573658, kotleni) шлюха -> null
(1921573658, kotleni) шлюха -> хахаха
(1921573658, kotleni) шлюха -> да
(900409142, aki_neko) Аки -> Сложно
(1123494502, the_world_ficus) Санджи -> Ебааааа
(1123494502, the_world_ficus) Санджи -> Очень
(1123494502, the_world_ficus) Санджи -> Пиздеу
(1921573658, kotleni) шлюха -> хахха
(900409142, aki_neko) Аки -> null
(1123494502, the_world_ficus) Санджи -> Сломали
(900409142, aki_neko) Аки -> Та ппц
(1123494502, the_world_ficus) Санджи -> Нахуй
(1123494502, the_world_ficus) Санджи -> Можешь откатить?
(1921573658, kotleni) шлюха -> vbyene
(1921573658, kotleni) шлюха -> минуту
Storage loaded
Bot started
(1921573658, kotleni) шлюха -> a
(1921573658, kotleni) шлюха -> привет
(1123494502, the_world_ficus) Санджи -> Иии?
(900409142, aki_neko) Аки -> А если так
(1921573658, kotleni) шлюха -> поу
(1921573658, kotleni) шлюха -> )
(1659430633, Wituk16) Wituk16 -> Привет
(900409142, aki_neko) Аки -> О
(1123494502, the_world_ficus) Санджи -> Работает
(1921573658, kotleni) шлюха -> но пробел лишний
(1123494502, the_world_ficus) Санджи -> Хей
(900409142, aki_neko) Аки -> Нифига ты умный
(1123494502, the_world_ficus) Санджи -> Та прз
(1123494502, the_world_ficus) Санджи -> Пох
Storage loaded
Bot started
(900409142, aki_neko) Аки -> Похуй
(1921573658, kotleni) шлюха -> привет
(1659430633, Wituk16) Wituk16 -> Как дела
(1921573658, kotleni) шлюха -> крутой переце
(1921573658, kotleni) шлюха -> эх
(1921573658, kotleni) шлюха -> и замолчали
(1123494502, the_world_ficus) Санджи -> Та сойдет
(1921573658, kotleni) шлюха -> 43 человека уже
(1921573658, kotleni) шлюха -> ебаный рот
(900409142, aki_neko) Аки -> Я с мышкой ебусь
(900409142, aki_neko) Аки -> И общаюсь 3-5
(1921573658, kotleni) шлюха -> зоофил
(1123494502, the_world_ficus) Санджи -> Хахахахазазах
(1921573658, kotleni) шлюха -> (
(1123494502, the_world_ficus) Санджи -> Не ебись
(900409142, aki_neko) Аки -> null
(1921573658, kotleni) шлюха -> круто
(1921573658, kotleni) шлюха -> broadcastMessage("(в ответ $rep) <b>${user.username}</b>: ${ltext}", msg.from!!.id)
(1921573658, kotleni) шлюха -> ой
(900409142, aki_neko) Аки -> Пх
(1123494502, the_world_ficus) Санджи -> О боже
(1123494502, the_world_ficus) Санджи -> Ох блять
(1659430633, Wituk16) Wituk16 -> Понятно
(1123494502, the_world_ficus) Санджи -> Ты как?
(1659430633, Wituk16) Wituk16 -> Тоже
Storage loaded
Bot started
(1921573658, kotleni) шлюха -> так
(1921573658, kotleni) шлюха -> что делаешь?
(1659430633, Wituk16) Wituk16 -> Нечего а ты
Storage loaded
Bot started
(1921573658, kotleni) шлюха -> бота пишу)
(1123494502, the_world_ficus) Санджи -> Ламает
(1921573658, kotleni) шлюха -> аки, что ты делаешь?
(1659430633, Wituk16) Wituk16 -> Понятно
(1123494502, the_world_ficus) Санджи -> Опа
(1921573658, kotleni) шлюха -> так лучше видно, с курсивом и отсутпом строки?
(1123494502, the_world_ficus) Санджи -> Та похуй
(1123494502, the_world_ficus) Санджи -> Как хочешь
(1921573658, kotleni) шлюха -> null
(1921573658, kotleni) шлюха -> еще бы прикрутить авто-кик всех кто не был в сети день
(900409142, aki_neko) Аки -> Кашляю и делаю анммещию для мышки
(1921573658, kotleni) шлюха -> ясно
(1921573658, kotleni) шлюха -> null
(900409142, aki_neko) Аки -> О да
(1921573658, kotleni) шлюха -> null
(1921573658, kotleni) шлюха -> я тут такой хуйни на воротил
(900409142, aki_neko) Аки -> Ой бляя страшно
(1921573658, kotleni) шлюха -> ради ответов
(900409142, aki_neko) Аки -> Ты умничка
(1123494502, the_world_ficus) Санджи -> Та не это жестко
(1921573658, kotleni) шлюха -> ой бля страшно - не отправилось
(1921573658, kotleni) шлюха -> новая ошибка в боте
(1921573658, kotleni) шлюха -> абс
(1921573658, kotleni) шлюха -> хахахах
(1921573658, kotleni) шлюха -> АНТОН АНТОН АНТОН
(1123494502, the_world_ficus) Санджи -> А?
(880447531, puffingames) puffingames -> null
(880447531, puffingames) puffingames -> null
(1921573658, kotleni) шлюха -> на свои же сообщения ответ кривой
(1921573658, kotleni) шлюха -> попробуй
(1123494502, the_world_ficus) Санджи -> Че?
(1123494502, the_world_ficus) Санджи -> А ну ка
(900409142, aki_neko) Аки -> Хуй
(1123494502, the_world_ficus) Санджи -> Хехе
(1921573658, kotleni) шлюха -> ответь на свое же сообщение
(1123494502, the_world_ficus) Санджи -> Хуй
(1921573658, kotleni) шлюха -> да
(1123494502, the_world_ficus) Санджи -> Пизда
(1123494502, the_world_ficus) Санджи -> Залупа
(1123494502, the_world_ficus) Санджи -> Член
(1123494502, the_world_ficus) Санджи -> Еблан
(900409142, aki_neko) Аки -> Пхахпх
(1123494502, the_world_ficus) Санджи -> Петух
(1123494502, the_world_ficus) Санджи -> Мудила
(900409142, aki_neko) Аки -> Смешно лчшрчдит
(1921573658, kotleni) шлюха -> null
(1123494502, the_world_ficus) Санджи -> И?
(1921573658, kotleni) шлюха -> нашел баги)
(1921573658, kotleni) шлюха -> большие буквы не чистяться при сборке матов)
(1123494502, the_world_ficus) Санджи -> Агаааа
(1123494502, the_world_ficus) Санджи -> Хахахсхсхахахаха
(1123494502, the_world_ficus) Санджи -> Изи заскамил
(1921573658, kotleni) шлюха -> хуй
(1921573658, kotleni) шлюха -> Хуй
(1921573658, kotleni) шлюха -> хуЙ
(1123494502, the_world_ficus) Санджи -> Да
(1921573658, kotleni) шлюха -> хуйня
(1123494502, the_world_ficus) Санджи -> Не банит
(1123494502, the_world_ficus) Санджи -> null
Storage loaded
Bot started
(1921573658, kotleni) шлюха -> хаха
(1921573658, kotleni) шлюха -> еще стикеры нужно переделыватьъ
(880447531, puffingames) puffingames -> Куета
(1921573658, kotleni) шлюха -> А те дрочеры
(1921573658, kotleni) шлюха -> Видно лизнули уже
(880447531, puffingames) puffingames -> null
(1921573658, kotleni) шлюха -> null
(1123494502, the_world_ficus) Санджи -> Хех
(1123494502, the_world_ficus) Санджи -> Ну нахуй их тогда
(1921573658, kotleni) шлюха -> да не шли ты одни стикеры сука
(900409142, aki_neko) Аки -> Ну и хорошо
(880447531, puffingames) puffingames -> Я дрочер
(900409142, aki_neko) Аки -> Без них спокойнее
(1123494502, the_world_ficus) Санджи -> null
(1123494502, the_world_ficus) Санджи -> null
(1921573658, kotleni) шлюха -> Денис блять
(880447531, puffingames) puffingames -> Дрочусь с кодом
(1921573658, kotleni) шлюха -> антон сука
(1123494502, the_world_ficus) Санджи -> Ааа аххаххахахаха
(1921573658, kotleni) шлюха -> положи хуй на пол
(1123494502, the_world_ficus) Санджи -> Это кто?
(1921573658, kotleni) шлюха -> null
(1921573658, kotleni) шлюха -> да
(1123494502, the_world_ficus) Санджи -> Хуя сн
(1921573658, kotleni) шлюха -> дв
(1123494502, the_world_ficus) Санджи -> 🇺🇦🔫
(880447531, puffingames) puffingames -> Это кто
(880447531, puffingames) puffingames -> Ебать
(1921573658, kotleni) шлюха -> где
(1123494502, the_world_ficus) Санджи -> Кто?
(1123494502, the_world_ficus) Санджи -> Где?
New user added: anonimous_6245 by 1069908552
(1069908552, null) anonimous_6245 -> Т
(880447531, puffingames) puffingames -> Эта
(900409142, aki_neko) Аки -> ?
(1921573658, kotleni) шлюха -> хм
(1069908552, null) anonimous_6245 -> Кидайте свои интимные фото
(1123494502, the_world_ficus) Санджи -> Блять
(900409142, aki_neko) Аки -> null
(1123494502, the_world_ficus) Санджи -> АТАКА ДРОЧЕРОВ
(1123494502, the_world_ficus) Санджи -> Дрочеры атакуют
(880447531, puffingames) puffingames -> Чо
(1921573658, kotleni) шлюха -> null
(880447531, puffingames) puffingames -> Ачо я сделал
(1123494502, the_world_ficus) Санджи -> ～>`)～～～
(880447531, puffingames) puffingames -> Да кто это
(880447531, puffingames) puffingames -> Блять
(1123494502, the_world_ficus) Санджи -> КТО ЭТО БЛЯ?
(1921573658, kotleni) шлюха -> где
(1123494502, the_world_ficus) Санджи -> На фотке
(1921573658, kotleni) шлюха -> где
(880447531, puffingames) puffingames -> Снова переписывался с 9 летней девкой в дай писечке?
(1069908552, null) anonimous_6245 -> Кому член в лс?
(1921573658, kotleni) шлюха -> null
(1123494502, the_world_ficus) Санджи -> Сука вот
(1123494502, the_world_ficus) Санджи -> null
(1921573658, kotleni) шлюха -> это?
(1921573658, kotleni) шлюха -> это я
(1921573658, kotleni) шлюха -> мне член
(1069908552, null) anonimous_6245 -> null
(1921573658, kotleni) шлюха -> кидай сюда
(1921573658, kotleni) шлюха -> блять
(1921573658, kotleni) шлюха -> вфы
(1123494502, the_world_ficus) Санджи -> Блять
(1921573658, kotleni) шлюха -> вфы
(1921573658, kotleni) шлюха -> вв
(1921573658, kotleni) шлюха -> в
(1921573658, kotleni) шлюха -> в
(1921573658, kotleni) шлюха -> в
(1921573658, kotleni) шлюха -> в
(1921573658, kotleni) шлюха -> в
(1921573658, kotleni) шлюха -> в
(1921573658, kotleni) шлюха -> в
(880447531, puffingames) puffingames -> Бля
(1921573658, kotleni) шлюха -> в
(880447531, puffingames) puffingames -> Жсэсжсжс
(900409142, aki_neko) Аки -> Блять
(1123494502, the_world_ficus) Санджи -> А
(1123494502, the_world_ficus) Санджи -> Аа
(1921573658, kotleni) шлюха -> вот
(880447531, puffingames) puffingames -> Сэчжчзсхсжсзс
(1123494502, the_world_ficus) Санджи -> А
(880447531, puffingames) puffingames -> Фу блять
(1123494502, the_world_ficus) Санджи -> Та нахуй
(1921573658, kotleni) шлюха -> ахахах
(1921573658, kotleni) шлюха -> /ьу
(1123494502, the_world_ficus) Санджи -> Противный пиздец
(880447531, puffingames) puffingames -> Сукп
(1069908552, null) anonimous_6245 -> null
(880447531, puffingames) puffingames -> Бля пацаны
(1921573658, kotleni) шлюха -> та ебаный
(1921573658, kotleni) шлюха -> в
(1921573658, kotleni) шлюха -> в
(1921573658, kotleni) шлюха -> в
(880447531, puffingames) puffingames -> Не стажажсда
(1921573658, kotleni) шлюха -> в
(1921573658, kotleni) шлюха -> в
(1921573658, kotleni) шлюха -> в
(1921573658, kotleni) шлюха -> в
(1921573658, kotleni) шлюха -> в
(1921573658, kotleni) шлюха -> в
(1921573658, kotleni) шлюха -> в
(1921573658, kotleni) шлюха -> в
(1921573658, kotleni) шлюха -> в
(1921573658, kotleni) шлюха -> в
(1123494502, the_world_ficus) Санджи -> Заебали
(1921573658, kotleni) шлюха -> в
(880447531, puffingames) puffingames -> Ажс
(2131176781, null) anonimous_7124 -> У кого белые трусики?
(880447531, puffingames) puffingames -> А
(880447531, puffingames) puffingames -> А
(1921573658, kotleni) шлюха -> у меня черные
(880447531, puffingames) puffingames -> Бля пацаны
(880447531, puffingames) puffingames -> Не делайте так
(1123494502, the_world_ficus) Санджи -> Харош ебать
(1921573658, kotleni) шлюха -> null
(900409142, aki_neko) Аки -> Вот к чему привот играть людей в всякой хуйне
(880447531, puffingames) puffingames -> Сложно одной рукой писать
(1123494502, the_world_ficus) Санджи -> Хаахаххахахах
(2131176781, null) anonimous_7124 -> Покажешь?
(880447531, puffingames) puffingames -> И смотреть так е фото
(1921573658, kotleni) шлюха -> Да
(1921573658, kotleni) шлюха -> За 500 рублей
(880447531, puffingames) puffingames -> Схаххахаха
(880447531, puffingames) puffingames -> Туда а
(1123494502, the_world_ficus) Санджи -> А че так дёшево?
(880447531, puffingames) puffingames -> Схахажаж
(880447531, puffingames) puffingames -> Схахахаххаха
(880447531, puffingames) puffingames -> Так это одно фото
(1921573658, kotleni) шлюха -> они же все бомжи
(1123494502, the_world_ficus) Санджи -> Дешево
(1921573658, kotleni) шлюха -> дети всякие
(1921573658, kotleni) шлюха -> им лет по 12
(1123494502, the_world_ficus) Санджи -> С обедов накопили
(1921573658, kotleni) шлюха -> надо норм людей пригласить
(1123494502, the_world_ficus) Санджи -> Та да
(1123494502, the_world_ficus) Санджи -> Но кого?
(1123494502, the_world_ficus) Санджи -> Никого не осталось
(880447531, puffingames) puffingames -> Шлюшка
(880447531, puffingames) puffingames -> Слыш
(1921573658, kotleni) шлюха -> шо?
(880447531, puffingames) puffingames -> А ты везде расфорсила боьа
(880447531, puffingames) puffingames -> Бота
(1921573658, kotleni) шлюха -> в чате с дрочерами
(1921573658, kotleni) шлюха -> и среди своих
(1921573658, kotleni) шлюха -> только
(880447531, puffingames) puffingames -> Ахахха
(880447531, puffingames) puffingames -> ХАхахахаха
(880447531, puffingames) puffingames -> Своих дрочеров
(880447531, puffingames) puffingames -> АХаэсхсхзсэсзчдвжсжсл
(1123494502, the_world_ficus) Санджи -> В чате с твоими дрочерами?
(880447531, puffingames) puffingames -> А как тебя зовут
(880447531, puffingames) puffingames -> Ахаххп
Storage loaded
Bot started
(1123494502, the_world_ficus) Санджи -> Кого!
(1123494502, the_world_ficus) Санджи -> ?
(900409142, aki_neko) Аки -> Тут много людей
(1921573658, kotleni) шлюха -> 44
(1123494502, the_world_ficus) Санджи -> Ты кого спрашиваешь?
Storage loaded
Bot started
(1921573658, kotleni) шлюха -> Кто чем занят?
(1123494502, the_world_ficus) Санджи -> На работе
(1921573658, kotleni) шлюха -> null
(2131176781, null) anonimous_7124 -> Работаю
Storage loaded
Bot started
Storage loaded
Bot started
(900409142, aki_neko) Аки -> Хуи пинаю
(1921573658, kotleni) шлюха -> чьи хуи?
(1123494502, the_world_ficus) Санджи -> Ты чо бля?
(1921573658, kotleni) шлюха -> ?
(1123494502, the_world_ficus) Санджи -> Хоть цену ставь
(1921573658, kotleni) шлюха -> xj
(1921573658, kotleni) шлюха -> so
Storage loaded
Bot started
Storage loaded
Bot started
(900409142, aki_neko) Аки -> Могу его
(900409142, aki_neko) Аки -> А так чужие
(1921573658, kotleni) шлюха -> (
(1921573658, kotleni) шлюха -> отдать свой ник тебе?
(1921573658, kotleni) шлюха -> null
(900409142, aki_neko) Аки -> Нет спасибо
(900409142, aki_neko) Аки -> Я ее такая
(900409142, aki_neko) Аки -> Не*
(1921573658, kotleni) шлюха -> а играешь такую чет
Storage loaded
Bot started
(900409142, aki_neko) Аки -> Вот вот
(900409142, aki_neko) Аки -> Я стебусь
(1123494502, the_world_ficus) Санджи -> Я работать нахуй
(1123494502, the_world_ficus) Санджи -> Скоро вернусь
Storage loaded
Bot started
(1123494502, the_world_ficus) Санджи -> Скоро вернусь
(900409142, aki_neko) Аки -> Даже пошутить нельзя
(1921573658, kotleni) шлюха -> удачи
Broadcast by шлюха
(1123494502, the_world_ficus) Санджи -> Пасеб
(1921573658, kotleni) шлюха -> та я же шучу
Storage loaded
Bot started
(1916884035, FotikHi) Memhik -> Ку
(1916884035, FotikHi) Memhik -> null
(1916884035, FotikHi) Memhik -> Ля чё нашел
(1921573658, kotleni) шлюха -> хаха
(900409142, aki_neko) Аки -> А эт чё?
(1916884035, FotikHi) Memhik -> Ахаха
(1921573658, kotleni) шлюха -> ?
(900409142, aki_neko) Аки -> Оповещение
(1921573658, kotleni) шлюха -> это от бота
(1916884035, FotikHi) Memhik -> Бля идеальный стикер
(900409142, aki_neko) Аки -> null
Broadcast by шлюха
(1921573658, kotleni) шлюха -> :.
(900409142, aki_neko) Аки -> ...
(1921573658, kotleni) шлюха -> что?
(900409142, aki_neko) Аки -> Ничего
Storage loaded
Bot started
(1921573658, kotleni) шлюха -> ладно
(1916884035, FotikHi) ГЛ.Админ -> Подходите пододите
(1921573658, kotleni) шлюха -> чекайте: /rate
(1916884035, FotikHi) ГЛ.Админ -> Очень вкусное сало
(1916884035, FotikHi) ГЛ.Админ -> А что это?
(1921573658, kotleni) шлюха -> рейтинг
(1916884035, FotikHi) ГЛ.Админ -> У тебя сколько
(1921573658, kotleni) шлюха -> отправь и чекни
(1916884035, FotikHi) ГЛ.Админ -> У меня 11
(1921573658, kotleni) шлюха -> то не то
(1921573658, kotleni) шлюха -> сейкунду
(1916884035, FotikHi) ГЛ.Админ -> Но на против Ника написанно 150
Storage loaded
Bot started
(1921573658, kotleni) шлюха -> вот теперь чекай
(1921573658, kotleni) шлюха -> у меня 1002, первое место
(1921573658, kotleni) шлюха -> ты на 6
(1916884035, FotikHi) ГЛ.Админ -> Найс
Storage loaded
Bot started
Storage loaded
Bot started
Storage loaded
Bot started
Storage loaded
Bot started
Storage loaded
Bot started
Storage loaded
Bot started
(1916884035, FotikHi) ГЛ.Админ -> [Оповещение] ПРОДАМ КОТИКА, ПИСАТЬ: @kotleni
(1916884035, FotikHi) ГЛ.Админ -> Аххахах
(1921573658, kotleni) шлюха -> палится)
(1916884035, FotikHi) ГЛ.Админ -> Похуц
Broadcast by шлюха
(1916884035, FotikHi) [Оповещение] -> ПРОДАМ САЛО, ПИСАТЬ: @kotleni
(1921573658, kotleni) шлюха -> хахах
(1921573658, kotleni) шлюха -> ну почти
(1921573658, kotleni) шлюха -> осталось : убрать
(1916884035, FotikHi) [Оповещение] -> Ага
(1916884035, FotikHi) [Оповещение] -> ПРОДАМ АДМИНКУ, ПИСАТЬ: @kotleni
(1921573658, kotleni) шлюха -> ahhaha
(1916884035, FotikHi) [Оповещение] -> Продам очко
(1916884035, FotikHi) [Оповещение] -> Ахахахах
Storage loaded
Bot started
(5048008619, null) carine1999 -> Хм
(1916884035, FotikHi) [Оповещение] -> ХММММ
(1916884035, FotikHi) [Оповещение] -> null
(1916884035, FotikHi) [Оповещение] -> null
Storage loaded
Bot started
(1037511261, valetyle) Негры -> Ахуеть
(5048008619, null) carine1999 -> Эх
(1037511261, valetyle) Негры -> Ахахвхвхв
(1037511261, valetyle) Негры -> Это как
(1921573658, kotleni) шлюха -> а вот так
New user added: Nurullo_9km by 1434454363
(1434454363, Nurullo_9km) Nurullo_9km -> Привет
(1921573658, kotleni) шлюха -> привет
(1434454363, Nurullo_9km) Nurullo_9km -> Привет
(1921573658, kotleni) шлюха -> null
(5064892092, misterfemida) gay_anal_sex -> null
(1921573658, kotleni) шлюха -> ok
Storage loaded
Bot started
Storage loaded
Bot started
Storage loaded
Bot started
Storage loaded
Bot started
(1135221902, Bart3641) Bart3641 -> От $$$$
(1135221902, Bart3641) Bart3641 -> Забавно
(1921573658, kotleni) шлюха -> / s
(1921573658, kotleni) шлюха -> ss
Storage loaded
Bot started
(1921573658, kotleni) шлюха -> /рудз
Storage loaded
Bot started
(5048008619, null) carine1999 -> null
(1921573658, kotleni) шлюха -> ?
(1921573658, kotleni) шлюха -> null
(1123494502, the_world_ficus) Санджи -> null
(1921573658, kotleni) шлюха -> null
(1123494502, the_world_ficus) Санджи -> null
(1921573658, kotleni) шлюха -> Что
(1921573658, kotleni) шлюха -> null
(1037511261, valetyle) Негры -> Мило
(1921573658, kotleni) шлюха -> (
(1037511261, valetyle) Негры -> null
(900409142, aki_neko) Аки -> Ку
(1123494502, the_world_ficus) Санджи -> Ку
(1123494502, the_world_ficus) Санджи -> Куку епта
(1123494502, the_world_ficus) Санджи -> null
(1123494502, the_world_ficus) Санджи -> Видеосообщения работают?
(900409142, aki_neko) Аки -> Нет
(900409142, aki_neko) Аки -> Можешь в личку кинуть 😏
(2131176781, null) anonimous_7124 -> Диана sos
(900409142, aki_neko) Аки -> null
(1123494502, the_world_ficus) Санджи -> Нету твоей лички
(1921573658, kotleni) шлюха -> Что
(1921573658, kotleni) шлюха -> И не надо личку
(1921573658, kotleni) шлюха -> Им Незя сделать подпись
(1921573658, kotleni) шлюха -> null
(1921573658, kotleni) шлюха -> Хотя
(1123494502, the_world_ficus) Санджи -> Та мне интересно что ж такого она хочет от меня в личке
(1129729188, Zack_Rayden) Zack_Rayden -> Ку
(1123494502, the_world_ficus) Санджи -> Привет
(900409142, aki_neko) Аки -> Видео сообщения😏
(900409142, aki_neko) Аки -> null
(1123494502, the_world_ficus) Санджи -> Повторюсь у меня нету твоей лички
(900409142, aki_neko) Аки -> Могу дать
(900409142, aki_neko) Аки -> Если ты хочешь
(900409142, aki_neko) Аки -> О у Вити попроси
(1123494502, the_world_ficus) Санджи -> Та мне как то без разничцы
(1123494502, the_world_ficus) Санджи -> А то вдруг будут еще ревновать
(1123494502, the_world_ficus) Санджи -> А я не хочу разбивать семью
(900409142, aki_neko) Аки -> Та не
(1123494502, the_world_ficus) Санджи -> Шо не?
(900409142, aki_neko) Аки -> Он привык что я обещаю с парнями 😅
(900409142, aki_neko) Аки -> null
(1123494502, the_world_ficus) Санджи -> Что ты обещаешь?
(900409142, aki_neko) Аки -> Общаюсь*
(1123494502, the_world_ficus) Санджи -> Ммм
(1123494502, the_world_ficus) Санджи -> Ну как хочешь впринцтпе
(1123494502, the_world_ficus) Санджи -> Хочешь кидай хочешь не кидай на твое усмотрение
(900409142, aki_neko) Аки -> Бебебе
(1123494502, the_world_ficus) Санджи -> Ась?
(1123494502, the_world_ficus) Санджи -> Не понял
(1123494502, the_world_ficus) Санджи -> Ну нет так нет
(1123494502, the_world_ficus) Санджи -> @the_world_ficus
(1123494502, the_world_ficus) Санджи -> Оставлю тут
(1123494502, the_world_ficus) Санджи -> Все равно скушно
(900409142, aki_neko) Аки -> О спасибо
(1921573658, kotleni) шлюха -> null
(1921573658, kotleni) шлюха -> Эх ты
(614040288, NoraAkvel) Хилл -> Я кароче себе палец въебала топором 👌🏻✨✨
(1921573658, kotleni) шлюха -> Как и зачем? Сколько пальцев осталось?
(2131176781, null) anonimous_7124 -> Ужас. Сильно?
(614040288, NoraAkvel) Хилл -> Осталось всё так же 16 
А так колола дрова
(614040288, NoraAkvel) Хилл -> Та, чуть-чуть, кровь идёт, но жить буду
(614040288, NoraAkvel) Хилл -> Главное что ноготь цел
(1921573658, kotleni) шлюха -> Не болей
(1921573658, kotleni) шлюха -> null
(614040288, NoraAkvel) Хилл -> Стараюсь
(614040288, NoraAkvel) Хилл -> Хотя до 1 числа ещё далеко
(1916884035, FotikHi) ГЛ.Админ -> null
(1921573658, kotleni) шлюха -> Смени Ник
(1921573658, kotleni) шлюха -> Или забаню
(614040288, NoraAkvel) Хилл -> Пхахпхах
(1921573658, kotleni) шлюха -> Хах
(1921573658, kotleni) шлюха -> Чем заняты?)
New user added: mmpp06 by 1444802358
(1444802358, mmpp06) mmpp06 -> Привет
(614040288, NoraAkvel) Хилл -> Дороу
(1921573658, kotleni) шлюха -> Привет
(1123494502, the_world_ficus) Санджи -> Привет
(614040288, NoraAkvel) Хилл -> Решаем математику за 2 класс
(1921573658, kotleni) шлюха -> Ох
(1921573658, kotleni) шлюха -> Зачем?
(1444802358, mmpp06) mmpp06 -> Привет
(614040288, NoraAkvel) Хилл -> С малым дз делаем
(1444802358, mmpp06) mmpp06 -> Кто хочет интим скинуть фотки
New user added: rubber_duck777 by 499241630
(499241630, rubber_duck777) rubber_duck777 -> А
(1921573658, kotleni) шлюха -> А
(1123494502, the_world_ficus) Санджи -> Бля
(1123494502, the_world_ficus) Санджи -> Очередные дрочеры?
(1921573658, kotleni) шлюха -> Я хочу
(499241630, rubber_duck777) rubber_duck777 -> 😂
(1444802358, mmpp06) mmpp06 -> Го лс
(1921573658, kotleni) шлюха -> Больше нет кого звать
(1123494502, the_world_ficus) Санджи -> Ахаххахах
(1123494502, the_world_ficus) Санджи -> Хуево
(1921573658, kotleni) шлюха -> Неа
New user added: Gustav101 by 1392892202
(1392892202, Gustav101) Gustav101 -> Привет
(1921573658, kotleni) шлюха -> Привет
(1123494502, the_world_ficus) Санджи -> Привет
(1444802358, mmpp06) mmpp06 -> Скинь тогда интим
(614040288, NoraAkvel) Хилл -> У меня свой есть
(1123494502, the_world_ficus) Санджи -> Идеально подходит
(1921573658, kotleni) шлюха -> Ты первый
(1392892202, Gustav101) идиот -> Ага
(1444802358, mmpp06) mmpp06 -> Кто хочет интим скинуть
(1921573658, kotleni) шлюха -> Я
(5048008619, null) carine1999 -> Я
(1392892202, Gustav101) идиот -> Го
(1921573658, kotleni) шлюха -> Ты первый
(1921573658, kotleni) шлюха -> Сегодня ещё боту напишу систему афк
(1921573658, kotleni) шлюха -> Кто долго будет не в сети, того кидать будет нахуй
(1123494502, the_world_ficus) Санджи -> Ахахах
(1123494502, the_world_ficus) Санджи -> А сколько же?
(1392892202, Gustav101) идиот -> Смотри давай кидаем кубик у кого меньше тот и 1 кидает
(1921573658, kotleni) шлюха -> Ахах
(1921573658, kotleni) шлюха -> Нахуй
(1921573658, kotleni) шлюха -> У тебя уродливый член
(1921573658, kotleni) шлюха -> Ну его
(1123494502, the_world_ficus) Санджи -> Аххахахахахахахахахпхха
(1123494502, the_world_ficus) Санджи -> А ты откуда знаешь?
(1921573658, kotleni) шлюха -> Часа три
(1123494502, the_world_ficus) Санджи -> Та много
(1123494502, the_world_ficus) Санджи -> Мало
(1123494502, the_world_ficus) Санджи -> Блять
(1123494502, the_world_ficus) Санджи -> Мало
(1123494502, the_world_ficus) Санджи -> Ставь 3 дгя
(1123494502, the_world_ficus) Санджи -> Дня*
(1123494502, the_world_ficus) Санджи -> А то бля и меня нах кикнет
(1921573658, kotleni) шлюха -> Типо
(1921573658, kotleni) шлюха -> null
(1921573658, kotleni) шлюха -> null
(1921573658, kotleni) шлюха -> null
(1123494502, the_world_ficus) Санджи -> Ааааааааааааааааааааааа
(1123494502, the_world_ficus) Санджи -> Тяжело
(1123494502, the_world_ficus) Санджи -> Но ладно
(1123494502, the_world_ficus) Санджи -> В конце скример
(1921573658, kotleni) шлюха -> Хэх
(1921573658, kotleni) шлюха -> Потом увидишь
(1921573658, kotleni) шлюха -> Минус только один
(1123494502, the_world_ficus) Санджи -> Хорошо
(1921573658, kotleni) шлюха -> Переписку не почитаешь
(1921573658, kotleni) шлюха -> Которая после кика была
(1123494502, the_world_ficus) Санджи -> Ааааа
(1123494502, the_world_ficus) Санджи -> Понял
New user added: LightningB0lt by 2098616961
(2098616961, LightningB0lt) LightningB0lt -> Привет
(1921573658, kotleni) шлюха -> null
(1921573658, kotleni) шлюха -> Привет
(1444802358, mmpp06) mmpp06 -> Малолетка бля
New user added: forgotteball52 by 799784190
(799784190, forgotteball52) forgotteball52 -> .
(1037511261, valetyle) Негры -> Ніхуёво
(1659430633, Wituk16) Wituk16 -> Привет
(1921573658, kotleni) шлюха -> привет
(1921573658, kotleni) шлюха -> привет
(1921573658, kotleni) шлюха -> привет
(1659430633, Wituk16) Wituk16 -> Что делаешь
New user added: noname38629 by 5078520744
(5078520744, null) noname38629 -> Д?
(1921573658, kotleni) шлюха -> лежу в ванной
(1921573658, kotleni) шлюха -> привет)
New user added: noname25239 by 1926296327
(1926296327, null) noname25239 -> Привет
(1921573658, kotleni) шлюха -> привет
(5078520744, null) noname38629 -> Приветик
(5078520744, null) noname38629 -> Есть пошлые?
(1921573658, kotleni) шлюха -> как твои дела?
(1659430633, Wituk16) Wituk16 -> Го дружить
(1921573658, kotleni) шлюха -> есть
(1921573658, kotleni) шлюха -> го
(1926296327, null) noname25239 -> Привет
(1659430633, Wituk16) Wituk16 -> Дай свой ник
(1921573658, kotleni) шлюха -> привет
(1921573658, kotleni) шлюха -> не дам, тут пиши
(1921573658, kotleni) шлюха -> даю личку только тем, кто в топ 1 по рейтинку
(1921573658, kotleni) шлюха -> рейтингу
(1659430633, Wituk16) Wituk16 -> 🆗
(900409142, aki_neko) Аки -> А за что заблокирован?
(1921573658, kotleni) шлюха -> за ник
(1926296327, null) noname25239 -> Какой?
(1921573658, kotleni) шлюха -> ГЛ.Админ
(1926296327, null) noname25239 -> Понял
(1926296327, null) noname25239 -> Го дружить
(1921573658, kotleni) шлюха -> го
(1926296327, null) noname25239 -> Дай инсту
(1921573658, kotleni) шлюха -> не даю кому попало
(1926296327, null) noname25239 -> Дай
(1921573658, kotleni) шлюха -> не дам
(1926296327, null) noname25239 -> Дай
(1921573658, kotleni) шлюха -> неа
(1926296327, null) noname25239 -> По
(1921573658, kotleni) шлюха -> вас может кикнуть бот кстати
Storage loaded
Bot started
Storage loaded
Bot started
Storage loaded
Bot started
Storage loaded
Bot started
Storage loaded
Bot started
Storage loaded
Bot started
(1123494502, the_world_ficus) Санджи -> Привет кого не видел
(1921573658, kotleni) шлюха -> qq
Storage loaded
Bot started
(900409142, aki_neko) Аки -> Он вечность сжечь
(900409142, aki_neko) Аки -> Здесь *
(2019031307, null) [Оповещение] -> ПРОДАМ ОЧКА, ПИСАТЬ: @kotleni
(2019031307, null) [Оповещение] -> Ку
(2019031307, null) [Оповещение] -> ПРОДАМ ОЧКА, ПИСАТЬ: @kotleni
Storage loaded
Bot started
Storage loaded
Bot started
(5048008619, null) carine1999 -> Привет
New user added: kakikukibo by 5027559286
(5027559286, kakikukibo) kakikukibo -> овов
(5048008619, null) carine1999 -> Привет 👋
(5027559286, kakikukibo) kakikukibo -> при
(1921573658, kotleni) шлюха -> привет
Storage loaded
Bot started
(5048008619, null) carine1999 -> О
(1921573658, kotleni) шлюха -> хм
(1921573658, kotleni) шлюха -> Есть кто?
(1921573658, kotleni) шлюха -> ✔️
(1921573658, kotleni) шлюха -> ✖️
Storage loaded
Bot started
Storage loaded
Bot started
Storage loaded
Bot started
Storage loaded
Bot started
Storage loaded
Bot started
(5048008619, null) carine1999 -> :)
Storage loaded
Bot started
(1921573658, kotleni) шлюха -> 🙂
Storage loaded
Bot started
Storage loaded
Bot started
(5048008619, null) carine1999 -> Хнык
(5048008619, null) carine1999 -> null
Storage loaded
Bot started
(5048008619, null) carine1999 -> null
(5048008619, null) carine1999 -> Хнык
Storage loaded
Bot started
(900409142, aki_neko) Аки -> Охае
(1921573658, kotleni) шлюха -> охае
(1921573658, kotleni) шлюха -> чем занята?
(900409142, aki_neko) Аки -> Эт круто но мне ж интересно о чем вы тут общаетесь
(1921573658, kotleni) шлюха -> теперь можно трекать активных пользоватей через /lis
(900409142, aki_neko) Аки -> Играю в Айзека
(1921573658, kotleni) шлюха -> ой, /lsit
(1921573658, kotleni) шлюха -> ой
(1921573658, kotleni) шлюха -> ой
(900409142, aki_neko) Аки -> Пх
(1921573658, kotleni) шлюха -> ой /list
(900409142, aki_neko) Аки -> Круто
(5048008619, null) test -> null
(1921573658, kotleni) шлюха -> стикеры по прежнему медленные блять(
(1974930061, y9ichi9) y9ichi9 -> Це фейк
(1921573658, kotleni) шлюха -> ?
Storage loaded
Bot started
Storage loaded
Bot started
Storage loaded
Bot started
Storage loaded
Bot started
Storage loaded
Bot started
(900409142, aki_neko) Аки -> Ну и что
(1921573658, kotleni) шлюха -> ?
(900409142, aki_neko) Аки -> null
(1921573658, kotleni) шлюха -> ?
(1123494502, the_world_ficus) Санджи -> Хуя се
(1123494502, the_world_ficus) Санджи -> Технологиии
(1921573658, kotleni) шлюха -> :.
Storage loaded
Bot started
Storage loaded
Bot started
Storage loaded
Bot started
Storage loaded
Bot started
(1921573658, kotleni) шлюха -> 🛠
(900409142, aki_neko) Аки -> 😂
(1921573658, kotleni) шлюха -> a?
(900409142, aki_neko) Аки -> Вас и тут и там показывают
Storage loaded
Bot started
(1921573658, kotleni) шлюха -> В лс пишет?
(1123494502, the_world_ficus) Санджи -> Да
(1921573658, kotleni) шлюха -> Санджи, ты можешь кстати чекать загрузку моего ноута)
(1921573658, kotleni) шлюха -> чекай /debug
(1123494502, the_world_ficus) Санджи -> Ииии?
(1123494502, the_world_ficus) Санджи -> О
(1123494502, the_world_ficus) Санджи -> Работает
Storage loaded
Bot started
(900409142, aki_neko) Аки -> А ой
(1921573658, kotleni) шлюха -> 😆
(900409142, aki_neko) Аки -> null
(1921573658, kotleni) шлюха -> ?
(1921573658, kotleni) шлюха -> ты как буд-то волнуешься там
(1921573658, kotleni) шлюха -> null
(900409142, aki_neko) Аки -> Пхпхпх
(900409142, aki_neko) Аки -> Эт так орно
(1921573658, kotleni) шлюха -> null
(1921573658, kotleni) шлюха -> кстати
(1921573658, kotleni) шлюха -> тут никто ваши стикеры не украдет)
(1921573658, kotleni) шлюха -> ибо это картиночки)
(900409142, aki_neko) Аки -> 😂
(900409142, aki_neko) Аки -> Кстати да
(1921573658, kotleni) шлюха -> пойду себе шеколадку куплю
(900409142, aki_neko) Аки -> Та блять а я
(1921573658, kotleni) шлюха -> 🏺
(1921573658, kotleni) шлюха -> АНТОН
(1921573658, kotleni) шлюха -> купи ей уже шеколадку
(1921573658, kotleni) шлюха -> ебаный гвоздь
(900409142, aki_neko) Аки -> null
(1921573658, kotleni) шлюха -> гавно залупа пенис
(1921573658, kotleni) шлюха -> шлюха жопа малафья
(1921573658, kotleni) шлюха -> вот
(900409142, aki_neko) Аки -> Он занят 😏
(1921573658, kotleni) шлюха -> ой
(1921573658, kotleni) шлюха -> ну идите вы нахуй все
(900409142, aki_neko) Аки -> null
(900409142, aki_neko) Аки -> Но я ж тут с тобой)
(1921573658, kotleni) шлюха -> эх
(1921573658, kotleni) шлюха -> все вы так
(900409142, aki_neko) Аки -> Нет
(1921573658, kotleni) шлюха -> null
(1921573658, kotleni) шлюха -> null
(900409142, aki_neko) Аки -> Огоооооо
Storage loaded
Bot started
(1921573658, kotleni) шлюха -> старая гифка
(1921573658, kotleni) шлюха -> помнишь?)
(1921573658, kotleni) шлюха -> еще когда мы только познакомилис
(1921573658, kotleni) шлюха -> где-то в сентябре еще прошлом
(900409142, aki_neko) Аки -> 😳 не
(900409142, aki_neko) Аки -> Это было так давно
(1921573658, kotleni) шлюха -> угу
(1921573658, kotleni) шлюха -> null
(1921573658, kotleni) шлюха -> мы уже больше года вместе
(1921573658, kotleni) шлюха -> а ты так и не вышла гулять
(900409142, aki_neko) Аки -> Мы где-то два знакомы
(900409142, aki_neko) Аки -> Я с лд знакома даа года и один раз гуляла
(1921573658, kotleni) шлюха -> ага
(900409142, aki_neko) Аки -> Мне нужен повод )
(1921573658, kotleni) шлюха -> круто
(1921573658, kotleni) шлюха -> я дарю шеколадки только тому6 кто гуляет со мной
(900409142, aki_neko) Аки -> Та блин
(900409142, aki_neko) Аки -> Я запомнила
(900409142, aki_neko) Аки -> 😑😑😑😑😑😑😑
(900409142, aki_neko) Аки -> null
(1921573658, kotleni) шлюха -> хахах
(1921573658, kotleni) шлюха -> тоисть никому
(900409142, aki_neko) Аки -> Я буду первая 🍎
Storage loaded
Bot started
(1921573658, kotleni) шлюха -> хахаха
(1921573658, kotleni) шлюха -> ну ты и корысная какаха
(1921573658, kotleni) шлюха -> ради шэколадки
(1921573658, kotleni) шлюха -> ясно все с тобой
(1921573658, kotleni) шлюха -> /вуИГП
(1921573658, kotleni) шлюха -> /вуигп
(900409142, aki_neko) Аки -> Ну а что терять то
(1921573658, kotleni) шлюха -> эх
(1921573658, kotleni) шлюха -> я буду приставать
(900409142, aki_neko) Аки -> Незя(
(1921573658, kotleni) шлюха -> я буду
(1921573658, kotleni) шлюха -> не выходи
Storage loaded
Bot started
(1921573658, kotleni) шлюха -> а если серьзно
(1921573658, kotleni) шлюха -> выходи завтра
(1921573658, kotleni) шлюха -> после шк
(900409142, aki_neko) Аки -> Ме)
(2014045010, kycb_r) Неко-нацист -> а
(1921573658, kotleni) шлюха -> a
(1921573658, kotleni) шлюха -> ясно все с тобой
(2014045010, kycb_r) Неко-нацист -> null
(1921573658, kotleni) шлюха -> оке
(1921573658, kotleni) шлюха -> бот уже весит пол мегабайта!
(2014045010, kycb_r) Неко-нацист -> на чем написан?
(1921573658, kotleni) шлюха -> котлин
(2014045010, kycb_r) Неко-нацист -> крутой
(1921573658, kotleni) шлюха -> null
(2014045010, kycb_r) Неко-нацист -> сколько ресов потребляет?
(1921573658, kotleni) шлюха -> 🛠 Debug:
(614040288, NoraAkvel) Хилл -> Намана
(1921573658, kotleni) шлюха -> это вместе с сафари и телегой и idea
(900409142, aki_neko) Аки -> null
(1921573658, kotleni) шлюха -> девочка
(1921573658, kotleni) шлюха -> не матерись
(900409142, aki_neko) Аки -> null
(1921573658, kotleni) шлюха -> ясно
(1921573658, kotleni) шлюха -> пора прекращать общение
(900409142, aki_neko) Аки -> Ееее
(900409142, aki_neko) Аки -> Ты чееек
(1921573658, kotleni) шлюха -> чекни /list
(1921573658, kotleni) шлюха -> бб
Storage loaded
Bot started
Storage loaded
Bot started
(1921573658, kotleni) шлюха -> a
Broadcast by шлюха
Broadcast by шлюха
(614040288, NoraAkvel) Хилл -> Пхпхр
(1921573658, kotleni) шлюха -> l
(900409142, aki_neko) Аки -> 😳
(1921573658, kotleni) шлюха -> а?
(900409142, aki_neko) Аки -> Мдяяя
(1921573658, kotleni) шлюха -> 🔪
(900409142, aki_neko) Аки -> Обидел меня
(1921573658, kotleni) шлюха -> null
(900409142, aki_neko) Аки -> null
(2014045010, kycb_r) Неко-нацист -> чекнул лист
(1921573658, kotleni) шлюха -> не плакай
(2014045010, kycb_r) Неко-нацист -> Ичи ты меня слышишь?
(2014045010, kycb_r) Неко-нацист -> Ичи
(2014045010, kycb_r) Неко-нацист -> пошли пропагандировать арч
(1921573658, kotleni) шлюха -> он дрочит
(1921573658, kotleni) шлюха -> чем занимаешься?
(2014045010, kycb_r) Неко-нацист -> если уж дрочить, то на арч
(1921573658, kotleni) шлюха -> да
(1921573658, kotleni) шлюха -> я на макоси
(1921573658, kotleni) шлюха -> а на сервах линь
(1921573658, kotleni) шлюха -> дебиан
(2014045010, kycb_r) Неко-нацист -> у меня основные оси это арч и манжаро
(1921573658, kotleni) шлюха -> null
(2014045010, kycb_r) Неко-нацист -> также для игр и эксклюзивов винда
(1921573658, kotleni) шлюха -> ну для игр выбора нет)
(2014045010, kycb_r) Неко-нацист -> да)
(1921573658, kotleni) шлюха -> или консоль
(1921573658, kotleni) шлюха -> или пк с вендой лаганной
(1921573658, kotleni) шлюха -> после всего говна
(1921573658, kotleni) шлюха -> я пересел на мак и айфон
(2014045010, kycb_r) Неко-нацист -> на сервере убунту серверная, ибо систему ставил раньше, чем принял веру в арч
(1921573658, kotleni) шлюха -> забыл что такое баги постоянные
(1921573658, kotleni) шлюха -> и ковыряние в оси
(2014045010, kycb_r) Неко-нацист -> я пересел на линукс и забыл что такое баги винды и реестр
(2014045010, kycb_r) Неко-нацист -> винда сосать
(1921573658, kotleni) шлюха -> )
(1921573658, kotleni) шлюха -> да
(1921573658, kotleni) шлюха -> formac C:
(1921573658, kotleni) шлюха -> format C:
(1921573658, kotleni) шлюха -> echo «Super» >> /etc/release_ltsc
Storage loaded
Bot started
New user added: noname82986 by 695542860
(695542860, null) noname82986 -> Пуцщ
(1921573658, kotleni) шлюха -> a
(1921573658, kotleni) шлюха -> пущц
(1921573658, kotleni) шлюха -> еще один афк челЭ
(1921573658, kotleni) шлюха -> null
Storage loaded
Bot started
(1921573658, kotleni) шлюха -> null
Storage loaded
Bot started
(1921573658, kotleni) шлюха -> null
Storage loaded
Bot started
(1921573658, kotleni) шлюха -> null
Storage loaded
Bot started
(1921573658, kotleni) шлюха -> null
Storage loaded
Bot started
(1974930061, y9ichi9) y9ichi9 -> Оповещение это не Витя, это фейе
(1921573658, kotleni) шлюха -> null
(1921573658, kotleni) шлюха -> so
Storage loaded
Bot started
(1921573658, kotleni) шлюха -> null
Storage loaded
Bot started
(1921573658, kotleni) шлюха -> suka
(900409142, aki_neko) Аки -> Он ебобо
(900409142, aki_neko) Аки -> Ну этот чел
Storage loaded
Bot started
(1921573658, kotleni) шлюха -> мб
(1921573658, kotleni) шлюха -> null
(1921573658, kotleni) шлюха -> null
(1921573658, kotleni) шлюха -> как вам моя рука?)
(1921573658, kotleni) шлюха -> только медленно отправляет круглоые видео
(1921573658, kotleni) шлюха -> null
(900409142, aki_neko) Аки -> Покраска как всегда
(1921573658, kotleni) шлюха -> со
(900409142, aki_neko) Аки -> Прекрасна*
(1921573658, kotleni) шлюха -> а
(1921573658, kotleni) шлюха -> ок
(1921573658, kotleni) шлюха -> раздевайся
Storage loaded
Bot started
(1921573658, kotleni) шлюха -> null
Storage loaded
Bot started
(1921573658, kotleni) шлюха -> null
(1921573658, kotleni) шлюха -> null
Storage loaded
Bot started
(1921573658, kotleni) шлюха -> null
Storage loaded
Bot started
(1921573658, kotleni) шлюха -> всо
(1921573658, kotleni) шлюха -> извините за флуд)
(5048008619, null) test -> Привет?
(1921573658, kotleni) шлюха -> да
New user added: Geroypo by 1373082981
(1373082981, Geroypo) Geroypo -> Л
(5048008619, null) carine -> l
(1373082981, Geroypo) Geroypo -> Привет
(5048008619, null) carine -> привет
(1373082981, Geroypo) Geroypo -> Оценка ?
(5048008619, null) carine -> null
(1921573658, kotleni) шлюха -> шо тут происходит?
(1373082981, Geroypo) Geroypo -> 9/10
(1373082981, Geroypo) Geroypo -> Оценка
(5048008619, null) carine -> null
(1373082981, Geroypo) Geroypo -> null
New user added: noname75316 by 1793502513
(1793502513, null) noname75316 -> Привет
(1921573658, kotleni) шлюха -> 😮
(1921573658, kotleni) шлюха -> привет
(1793502513, null) noname75316 -> Привет
(1921573658, kotleni) шлюха -> )
(1793502513, null) noname75316 -> Го познакомися
(1921573658, kotleni) шлюха -> го
(1793502513, null) noname75316 -> Сколько лет
(1921573658, kotleni) шлюха -> 19
(1793502513, null) noname75316 -> Давай в личку
(1921573658, kotleni) шлюха -> не
(1373082981, Geroypo) Geroypo -> Кто откуда ?
(1921573658, kotleni) шлюха -> только тут)
(1921573658, kotleni) шлюха -> МСК
(1921573658, kotleni) шлюха -> а ты/
(1921573658, kotleni) шлюха -> ?
(1373082981, Geroypo) Geroypo -> Владикавказ
(1921573658, kotleni) шлюха -> null
(1373082981, Geroypo) Geroypo -> Скинь себя )
(1921573658, kotleni) шлюха -> null
(1921573658, kotleni) шлюха -> не скину)
(1373082981, Geroypo) Geroypo -> null
(1373082981, Geroypo) Geroypo -> null
(1921573658, kotleni) шлюха -> неа
(1373082981, Geroypo) Geroypo -> Все равно анонимное, просто оценю )
(1921573658, kotleni) шлюха -> null
(1793502513, null) noname75316 -> Топ
(1373082981, Geroypo) Geroypo -> +
(1921573658, kotleni) шлюха -> null
(1793502513, null) noname75316 -> Крутая
(1921573658, kotleni) шлюха -> давайте пообщаемся что-ли?)
(1373082981, Geroypo) Geroypo -> На какую тему ?
(1921573658, kotleni) шлюха -> ты выбирай)
(1793502513, null) noname75316 -> Го оценку 🍌
(1921573658, kotleni) шлюха -> не, не хочу
(1373082981, Geroypo) Geroypo -> Хмм... У тебя уже был секс?
(1793502513, null) noname75316 -> null
(1921573658, kotleni) шлюха -> нет
(1921573658, kotleni) шлюха -> ебаный
(1793502513, null) noname75316 -> Ну как
(1373082981, Geroypo) Geroypo -> Понятненько
(1921573658, kotleni) шлюха -> у тебя?
(1373082981, Geroypo) Geroypo -> Как относишься к ЛГБТ
(1373082981, Geroypo) Geroypo -> Нет
(1921573658, kotleni) шлюха -> нормально
(1921573658, kotleni) шлюха -> ты?
(1373082981, Geroypo) Geroypo -> Ну пока это меня не трогает, то тоже
(1921573658, kotleni) шлюха -> Да я же его заблокировал уже)
(1921573658, kotleni) шлюха -> угу
(1123494502, the_world_ficus) Санджи -> Ааа
(1123494502, the_world_ficus) Санджи -> Ок
(1123494502, the_world_ficus) Санджи -> А ты не можешь удалять сообщения безвозвратно?
New user added: Pika4u343 by 543604110
(543604110, Pika4u343) Pika4u343 -> Привет
(1123494502, the_world_ficus) Санджи -> Привеь
(1921573658, kotleni) шлюха -> тут не удаляются сообщения вообще
(1921573658, kotleni) шлюха -> они у тебя храняться)
(543604110, Pika4u343) Pika4u343 -> Привет
(543604110, Pika4u343) Pika4u343 -> Скиньте жопу)
New user added: noname94703 by 5097213998
(5097213998, null) noname94703 -> Привет
(1123494502, the_world_ficus) Санджи -> Жаааалко
(1921573658, kotleni) шлюха -> хотя
(1921573658, kotleni) шлюха -> не)
(5097213998, null) noname94703 -> Парень
(1921573658, kotleni) шлюха -> девушка
(1921573658, kotleni) шлюха -> null
(5097213998, null) noname94703 -> Ла
(1123494502, the_world_ficus) Санджи -> Танк Абрамс
(1921573658, kotleni) шлюха -> киньте музыки
(1921573658, kotleni) шлюха -> null
(5097213998, null) noname94703 -> Можно фотографии ваших сисек
(1921573658, kotleni) шлюха -> много хочешь
(1921573658, kotleni) шлюха -> кидаю сиськи только избранным
(5097213998, null) noname94703 -> Давай
(1123494502, the_world_ficus) Санджи -> null
(1123494502, the_world_ficus) Санджи -> Ствол
(1921573658, kotleni) шлюха -> напиши /rate
(1921573658, kotleni) шлюха -> вот как будешь на 1-5 месте
(1921573658, kotleni) шлюха -> тогда поговорим
(1921573658, kotleni) шлюха -> ))
(1123494502, the_world_ficus) Санджи -> 15б
(1123494502, the_world_ficus) Санджи -> ?
(543604110, Pika4u343) Pika4u343 -> Р
(5097213998, null) noname94703 -> Р
(1123494502, the_world_ficus) Санджи -> ?
(1921573658, kotleni) шлюха -> Р
(1123494502, the_world_ficus) Санджи -> П
(1921573658, kotleni) шлюха -> null
(1123494502, the_world_ficus) Санджи -> null
(1921573658, kotleni) шлюха -> Меня вообще Настя зовут(
(1123494502, the_world_ficus) Санджи -> null
(1921573658, kotleni) шлюха -> null
(1123494502, the_world_ficus) Санджи -> null
(1921573658, kotleni) шлюха -> скучно пиздец
(1123494502, the_world_ficus) Санджи -> null
(1921573658, kotleni) шлюха -> эти дрочеры даже в чате не сидят
(1921573658, kotleni) шлюха -> я хз как фармить людей
(1123494502, the_world_ficus) Санджи -> null
(1921573658, kotleni) шлюха -> го, лол
New user added: SkYTTlzzTryAnKa by 665869945
(665869945, SkYTTlzzTryAnKa) SkYTTlzzTryAnKa -> null
(1921573658, kotleni) шлюха -> но там фильтр вроде?
(1123494502, the_world_ficus) Санджи -> null
(1921573658, kotleni) шлюха -> лучше написать типо
(1921573658, kotleni) шлюха -> «пишите в лс, кину в чатик»
(1921573658, kotleni) шлюха -> @globalchat2022_bot
(1123494502, the_world_ficus) Санджи -> null
(1921573658, kotleni) шлюха -> хм
(1123494502, the_world_ficus) Санджи -> null
(1123494502, the_world_ficus) Санджи -> null
(1921573658, kotleni) шлюха -> тупо картинка)
(1123494502, the_world_ficus) Санджи -> null
(1123494502, the_world_ficus) Санджи -> null
(1921573658, kotleni) шлюха -> у других может отображаться по другому же
(1921573658, kotleni) шлюха -> без ссылки
(1123494502, the_world_ficus) Санджи -> null
(1921573658, kotleni) шлюха -> хотя хз
(1921573658, kotleni) шлюха -> инсту кидают
(1921573658, kotleni) шлюха -> пох
(1123494502, the_world_ficus) Санджи -> null
(1921573658, kotleni) шлюха -> null
(1123494502, the_world_ficus) Санджи -> null
(1123494502, the_world_ficus) Санджи -> null
(1123494502, the_world_ficus) Санджи -> null
(1921573658, kotleni) шлюха -> ага
(1921573658, kotleni) шлюха -> )
(1921573658, kotleni) шлюха -> ограничения)
(1921573658, kotleni) шлюха -> https://www.youtube.com/watch?v=XEDb8hrHiKw
(1921573658, kotleni) шлюха -> кинь в этого бота /lol
(1921573658, kotleni) шлюха -> .
(1123494502, the_world_ficus) Санджи -> Чо бля?
(1921573658, kotleni) шлюха -> null
(1123494502, the_world_ficus) Санджи -> null
(1123494502, the_world_ficus) Санджи -> null
(1921573658, kotleni) шлюха -> ага
(1921573658, kotleni) шлюха -> пасхалка типо)
(1921573658, kotleni) шлюха -> null
(900409142, aki_neko) Аки -> Ку
(900409142, aki_neko) Аки -> А я покушала
(1921573658, kotleni) шлюха -> приятного было)
(900409142, aki_neko) Аки -> Спасибо
(900409142, aki_neko) Аки -> А теперь кушаю вкусную печеньку
(1921573658, kotleni) шлюха -> крутая
(900409142, aki_neko) Аки -> А вы чем заняты?
(1921573658, kotleni) шлюха -> дрочу
(1123494502, the_world_ficus) Санджи -> null
(1123494502, the_world_ficus) Санджи -> null
(1373082981, Geroypo) Geroypo -> +
(1921573658, kotleni) шлюха -> э
(900409142, aki_neko) Аки -> Та ты там кострюлт роняешь
(1921573658, kotleni) шлюха -> не трожь меня
(900409142, aki_neko) Аки -> А не ему помогаешь
(1921573658, kotleni) шлюха -> грязный педофил
(1921573658, kotleni) шлюха -> (
(900409142, aki_neko) Аки -> Ты кастрюля?
(1921573658, kotleni) шлюха -> та мы просто в кануре сидим
(1921573658, kotleni) шлюха -> с посудой
(900409142, aki_neko) Аки -> Да да да
(1921573658, kotleni) шлюха -> эх
(1921573658, kotleni) шлюха -> у меня твоя фоточка
(1921573658, kotleni) шлюха -> так что не пизди лишнего там
(1123494502, the_world_ficus) Санджи -> null
(1921573658, kotleni) шлюха -> null
(1921573658, kotleni) шлюха -> My cock size is 10cm 🙁
(900409142, aki_neko) Аки -> Ах ты
(900409142, aki_neko) Аки -> (((
(1123494502, the_world_ficus) Санджи -> null
(1123494502, the_world_ficus) Санджи -> null
(1123494502, the_world_ficus) Санджи -> null
(1921573658, kotleni) шлюха -> null
(1123494502, the_world_ficus) Санджи -> null
(1123494502, the_world_ficus) Санджи -> null
(1123494502, the_world_ficus) Санджи -> null
(1123494502, the_world_ficus) Санджи -> null
(1123494502, the_world_ficus) Санджи -> null
(1123494502, the_world_ficus) Санджи -> null
(1921573658, kotleni) шлюха -> Э
(1123494502, the_world_ficus) Санджи -> null
(1921573658, kotleni) шлюха -> Да
(1921573658, kotleni) шлюха -> Это сервак УИПА
(1921573658, kotleni) шлюха -> null
(1123494502, the_world_ficus) Санджи -> null
(1921573658, kotleni) шлюха -> жэ
(1921573658, kotleni) шлюха -> заходит отец в комнату
(1921573658, kotleni) шлюха -> видит премиум
(1921573658, kotleni) шлюха -> и говорит что я в игрушки играю
(1921573658, kotleni) шлюха -> девку искать пора
(1921573658, kotleni) шлюха -> ютуб премиум
(1123494502, the_world_ficus) Санджи -> null
(1123494502, the_world_ficus) Санджи -> null
(1921573658, kotleni) шлюха -> null
(1921573658, kotleni) шлюха -> заебали уже
(1037511261, valetyle) Админ всея Руси -> Приветствую
(1921573658, kotleni) шлюха -> привет
(1037511261, valetyle) Админ всея Руси -> 36 гривен за распечатку
(1037511261, valetyle) Админ всея Руси -> Бля
(1037511261, valetyle) Админ всея Руси -> Пришлось конспект распечатать
(1921573658, kotleni) шлюха -> а
(1921573658, kotleni) шлюха -> ты о чем?
(1037511261, valetyle) Админ всея Руси -> Конспекты до истории мы распечатываем
(1921573658, kotleni) шлюха -> null
(1037511261, valetyle) Админ всея Руси -> Я купил йогурт у вахтёршы
(1921573658, kotleni) шлюха -> хахха
(1921573658, kotleni) шлюха -> чо
(1037511261, valetyle) Админ всея Руси -> За 15 гривен Галичина
(1037511261, valetyle) Админ всея Руси -> В магазе 30
(1037511261, valetyle) Админ всея Руси -> Знаешь почему
(1921573658, kotleni) шлюха -> ор
(1921573658, kotleni) шлюха -> наверное у себя между ног наскреблоа
(1037511261, valetyle) Админ всея Руси -> У него стёк сегодня срок годности
(1921573658, kotleni) шлюха -> хахаха
(1037511261, valetyle) Админ всея Руси -> null
(1921573658, kotleni) шлюха -> null
(1037511261, valetyle) Админ всея Руси -> Вкусно
(1921573658, kotleni) шлюха -> просрись
(1037511261, valetyle) Админ всея Руси -> Активированный уголь держу при себе
(1921573658, kotleni) шлюха -> пж
(1037511261, valetyle) Админ всея Руси -> Почему
(1921573658, kotleni) шлюха -> просто
(1037511261, valetyle) Админ всея Руси -> Чо я тебе сделала
(1921573658, kotleni) шлюха -> null
(1037511261, valetyle) Админ всея Руси -> null
(1921573658, kotleni) шлюха -> null
(1037511261, valetyle) Админ всея Руси -> Сексуально что анально
(1921573658, kotleni) шлюха -> null
(1037511261, valetyle) Админ всея Руси -> null
(1123494502, the_world_ficus) Санджи -> null
(1921573658, kotleni) шлюха -> ты же не пишешь
(900409142, aki_neko) Аки -> Вмер
(1921573658, kotleni) шлюха -> аки
(1921573658, kotleni) шлюха -> хочу тебя
(900409142, aki_neko) Аки -> null
(1123494502, the_world_ficus) Санджи -> null
(1921573658, kotleni) шлюха -> соре
(1921573658, kotleni) шлюха -> она парней меняет как спички
(1123494502, the_world_ficus) Санджи -> null
(1921573658, kotleni) шлюха -> null
(1123494502, the_world_ficus) Санджи -> null
(1921573658, kotleni) шлюха -> обычная девка
(1921573658, kotleni) шлюха -> спички у моей мачехи
(1921573658, kotleni) шлюха -> ладно
(1921573658, kotleni) шлюха -> null
(1921573658, kotleni) шлюха -> пизда я торч
(1921573658, kotleni) шлюха -> залип на фльм
(1921573658, kotleni) шлюха -> фльим
(1921573658, kotleni) шлюха -> фльи
(1921573658, kotleni) шлюха -> фильм
(1921573658, kotleni) шлюха -> null
(1123494502, the_world_ficus) Санджи -> Та похуй
(1123494502, the_world_ficus) Санджи -> Че за фильм?
(1921573658, kotleni) шлюха -> джентельмены
(1921573658, kotleni) шлюха -> хз
(1921573658, kotleni) шлюха -> пойду в ванную шоле
(1921573658, kotleni) шлюха -> Кто чем занят?
(1123494502, the_world_ficus) Санджи -> Лежу
(1123494502, the_world_ficus) Санджи -> Умираю
(1123494502, the_world_ficus) Санджи -> Наелся пельменей и чаю
(1123494502, the_world_ficus) Санджи -> Позже еще выпью
(1123494502, the_world_ficus) Санджи -> Пиздатый чай
(1123494502, the_world_ficus) Санджи -> Вкусный чай
(1123494502, the_world_ficus) Санджи -> ЧАААААААЙ
(1921573658, kotleni) шлюха -> Хахах
(1921573658, kotleni) шлюха -> null
(1921573658, kotleni) шлюха -> Я вообще знаю как решить проблему с кривыми стиками и видео круглыми
(1921573658, kotleni) шлюха -> Но мне завтра работать нужно
(1921573658, kotleni) шлюха -> Так что в пизду
(1123494502, the_world_ficus) Санджи -> Та похуц
(1123494502, the_world_ficus) Санджи -> Забей пока
(1921573658, kotleni) шлюха -> Да
(1921573658, kotleni) шлюха -> null
(1921573658, kotleni) шлюха -> Не то
(1921573658, kotleni) шлюха -> null
(1921573658, kotleni) шлюха -> null
(5048008619, null) carine -> null
(1123494502, the_world_ficus) Санджи -> Главное что работает
(1921573658, kotleni) шлюха -> Що
(1921573658, kotleni) шлюха -> Бот провис
(900409142, aki_neko) Аки -> Не говно
(900409142, aki_neko) Аки -> Еее пиздеж
(1123494502, the_world_ficus) Санджи -> Работает все бл
(900409142, aki_neko) Аки -> (
(1921573658, kotleni) шлюха -> Аки
(1921573658, kotleni) шлюха -> Я не поддерживаю такую хуйню
(1921573658, kotleni) шлюха -> Мы говорили об этом уже
(900409142, aki_neko) Аки -> Да
(900409142, aki_neko) Аки -> Но все же
(1921573658, kotleni) шлюха -> Не обижайся только
(1921573658, kotleni) шлюха -> Правда жизни
(1921573658, kotleni) шлюха -> Чем занимаешься?
(900409142, aki_neko) Аки -> Обижаюсь на тебя
(1921573658, kotleni) шлюха -> Не обижаюсь
(1921573658, kotleni) шлюха -> Не обижайся
(900409142, aki_neko) Аки -> А если серьезно но лежу и общаюсь с твоим мальчиком
(1921573658, kotleni) шлюха -> Ясно
(1123494502, the_world_ficus) Санджи -> Хсхахааххахах
(1921573658, kotleni) шлюха -> Оставили меня одного
(1921573658, kotleni) шлюха -> Скучно пиздец
(1921573658, kotleni) шлюха -> Я не брился уже месяц практически
(1921573658, kotleni) шлюха -> Прздец
(1123494502, the_world_ficus) Санджи -> Хмхсхахаха
(1123494502, the_world_ficus) Санджи -> +++++
(1123494502, the_world_ficus) Санджи -> null
(1123494502, the_world_ficus) Санджи -> Я так же
(1921573658, kotleni) шлюха -> Зарос нахуй
(1123494502, the_world_ficus) Санджи -> Сука случайно
(1921573658, kotleni) шлюха -> Ну на моем уровне
(1921573658, kotleni) шлюха -> Я не заростаю сильно
(1123494502, the_world_ficus) Санджи -> Ну я сильно зарос
(1921573658, kotleni) шлюха -> Ещё кстати
(1123494502, the_world_ficus) Санджи -> Прям пизда как
(1921573658, kotleni) шлюха -> Антон
(1123494502, the_world_ficus) Санджи -> М?
(1921573658, kotleni) шлюха -> Когда тебя долго нет
(1921573658, kotleni) шлюха -> В доте
(1921573658, kotleni) шлюха -> Боте
(1123494502, the_world_ficus) Санджи -> Хаахахх
(1921573658, kotleni) шлюха -> Можешь отправить /logs
(1123494502, the_world_ficus) Санджи -> В доте блять
(1921573658, kotleni) шлюха -> И получить всю переписку
(1123494502, the_world_ficus) Санджи -> Оооо
(1123494502, the_world_ficus) Санджи -> Каеф
(1123494502, the_world_ficus) Санджи -> Понял
(1123494502, the_world_ficus) Санджи -> Ого
(1123494502, the_world_ficus) Санджи -> Круто хуле
(1921573658, kotleni) шлюха -> ?
(1921573658, kotleni) шлюха -> Всю за текущий день
(900409142, aki_neko) Аки -> Сложно
(1123494502, the_world_ficus) Санджи -> Ебанутся
(1123494502, the_world_ficus) Санджи -> Но все же круто
(1921573658, kotleni) шлюха -> У тебя а /help так же команды админа добавляются
(1921573658, kotleni) шлюха -> Бот виснет сука
(1921573658, kotleni) шлюха -> А я в ванной
(1123494502, the_world_ficus) Санджи -> Оооо
(1123494502, the_world_ficus) Санджи -> А я в кроватке
(1123494502, the_world_ficus) Санджи -> Ахуенно
(900409142, aki_neko) Аки -> На чиле на раслабоне
(1123494502, the_world_ficus) Санджи -> Но чаечек надо еще
(900409142, aki_neko) Аки -> И без меня(
(1123494502, the_world_ficus) Санджи -> Тогда вообще было бы пиздато
(1921573658, kotleni) шлюха -> Почему команды плохо пашут
(1123494502, the_world_ficus) Санджи -> Ты на алексеевке
(1921573658, kotleni) шлюха -> Все ясно с вами
(1123494502, the_world_ficus) Санджи -> Зсзаахахах
(1921573658, kotleni) шлюха -> У Риса будет шестой парень
(1123494502, the_world_ficus) Санджи -> Что ясно?
(1123494502, the_world_ficus) Санджи -> Ты вообще за чугуевом
(1123494502, the_world_ficus) Санджи -> Не будет
(900409142, aki_neko) Аки -> Сука мочи
(900409142, aki_neko) Аки -> Нет не будет
(900409142, aki_neko) Аки -> Я стебусь
(1123494502, the_world_ficus) Санджи -> Кого мочить?
(1921573658, kotleni) шлюха -> Та я тоже
(1921573658, kotleni) шлюха -> Не переживай
(1123494502, the_world_ficus) Санджи -> А я не настроен на это все
(900409142, aki_neko) Аки -> Откуда я
(1921573658, kotleni) шлюха -> А
(1921573658, kotleni) шлюха -> Хахаха
(1123494502, the_world_ficus) Санджи -> А блять
(1123494502, the_world_ficus) Санджи -> Молчать
(1123494502, the_world_ficus) Санджи -> А я думал мочить
(1123494502, the_world_ficus) Санджи -> Кого мочить
(1123494502, the_world_ficus) Санджи -> Пиздец
(900409142, aki_neko) Аки -> 😅😅
(1921573658, kotleni) шлюха -> Если вы ещё и погуляете
(1921573658, kotleni) шлюха -> Я вообще ебанусь
(900409142, aki_neko) Аки -> Все может быть )
(1921573658, kotleni) шлюха -> Ясно
(900409142, aki_neko) Аки -> Ты будешь третьим
(900409142, aki_neko) Аки -> Буду собирать гарем
(1123494502, the_world_ficus) Санджи -> Та не
(900409142, aki_neko) Аки -> 😏
(1123494502, the_world_ficus) Санджи -> Вряд ли мы будем гулять
(900409142, aki_neko) Аки -> (
(1921573658, kotleni) шлюха -> Хули
(900409142, aki_neko) Аки -> Ну и ладно
(1123494502, the_world_ficus) Санджи -> ХАДО НОМЕР 99 
ГЮРЕНМЕЦУ
(1921573658, kotleni) шлюха -> Ещё одна, Уатя тоже горем хочет
(1123494502, the_world_ficus) Санджи -> Горем
(1123494502, the_world_ficus) Санджи -> Блять
(1123494502, the_world_ficus) Санджи -> Хахахпхпхпхпх
(900409142, aki_neko) Аки -> Та я шучу
(1921573658, kotleni) шлюха -> Хахах
(1123494502, the_world_ficus) Санджи -> Кто бакуганов смотрел бь?
(900409142, aki_neko) Аки -> Оно мне не нало
(1123494502, the_world_ficus) Санджи -> Бл?
(1921573658, kotleni) шлюха -> Го 25 числа
(900409142, aki_neko) Аки -> Нея
(1123494502, the_world_ficus) Санджи -> Захааэахаххпхпхп
(1921573658, kotleni) шлюха -> Ты
(1921573658, kotleni) шлюха -> Антон
(1123494502, the_world_ficus) Санджи -> Не нало блять
(1921573658, kotleni) шлюха -> И я
(1123494502, the_world_ficus) Санджи -> Мжм?
(1921573658, kotleni) шлюха -> Мы на авлексеевку приедем даже
(1123494502, the_world_ficus) Санджи -> Эээээ
(1123494502, the_world_ficus) Санджи -> Холодно нахуй
(900409142, aki_neko) Аки -> Ооооо
(900409142, aki_neko) Аки -> Согл
(900409142, aki_neko) Аки -> А ты тепло оденься
(1123494502, the_world_ficus) Санджи -> Тем более я по будним дням работаю
(1921573658, kotleni) шлюха -> Ясно все
(1123494502, the_world_ficus) Санджи -> На выходных еще может быть
(1921573658, kotleni) шлюха -> null
(900409142, aki_neko) Аки -> null
(900409142, aki_neko) Аки -> У Вити наконец исполниться мечта, прогулка со мной
(900409142, aki_neko) Аки -> Надеюсь вы меня не скушаете 🥺
(900409142, aki_neko) Аки -> Я маленькая и милая 🥺
(900409142, aki_neko) Аки -> null
(1123494502, the_world_ficus) Санджи -> А я Гуль
(1921573658, kotleni) шлюха -> Ты плохая
(900409142, aki_neko) Аки -> 😭
(1921573658, kotleni) шлюха -> Просто со мной не выходила
(1921573658, kotleni) шлюха -> Гулять
(900409142, aki_neko) Аки -> Всм?
(900409142, aki_neko) Аки -> Та ну
(900409142, aki_neko) Аки -> Я говорила много раз что будет скучно (
(900409142, aki_neko) Аки -> А в троем не будет
(900409142, aki_neko) Аки -> (
(900409142, aki_neko) Аки -> ((((((
(1921573658, kotleni) шлюха -> Ахахах
(900409142, aki_neko) Аки -> Злюки вы
(1921573658, kotleni) шлюха -> Ладно
(1921573658, kotleni) шлюха -> Обожаю тебя
(900409142, aki_neko) Аки -> null
(900409142, aki_neko) Аки -> null
(1123494502, the_world_ficus) Санджи -> 1000-7=993-7=986-7=979-7=972-7=965-7=958-7=951-7=944-7=937-7=930-7=923-7=916-7=909-7=902-7=895-7=888-7=881-7=874-7=867-7=860-7=853-7=846-7=839-7=832-7=825-7=818-7=811-7=804-7=797-7=790-7=783-7=776-7=769-7=762-7=755-7=748-7=741-7=734-7=727-7=720-7=713-7=706-7=699-7=692-7=685-7=678-7=671-7=664-7=657-7=650-7=643-7=636-7=629-7=622-7=615-7=608-7=601-7=594-7=587-7=580-7=573-7=566-7=559-7=552-7=545-7=538-7=531-7=524-7=517-7=510-7=503-7=496-7=489-7=482-7=475-7=468-7=461-7=454-7=447-7=440-7=433-7=426-7=419-7=412-7=405-7=398-7=391-7=384-7=377-7=370-7=363-7=356-7=349-7=342-7=335-7=328-7=321-7=314-7=307-7=300-7=293-7=286-7=279-7=272-7=265-7=258-7=251-7=244-7=237-7=230-7=223-7=216-7=209-7=202-7=195-7=188-7=181-7=174-7=167-7=160-7=153-7=146-7=139-7=132-7=125-7=118-7=111-7=104-7=97-7=90-7=83-=76-7=69-7=62-7=55-7=48-7=41-7=34-7=27-7=20-7=13-7=6-7=0
(1921573658, kotleni) шлюха -> Я писал бота
(900409142, aki_neko) Аки -> 6-7=0 ?
(1921573658, kotleni) шлюха -> Который считает такое
(900409142, aki_neko) Аки -> С каких пор
(900409142, aki_neko) Аки -> Мда
(900409142, aki_neko) Аки -> Скучно Я живу
(1921573658, kotleni) шлюха -> Ахах
(1921573658, kotleni) шлюха -> 6-7
(1921573658, kotleni) шлюха -> -1
(1921573658, kotleni) шлюха -> -1-7
(1921573658, kotleni) шлюха -> -8
(1921573658, kotleni) шлюха -> -8-7
(900409142, aki_neko) Аки -> Вот так лучше
(1123494502, the_world_ficus) Санджи -> Бля та похуц
(900409142, aki_neko) Аки -> null
(1921573658, kotleni) шлюха -> Эх
(1921573658, kotleni) шлюха -> null
(1921573658, kotleni) шлюха -> Как же круто в ванной
(1123494502, the_world_ficus) Санджи -> Сука тоже хочу
(900409142, aki_neko) Аки -> Я тоже хочу, в ванную
(1921573658, kotleni) шлюха -> Эх
(900409142, aki_neko) Аки -> Сюка одни мысли
(1921573658, kotleni) шлюха -> Скоро уезжать от сюда
(900409142, aki_neko) Аки -> null
(5012564715, Maks123c) Maks123c -> Хай
(900409142, aki_neko) Аки -> В общагу?
(1921573658, kotleni) шлюха -> Привет
(1921573658, kotleni) шлюха -> Да
(900409142, aki_neko) Аки -> Ку
(900409142, aki_neko) Аки -> Ой гадость
(1123494502, the_world_ficus) Санджи -> Привет
(1123494502, the_world_ficus) Санджи -> Полежать в ванной
(1921573658, kotleni) шлюха -> Эх
(1123494502, the_world_ficus) Санджи -> Гаряченькой водичке
(1123494502, the_world_ficus) Санджи -> Каеф
(1921573658, kotleni) шлюха -> Да
(1123494502, the_world_ficus) Санджи -> null
(1921573658, kotleni) шлюха -> null
(1123494502, the_world_ficus) Санджи -> null
(900409142, aki_neko) Аки -> null
(1123494502, the_world_ficus) Санджи -> Чет меня отрубает
(1921573658, kotleni) шлюха -> null
(1123494502, the_world_ficus) Санджи -> Если пропаду то я схох
(900409142, aki_neko) Аки -> Уснул )
(1123494502, the_world_ficus) Санджи -> Это че?
(1123494502, the_world_ficus) Санджи -> Нет сдох
(900409142, aki_neko) Аки -> Фыр фыр фыр
(900409142, aki_neko) Аки -> Злюка
(1123494502, the_world_ficus) Санджи -> Да
(1921573658, kotleni) шлюха -> Пиздец
(1921573658, kotleni) шлюха -> Рис
(1123494502, the_world_ficus) Санджи -> Твой файл не работет Витя
(900409142, aki_neko) Аки -> А
(1921573658, kotleni) шлюха -> Ты ещё на меня хуй забей
(900409142, aki_neko) Аки -> Не буду😶
(1921573658, kotleni) шлюха -> Норм
(900409142, aki_neko) Аки -> Зачем?
(900409142, aki_neko) Аки -> Да и хуя нет
(1123494502, the_world_ficus) Санджи -> Оооой все
(1921573658, kotleni) шлюха -> Все
(900409142, aki_neko) Аки -> Что ?????
(1123494502, the_world_ficus) Санджи -> Если хуя нету то пизда
(1921573658, kotleni) шлюха -> Ор
(900409142, aki_neko) Аки -> null
(1123494502, the_world_ficus) Санджи -> Ну как ты без хуя будешь жить
(1123494502, the_world_ficus) Санджи -> ?
(900409142, aki_neko) Аки -> Не нравится отдайте свой
(900409142, aki_neko) Аки -> 🥲
(1921573658, kotleni) шлюха -> Забирай
(1123494502, the_world_ficus) Санджи -> Ахахахах
(1123494502, the_world_ficus) Санджи -> Не
(1123494502, the_world_ficus) Санджи -> Он мне еще нужон
(1123494502, the_world_ficus) Санджи -> Хочу дочь
(1921573658, kotleni) шлюха -> Да
(1921573658, kotleni) шлюха -> Пизда вода холодная уже
(900409142, aki_neko) Аки -> Хотеть не вредено
(1123494502, the_world_ficus) Санджи -> Хсхахахпхп
(1123494502, the_world_ficus) Санджи -> Вылази
(1921573658, kotleni) шлюха -> По факту
(1123494502, the_world_ficus) Санджи -> Вы чо бля?
(1921573658, kotleni) шлюха -> Если смотреть правде в глаза
(1123494502, the_world_ficus) Санджи -> Хочешь сказать тв не хочешь
(1921573658, kotleni) шлюха -> То хочу зп 200к рублей
(1123494502, the_world_ficus) Санджи -> Бля
(1123494502, the_world_ficus) Санджи -> Я тоже
(1921573658, kotleni) шлюха -> Это реальная зп в айти
(1123494502, the_world_ficus) Санджи -> 10к долларов в месяц
(900409142, aki_neko) Аки -> Хочу но не в 17
(1123494502, the_world_ficus) Санджи -> Было бы круто
(1921573658, kotleni) шлюха -> В айти есть и 400к
(1123494502, the_world_ficus) Санджи -> Ну вот и не пизди на меня тогда
(1921573658, kotleni) шлюха -> Когда ты уже профи
(1123494502, the_world_ficus) Санджи -> Иди в юбисофт
(900409142, aki_neko) Аки -> Бе
(1123494502, the_world_ficus) Санджи -> Или беседку
(1921573658, kotleni) шлюха -> Пф
(1921573658, kotleni) шлюха -> Там пахать нужно
(1921573658, kotleni) шлюха -> Я тут за 60а
(1921573658, kotleni) шлюха -> 60к
(1921573658, kotleni) шлюха -> Хуи пинаю
(1123494502, the_world_ficus) Санджи -> Схсхсхсхха
(1123494502, the_world_ficus) Санджи -> Неплохо
(1921573658, kotleni) шлюха -> Реально
(1921573658, kotleni) шлюха -> За прошлую неделю
(1921573658, kotleni) шлюха -> Работал один день
(1123494502, the_world_ficus) Санджи -> Иди в команду разработки фаркрая
(1921573658, kotleni) шлюха -> Во субботу
(1123494502, the_world_ficus) Санджи -> Контр ц котр в
(1921573658, kotleni) шлюха -> Перед созвоном в четверг
(1921573658, kotleni) шлюха -> Ор
(1921573658, kotleni) шлюха -> А бота бы переписать этого чуток
(1921573658, kotleni) шлюха -> Плены в его работе появились
(1921573658, kotleni) шлюха -> Отойду на минут 5
(1123494502, the_world_ficus) Санджи -> Ок
(1123494502, the_world_ficus) Санджи -> Не спеши
(1123494502, the_world_ficus) Санджи -> Удачи
(1921573658, kotleni) шлюха -> Есть ещё тема, по пиару
(1921573658, kotleni) шлюха -> Мб потом расскажу как-то
(900409142, aki_neko) Аки -> А я в тетрис играю )
(1921573658, kotleni) шлюха -> Покажи
(900409142, aki_neko) Аки -> Та блин
(900409142, aki_neko) Аки -> null
(1921573658, kotleni) шлюха -> so?
(900409142, aki_neko) Аки -> Та блин
(1921573658, kotleni) шлюха -> мило
(900409142, aki_neko) Аки -> Я тут пишу сообщия а оно меня деактивирует
(900409142, aki_neko) Аки -> null
(1921573658, kotleni) шлюха -> всм
(1123494502, the_world_ficus) Санджи -> Хаахахахпхахпхахпхаххаах
(1921573658, kotleni) шлюха -> покажи
(1123494502, the_world_ficus) Санджи -> Не достойна просто
(1921573658, kotleni) шлюха -> или это антон балуется?)
(1123494502, the_world_ficus) Санджи -> Неа
(1123494502, the_world_ficus) Санджи -> Я лежу думаю как бы сдохнуть
(1921573658, kotleni) шлюха -> 😆
(1921573658, kotleni) шлюха -> почему?
(1921573658, kotleni) шлюха -> https://www.youtube.com/watch?v=Hev1X8fHcx4&list=RDHev1X8fHcx4&start_radio=1&rv=Hev1X8fHcx4&t=2
(1123494502, the_world_ficus) Санджи -> Хз
(1123494502, the_world_ficus) Санджи -> Просто
(1921573658, kotleni) шлюха -> null
(1921573658, kotleni) шлюха -> null
(900409142, aki_neko) Аки -> null
(1921573658, kotleni) шлюха -> null
(1921573658, kotleni) шлюха -> kjk====lol?
(1921573658, kotleni) шлюха -> null
(1123494502, the_world_ficus) Санджи -> null
(1123494502, the_world_ficus) Санджи -> Хуя се
(1921573658, kotleni) шлюха -> бот виснет по приколу шоле?(
(1123494502, the_world_ficus) Санджи -> Хз
(1921573658, kotleni) шлюха -> или телега ограничивать начала
(1123494502, the_world_ficus) Санджи -> Стикос отправился?
(1921573658, kotleni) шлюха -> killer queen
(1921573658, kotleni) шлюха -> null
(1123494502, the_world_ficus) Санджи -> null
(1921573658, kotleni) шлюха -> s
(1921573658, kotleni) шлюха -> я бота пока ебану
Storage loaded
Bot started
Storage loaded
Bot started
Storage loaded
Bot started
Storage loaded
Bot started
Storage loaded
Bot started
Storage loaded
Bot started
Storage loaded
Bot started
(1921573658, kotleni) шлюха -> 1
(1921573658, kotleni) шлюха -> d
(1123494502, the_world_ficus) Санджи -> Я спать
(1123494502, the_world_ficus) Санджи -> Всем спокойной ночи
(1921573658, kotleni) шлюха -> стой
(1921573658, kotleni) шлюха -> сладких снов там
(1921573658, kotleni) шлюха -> я бота переписал
(1921573658, kotleni) шлюха -> он теперь как пуля обрабатывает комманды
(1921573658, kotleni) шлюха -> и /help динамический
(900409142, aki_neko) Аки -> Сложно
(1921573658, kotleni) шлюха -> не сложно
(1921573658, kotleni) шлюха -> чем занимаешься?
Storage loaded
Bot started
Storage loaded
Bot started
(1037511261, valetyle) •~×.-°^°-.×~• -> Лол
(1921573658, kotleni) шлюха -> sssnake
Storage loaded
Bot started
(1921573658, kotleni) шлюха -> /broadcast LoL
(1037511261, valetyle) •~×.-°^°-.×~• -> |>•~×.-°^°-.×~•<|
(5064892092, misterfemida) gay_anal_sex -> |>•~×.-°^°-.×~•<|
(1037511261, valetyle) •~×.-°^°-.×~• -> Го спать а?
(1921573658, kotleni) шлюха -> нах
(1037511261, valetyle) •~×.-°^°-.×~• -> ВСЕМ СПОКОЙНОЙ НОЧИ 😘 СЛАДЕНЬКИЕ
(1921573658, kotleni) шлюха -> спок
(1037511261, valetyle) •~×.-°^°-.×~• -> null
(1037511261, valetyle) •~×.-°^°-.×~• -> null
(1037511261, valetyle) •~×.-°^°-.×~• -> null
(1037511261, valetyle) •~×.-°^°-.×~• -> null
(1921573658, kotleni) шлюха -> причина бана: флуд стикерами, загрузка бота
(1921573658, kotleni) шлюха -> а бля
(1921573658, kotleni) шлюха -> я не дописал бан
Storage loaded
Bot started
(1921573658, kotleni) шлюха -> 1
Storage loaded
Bot started
(1921573658, kotleni) шлюха -> /list null
(1037511261, valetyle) •~×.-°^°-.×~• -> Всмысле
(1037511261, valetyle) •~×.-°^°-.×~• -> Какой бан
(1921573658, kotleni) шлюха -> 4 стика подряд
(1921573658, kotleni) шлюха -> я просил не кидать много
(5064892092, misterfemida) gay_anal_sex -> Ладно
(5064892092, misterfemida) gay_anal_sex -> Не буду
(1921573658, kotleni) шлюха -> у бота сеть упала
(5064892092, misterfemida) gay_anal_sex -> Извини
(1921573658, kotleni) шлюха -> ок
(1916884035, FotikHi) ГЛ.Админ -> null
(1916884035, FotikHi) ГЛ.Админ -> null
(1921573658, kotleni) шлюха -> можешь
(1921573658, kotleni) шлюха -> не пытаться)
(900409142, aki_neko) Аки -> Лежала
(1921573658, kotleni) шлюха -> крутая ты)
(900409142, aki_neko) Аки -> Дааа
(900409142, aki_neko) Аки -> Болею вооот
(1921573658, kotleni) шлюха -> yt ,
(1921573658, kotleni) шлюха -> не болей там
(900409142, aki_neko) Аки -> Стараюсь
(1921573658, kotleni) шлюха -> молодец)
(1921573658, kotleni) шлюха -> парень лечит?
(1916884035, FotikHi) ГЛ.Админ -> Ку
(1921573658, kotleni) шлюха -> привет
(1916884035, FotikHi) ГЛ.Админ -> Давно не видились
(1916884035, FotikHi) ГЛ.Админ -> /help null
(1921573658, kotleni) шлюха -> да мы и не выделись)
(1916884035, FotikHi) ГЛ.Админ -> /me null
(1921573658, kotleni) шлюха -> null
(1916884035, FotikHi) ГЛ.Админ -> А бля1
(1916884035, FotikHi) ГЛ.Админ -> Ник не тот
(1916884035, FotikHi) ГЛ.Админ -> /nick Memhik
(1921573658, kotleni) шлюха -> тебя только я вижу)
(1916884035, FotikHi) ГЛ.Админ -> А чё я ник не могу поменять?
(1921573658, kotleni) шлюха -> у тебя же бан)
(1916884035, FotikHi) ГЛ.Админ -> Всм
(1916884035, FotikHi) ГЛ.Админ -> За шо
(1921573658, kotleni) шлюха -> за ник)
(1916884035, FotikHi) ГЛ.Админ -> Найс
(1916884035, FotikHi) ГЛ.Админ -> А как ты меня тогда видешь
(1921573658, kotleni) шлюха -> я еще не написал разбан
(1921573658, kotleni) шлюха -> так что жди минут 10
(1921573658, kotleni) шлюха -> я вижу тебя в консоли
(1916884035, FotikHi) ГЛ.Админ -> Ок
(1916884035, FotikHi) ГЛ.Админ -> Ааа
(1916884035, FotikHi) ГЛ.Админ -> Нацс
(1916884035, FotikHi) ГЛ.Админ -> Так я же пошутить
(1921573658, kotleni) шлюха -> ты не убрал
(1921573658, kotleni) шлюха -> ник просто
(1916884035, FotikHi) ГЛ.Админ -> Да я забыл
(1916884035, FotikHi) ГЛ.Админ -> Потом хотел
(1916884035, FotikHi) ГЛ.Админ -> Часа 3 назад
(1921573658, kotleni) шлюха -> )
(1916884035, FotikHi) ГЛ.Админ -> А оно не робило
(1916884035, FotikHi) ГЛ.Админ -> Да кста
(1921573658, kotleni) шлюха -> 😆
(1916884035, FotikHi) ГЛ.Админ -> А по чём сало та?
(1921573658, kotleni) шлюха -> 5грн за кусок
(1916884035, FotikHi) ГЛ.Админ -> А ты украинец
(1921573658, kotleni) шлюха -> da
(1916884035, FotikHi) ГЛ.Админ -> Ну значит сало должно быть качевтсвенное
(1921573658, kotleni) шлюха -> da
(1921573658, kotleni) шлюха -> сам ем
(1916884035, FotikHi) ГЛ.Админ -> Норм
(1916884035, FotikHi) ГЛ.Админ -> Ну я хз
(1916884035, FotikHi) ГЛ.Админ -> Давай 1кг
(1921573658, kotleni) шлюха -> хм
(2019031307, null) [Оповещение] -> /me null
(1921573658, kotleni) шлюха -> потом както
(1916884035, FotikHi) ГЛ.Админ -> Ок
(1916884035, FotikHi) ГЛ.Админ -> А где деньги на мак взял если не секрет?
(1921573658, kotleni) шлюха -> работаю
(1916884035, FotikHi) ГЛ.Админ -> Найс, удобно кодить?
(1921573658, kotleni) шлюха -> +100 к скорости
(1916884035, FotikHi) ГЛ.Админ -> Нормалёк
(1921573658, kotleni) шлюха -> +100 к привлекательности
(1921573658, kotleni) шлюха -> -1 к бомжу
(1916884035, FotikHi) ГЛ.Админ -> Ахах
(1916884035, FotikHi) ГЛ.Админ -> Я так думаю купить ссд накопить убунту, и начать нормально что то кодить
(1921573658, kotleni) шлюха -> 😆
(1916884035, FotikHi) ГЛ.Админ -> А то в пидройде не удобно
(1916884035, FotikHi) ГЛ.Админ -> А на винде библиотеки хер поставишь
Storage loaded
Bot started
(1916884035, FotikHi) ГЛ.Админ -> А чё за хост для бота? И на каком языке
(1921573658, kotleni) шлюха -> /pardon ГЛ.Админ
(1916884035, FotikHi) ГЛ.Админ -> /nick Memhik
(1373082981, Geroypo) Geroypo -> Л
(1921573658, kotleni) шлюха -> хост - мой ноут
(1921573658, kotleni) шлюха -> язык - kotlin
(1916884035, FotikHi) Memhik -> Кросс
(1916884035, FotikHi) Memhik -> Котлин котлин
(1916884035, FotikHi) Memhik -> Бля1 не помню
(1921573658, kotleni) шлюха -> я тут переписал систему коммнад
(1921573658, kotleni) шлюха -> смотри
(1916884035, FotikHi) Memhik -> Вроде чёт на подобии джавы
(1916884035, FotikHi) Memhik -> Смотрю
(1921573658, kotleni) шлюха -> котлин - джава после прокачки
(1921573658, kotleni) шлюха -> null
(1921573658, kotleni) шлюха -> пока костыли
(1921573658, kotleni) шлюха -> привет ООП
(1921573658, kotleni) шлюха -> null
(1921573658, kotleni) шлюха -> устал
(1921573658, kotleni) шлюха -> /help null
(1916884035, FotikHi) Memhik -> Типа это каждая команда в отдельном файле?
(1921573658, kotleni) шлюха -> da
(1921573658, kotleni) шлюха -> null
(1921573658, kotleni) шлюха -> /debug null
(5048008619, null) carine -> /help null
(5048008619, null) carine -> /list null
(1916884035, FotikHi) Memhik -> Ну в питоне это можно было всё в один файл сделать
(5048008619, null) carine -> /rate null
(1921573658, kotleni) шлюха -> та и тут можно
(1921573658, kotleni) шлюха -> но это не правильо
(1921573658, kotleni) шлюха -> и ужасно выглядит
(1916884035, FotikHi) Memhik -> Ты хотя бы эти команды в боте вводишь ? Или в консоле
(1921573658, kotleni) шлюха -> кста
(1921573658, kotleni) шлюха -> в боте)
(1921573658, kotleni) шлюха -> гляди
(1916884035, FotikHi) Memhik -> Можно продавать как следует
(1916884035, FotikHi) Memhik -> Найс
(1921573658, kotleni) шлюха -> null
(1921573658, kotleni) шлюха -> питон цензурит)
(1916884035, FotikHi) Memhik -> Хахаха
(1916884035, FotikHi) Memhik -> Гений
(1916884035, FotikHi) Memhik -> Лан я в майн погнал поиграю
(1916884035, FotikHi) Memhik -> Пока
(1921573658, kotleni) шлюха -> удачи
(1921573658, kotleni) шлюха -> завтра спишемся
(1921573658, kotleni) шлюха -> /me null
(1921573658, kotleni) шлюха -> /list null
(1921573658, kotleni) шлюха -> /deactivate шлюха
(1921573658, kotleni) шлюха -> /deactivate •~×.-°^°-.×~•
(1921573658, kotleni) шлюха -> /deactivate gay_anal_sex
(1921573658, kotleni) шлюха -> 1
(1921573658, kotleni) шлюха -> /list null
(1921573658, kotleni) шлюха -> /ban carine
(5048008619, null) carine -> О
(1921573658, kotleni) шлюха -> /pardon carine
(1921573658, kotleni) шлюха -> /sources null
Storage loaded
Bot started
(1921573658, kotleni) шлюха -> null
Storage loaded
Bot started
(1921573658, kotleni) шлюха -> null
(2014045010, kycb_r) Неко-нацист -> null
Storage loaded
Bot started
(1921573658, kotleni) шлюха -> a?
(1921573658, kotleni) шлюха -> null
Storage loaded
Bot started
(1921573658, kotleni) шлюха -> null
Storage loaded
Bot started
(1921573658, kotleni) шлюха -> null
Storage loaded
Bot started
(1921573658, kotleni) шлюха -> null
Storage loaded
Bot started
